20:39:19.538 Checking updates...
20:39:24.958 # Gridlastic Registration Test Specification
20:39:24.960 ## Gridlastic Registration Testing Scenario
20:39:24.962 * Setting up environment to run Android in Appium
20:39:40.180 * Navigate to Gridlastic Registration Page
20:39:46.105 * Validate the Gridlastic Registration Page title

20:39:46.108 * Register to Gridlastic using First Name, Last Name, Comapany, Work Email, Username and Password in the following table <table:/resources/gridlastic_registration_details.csv>
20:39:57.629 * Validate that the registration result is success

20:40:13.621 
Failed Step: Validate that the registration result is success
20:40:13.622 Specification: specs\GridlasticRegistration.spec:16
20:40:13.622 Error Message: java.lang.AssertionError: expected [true] but found [false]
20:40:13.622 Stacktrace: 
org.testng.Assert.fail(Assert.java:94)
org.testng.Assert.failNotEquals(Assert.java:494)
org.testng.Assert.assertTrue(Assert.java:42)
org.testng.Assert.assertTrue(Assert.java:52)
GridlasticRegistrationPage.validateRegistrationResult(GridlasticRegistrationPage.java:64)
stepImpl.GridlasticRegistrationScenario.validationOfRegistration(GridlasticRegistrationScenario.java:48)
sun.reflect.NativeMethodAccessorImpl.invoke0(Native Method)
sun.reflect.NativeMethodAccessorImpl.invoke(NativeMethodAccessorImpl.java:62)
sun.reflect.DelegatingMethodAccessorImpl.invoke(DelegatingMethodAccessorImpl.java:43)
java.lang.reflect.Method.invoke(Method.java:498)
com.thoughtworks.gauge.execution.MethodExecutor.execute(MethodExecutor.java:38)
com.thoughtworks.gauge.execution.StepExecutionStage.executeStepMethod(StepExecutionStage.java:74)
com.thoughtworks.gauge.execution.StepExecutionStage.executeStep(StepExecutionStage.java:67)
com.thoughtworks.gauge.execution.StepExecutionStage.execute(StepExecutionStage.java:49)
com.thoughtworks.gauge.execution.AbstractExecutionStage.executeNext(AbstractExecutionStage.java:24)
com.thoughtworks.gauge.execution.HookExecutionStage.execute(HookExecutionStage.java:43)
com.thoughtworks.gauge.execution.ExecutionPipeline.start(ExecutionPipeline.java:29)
com.thoughtworks.gauge.processor.ExecuteStepProcessor.process(ExecuteStepProcessor.java:39)
com.thoughtworks.gauge.connection.MessageDispatcher.dispatchMessages(MessageDispatcher.java:89)
com.thoughtworks.gauge.GaugeRuntime.dispatchMessages(GaugeRuntime.java:104)
com.thoughtworks.gauge.GaugeRuntime.access$100(GaugeRuntime.java:36)
com.thoughtworks.gauge.GaugeRuntime$2.run(GaugeRuntime.java:85)
java.lang.Thread.run(Thread.java:745)
20:40:13.622 * Closing the driver
20:40:15.585 Plugin [Html Report] with pid [3480] has exited
20:40:15.786 Specifications:	1 executed	0 passed	1 failed	0 skipped
20:40:15.786 Scenarios:	1 executed	0 passed	1 failed	0 skipped
20:40:15.786 
Total time taken: 50.53s
20:42:17.827 Checking updates...
20:42:22.670 # Gridlastic Registration Test Specification
20:42:22.672 ## Gridlastic Registration Testing Scenario
20:42:22.675 * Setting up environment to run Android in Appium
20:42:34.720 * Navigate to Gridlastic Registration Page
20:42:40.213 * Validate the Gridlastic Registration Page title

20:42:40.217 * Register to Gridlastic using First Name, Last Name, Comapany, Work Email, Username and Password in the following table <table:/resources/gridlastic_registration_details.csv>
20:42:57.763 * Validate that the registration result is success

20:43:13.649 
Failed Step: Validate that the registration result is success
20:43:13.649 Specification: specs\GridlasticRegistration.spec:16
20:43:13.649 Error Message: java.lang.AssertionError: expected [true] but found [false]
20:43:13.649 Stacktrace: 
org.testng.Assert.fail(Assert.java:94)
org.testng.Assert.failNotEquals(Assert.java:494)
org.testng.Assert.assertTrue(Assert.java:42)
org.testng.Assert.assertTrue(Assert.java:52)
GridlasticRegistrationPage.validateRegistrationResult(GridlasticRegistrationPage.java:64)
stepImpl.GridlasticRegistrationScenario.validationOfRegistration(GridlasticRegistrationScenario.java:48)
sun.reflect.NativeMethodAccessorImpl.invoke0(Native Method)
sun.reflect.NativeMethodAccessorImpl.invoke(NativeMethodAccessorImpl.java:62)
sun.reflect.DelegatingMethodAccessorImpl.invoke(DelegatingMethodAccessorImpl.java:43)
java.lang.reflect.Method.invoke(Method.java:498)
com.thoughtworks.gauge.execution.MethodExecutor.execute(MethodExecutor.java:38)
com.thoughtworks.gauge.execution.StepExecutionStage.executeStepMethod(StepExecutionStage.java:74)
com.thoughtworks.gauge.execution.StepExecutionStage.executeStep(StepExecutionStage.java:67)
com.thoughtworks.gauge.execution.StepExecutionStage.execute(StepExecutionStage.java:49)
com.thoughtworks.gauge.execution.AbstractExecutionStage.executeNext(AbstractExecutionStage.java:24)
com.thoughtworks.gauge.execution.HookExecutionStage.execute(HookExecutionStage.java:43)
com.thoughtworks.gauge.execution.ExecutionPipeline.start(ExecutionPipeline.java:29)
com.thoughtworks.gauge.processor.ExecuteStepProcessor.process(ExecuteStepProcessor.java:39)
com.thoughtworks.gauge.connection.MessageDispatcher.dispatchMessages(MessageDispatcher.java:89)
com.thoughtworks.gauge.GaugeRuntime.dispatchMessages(GaugeRuntime.java:104)
com.thoughtworks.gauge.GaugeRuntime.access$100(GaugeRuntime.java:36)
com.thoughtworks.gauge.GaugeRuntime$2.run(GaugeRuntime.java:85)
java.lang.Thread.run(Thread.java:745)
20:43:13.649 * Closing the driver
20:43:15.649 Plugin [Html Report] with pid [12512] has exited
20:43:15.751 Specifications:	1 executed	0 passed	1 failed	0 skipped
20:43:15.751 Scenarios:	1 executed	0 passed	1 failed	0 skipped
20:43:15.751 
Total time taken: 52.99s
21:30:14.250 Checking updates...
21:30:19.527 # Gridlastic Registration Test Specification
21:30:19.528 ## Gridlastic Registration Testing Scenario
21:30:19.531 * Setting up environment to run Android in Appium
21:30:34.004 * Navigate to Gridlastic Registration Page
21:30:40.510 * Validate the Gridlastic Registration Page title

21:30:40.513 * Register to Gridlastic using First Name, Last Name, Comapany, Work Email, Username and Password in the following table 

     |First Name|Last Name    |Comapany |Work Email                 |Username      |Password |
     |----------|-------------|---------|---------------------------|--------------|---------|
     |Osanda    |Deshan       |MaxSoft  |osanda.deshan21@mitrai.com |osandadeshan21|Osanda@92|
     |Gemunu    |Priyadarshana|Gemunu.lk|gpriyadarshana21@mitrai.com|gemunulk21    |Gemunu@89|
     |Eranga    |Heshan       |eyeSoft  |eranga.heshan21@wso2.com   |erangaheshan21|Eranga@93|
21:34:19.826 Checking updates...
21:34:25.791 # Gridlastic Registration Test Specification
21:34:25.792 ## Gridlastic Registration Testing Scenario
21:34:25.795 * Setting up environment to run Android in Appium

21:34:37.904 * Navigate to Gridlastic Registration Page
21:34:42.463 * Validate the Gridlastic Registration Page title
21:34:42.466 * Register to Gridlastic using First Name, Last Name, Comapany, Work Email, Username and Password in the following table 

     |First Name|Last Name    |Comapany |Work Email                 |Username      |Password |
     |----------|-------------|---------|---------------------------|--------------|---------|
     |Osanda    |Deshan       |MaxSoft  |osanda.deshan21@mitrai.com |osandadeshan21|Osanda@92|
     |Gemunu    |Priyadarshana|Gemunu.lk|gpriyadarshana21@mitrai.com|gemunulk21    |Gemunu@89|
     |Eranga    |Heshan       |eyeSoft  |eranga.heshan21@wso2.com   |erangaheshan21|Eranga@93|
21:41:41.606 Checking updates...
21:41:46.405 # Gridlastic Registration Test Specification
21:41:46.407 ## Gridlastic Registration Testing Scenario
21:41:46.409 * Setting up environment to run Android in Appium

21:41:58.605 * Navigate to Gridlastic Registration Page
21:42:04.362 * Validate the Gridlastic Registration Page title
21:42:04.365 * Register to Gridlastic using First Name, Last Name, Comapany, Work Email, Username and Password in the following table 

     |First Name|Last Name    |Comapany |Work Email                 |Username      |Password |
     |----------|-------------|---------|---------------------------|--------------|---------|
     |Osanda    |Deshan       |MaxSoft  |osanda.deshan22@mitrai.com |osandadeshan22|Osanda@92|
     |Gemunu    |Priyadarshana|Gemunu.lk|gpriyadarshana22@mitrai.com|gemunulk22    |Gemunu@89|
     |Eranga    |Heshan       |eyeSoft  |eranga.heshan22@wso2.com   |erangaheshan22|Eranga@93|
21:42:27.491 
Failed Step: Register to Gridlastic using First Name, Last Name, Comapany, Work Email, Username and Password in the following table
21:42:27.491 Specification: specs\GridlasticRegistration.spec:16
21:42:27.491 Error Message: Connection closed [127.0.0.1:60402] cause: read tcp 127.0.0.1:60396->127.0.0.1:60402: wsarecv: An existing connection was forcibly closed by the remote host.
21:42:27.491 Stacktrace: 
21:42:27.491 Error Message: write tcp 127.0.0.1:60396->127.0.0.1:60402: use of closed network connection
21:42:27.491 Stacktrace: 
21:42:27.491 * Closing the driver
21:42:27.492 Error Message: write tcp 127.0.0.1:60396->127.0.0.1:60402: use of closed network connection
21:42:27.492 Stacktrace: 
21:42:27.492 Error Message: write tcp 127.0.0.1:60396->127.0.0.1:60402: use of closed network connection
21:42:27.492 Stacktrace: 
21:42:27.492 Error Message: write tcp 127.0.0.1:60396->127.0.0.1:60402: use of closed network connection
21:42:27.492 Stacktrace: 
21:42:27.492 Error Message: write tcp 127.0.0.1:60396->127.0.0.1:60402: use of closed network connection
21:42:27.492 Stacktrace: 
21:42:27.497 Error Message: write tcp 127.0.0.1:60396->127.0.0.1:60402: use of closed network connection
21:42:27.497 Stacktrace: 
21:42:58.846 Checking updates...
21:43:09.753 Checking updates...
21:43:16.333 # Gridlastic Registration Test Specification
21:43:16.334 ## Gridlastic Registration Testing Scenario
21:43:16.336 * Setting up environment to run Android in Appium

21:43:18.244 
Failed Step: Setting up environment to run Android in Appium
21:43:18.244 Specification: specs\GridlasticRegistration.spec:8
21:43:18.244 Error Message: org.openqa.selenium.SessionNotCreatedException: A new session could not be created. Details: Problem getting session data for driver type AndroidDriver; does it implement 'get driverData'? (WARNING: The server did not provide any stacktrace information)
Command duration or timeout: 234 milliseconds
Build info: version: '2.46.0', revision: '61506a4624b13675f24581e453592342b7485d71', time: '2015-06-04 10:22:50'
System info: host: 'Mitrai-OsandaN', ip: '192.168.88.2', os.name: 'Windows 10', os.arch: 'amd64', os.version: '10.0', java.version: '1.8.0_121'
Driver info: io.appium.java_client.android.AndroidDriver
21:43:18.244 Stacktrace: 
sun.reflect.NativeConstructorAccessorImpl.newInstance0(Native Method)
sun.reflect.NativeConstructorAccessorImpl.newInstance(NativeConstructorAccessorImpl.java:62)
sun.reflect.DelegatingConstructorAccessorImpl.newInstance(DelegatingConstructorAccessorImpl.java:45)
java.lang.reflect.Constructor.newInstance(Constructor.java:423)
org.openqa.selenium.remote.ErrorHandler.createThrowable(ErrorHandler.java:204)
org.openqa.selenium.remote.ErrorHandler.throwIfResponseFailed(ErrorHandler.java:156)
org.openqa.selenium.remote.RemoteWebDriver.execute(RemoteWebDriver.java:605)
io.appium.java_client.DefaultGenericMobileDriver.execute(DefaultGenericMobileDriver.java:27)
io.appium.java_client.AppiumDriver.execute(AppiumDriver.java:1)
io.appium.java_client.android.AndroidDriver.execute(AndroidDriver.java:1)
org.openqa.selenium.remote.RemoteWebDriver.startSession(RemoteWebDriver.java:242)
org.openqa.selenium.remote.RemoteWebDriver.<init>(RemoteWebDriver.java:128)
org.openqa.selenium.remote.RemoteWebDriver.<init>(RemoteWebDriver.java:155)
io.appium.java_client.DefaultGenericMobileDriver.<init>(DefaultGenericMobileDriver.java:22)
io.appium.java_client.AppiumDriver.<init>(AppiumDriver.java:202)
io.appium.java_client.android.AndroidDriver.<init>(AndroidDriver.java:50)
stepImpl.AndroidSetup.prepareAndroidForAppium(AndroidSetup.java:49)
stepImpl.BasePageStepImpl.setUp(BasePageStepImpl.java:17)
sun.reflect.NativeMethodAccessorImpl.invoke0(Native Method)
sun.reflect.NativeMethodAccessorImpl.invoke(NativeMethodAccessorImpl.java:62)
sun.reflect.DelegatingMethodAccessorImpl.invoke(DelegatingMethodAccessorImpl.java:43)
java.lang.reflect.Method.invoke(Method.java:498)
com.thoughtworks.gauge.execution.MethodExecutor.execute(MethodExecutor.java:38)
com.thoughtworks.gauge.execution.StepExecutionStage.executeStepMethod(StepExecutionStage.java:74)
com.thoughtworks.gauge.execution.StepExecutionStage.executeStep(StepExecutionStage.java:67)
com.thoughtworks.gauge.execution.StepExecutionStage.execute(StepExecutionStage.java:49)
com.thoughtworks.gauge.execution.AbstractExecutionStage.executeNext(AbstractExecutionStage.java:24)
com.thoughtworks.gauge.execution.HookExecutionStage.execute(HookExecutionStage.java:43)
com.thoughtworks.gauge.execution.ExecutionPipeline.start(ExecutionPipeline.java:29)
com.thoughtworks.gauge.processor.ExecuteStepProcessor.process(ExecuteStepProcessor.java:39)
com.thoughtworks.gauge.connection.MessageDispatcher.dispatchMessages(MessageDispatcher.java:89)
com.thoughtworks.gauge.GaugeRuntime.dispatchMessages(GaugeRuntime.java:104)
com.thoughtworks.gauge.GaugeRuntime.access$100(GaugeRuntime.java:36)
com.thoughtworks.gauge.GaugeRuntime$2.run(GaugeRuntime.java:85)
java.lang.Thread.run(Thread.java:745)
21:43:18.245 * Closing the driver
21:43:18.512 
Failed Step: Closing the driver
21:43:18.513 Specification: specs\GridlasticRegistration.spec:27
21:43:18.513 Error Message: java.lang.NullPointerException
21:43:18.513 Stacktrace: 
stepImpl.BasePageStepImpl.after(BasePageStepImpl.java:27)
sun.reflect.NativeMethodAccessorImpl.invoke0(Native Method)
sun.reflect.NativeMethodAccessorImpl.invoke(NativeMethodAccessorImpl.java:62)
sun.reflect.DelegatingMethodAccessorImpl.invoke(DelegatingMethodAccessorImpl.java:43)
java.lang.reflect.Method.invoke(Method.java:498)
com.thoughtworks.gauge.execution.MethodExecutor.execute(MethodExecutor.java:38)
com.thoughtworks.gauge.execution.StepExecutionStage.executeStepMethod(StepExecutionStage.java:74)
com.thoughtworks.gauge.execution.StepExecutionStage.executeStep(StepExecutionStage.java:67)
com.thoughtworks.gauge.execution.StepExecutionStage.execute(StepExecutionStage.java:49)
com.thoughtworks.gauge.execution.AbstractExecutionStage.executeNext(AbstractExecutionStage.java:24)
com.thoughtworks.gauge.execution.HookExecutionStage.execute(HookExecutionStage.java:43)
com.thoughtworks.gauge.execution.ExecutionPipeline.start(ExecutionPipeline.java:29)
com.thoughtworks.gauge.processor.ExecuteStepProcessor.process(ExecuteStepProcessor.java:39)
com.thoughtworks.gauge.connection.MessageDispatcher.dispatchMessages(MessageDispatcher.java:89)
com.thoughtworks.gauge.GaugeRuntime.dispatchMessages(GaugeRuntime.java:104)
com.thoughtworks.gauge.GaugeRuntime.access$100(GaugeRuntime.java:36)
com.thoughtworks.gauge.GaugeRuntime$2.run(GaugeRuntime.java:85)
java.lang.Thread.run(Thread.java:745)
21:43:18.622 Plugin [Html Report] with pid [12228] has exited
21:43:19.049 Specifications:	1 executed	0 passed	1 failed	0 skipped
21:43:19.049 Scenarios:	1 executed	0 passed	1 failed	0 skipped
21:43:19.049 
Total time taken: 2.278s
21:43:43.045 Checking updates...
21:43:48.521 # Gridlastic Registration Test Specification
21:43:48.523 ## Gridlastic Registration Testing Scenario
21:43:48.525 * Setting up environment to run Android in Appium

21:44:15.243 * Navigate to Gridlastic Registration Page
21:44:20.900 * Validate the Gridlastic Registration Page title
21:44:20.909 * Register to Gridlastic using First Name, Last Name, Comapany, Work Email, Username and Password in the following table 

     |First Name|Last Name    |Comapany |Work Email                 |Username      |Password |
     |----------|-------------|---------|---------------------------|--------------|---------|
     |Osanda    |Deshan       |MaxSoft  |osanda.deshan22@maxsoft.com|osandadeshan22|Osanda@92|
     |Gemunu    |Priyadarshana|Gemunu.lk|gpriyadarshana22@mitrai.com|gemunulk22    |Gemunu@89|
     |Eranga    |Heshan       |eyeSoft  |eranga.heshan22@wso2.com   |erangaheshan22|Eranga@93|
21:44:57.266 
Failed Step: Register to Gridlastic using First Name, Last Name, Comapany, Work Email, Username and Password in the following table
21:44:57.266 Specification: specs\GridlasticRegistration.spec:16
21:44:57.266 Error Message: org.openqa.selenium.TimeoutException: Timed out after 15 seconds waiting for element to be clickable: Proxy element for: org.openqa.selenium.support.pagefactory.DefaultElementLocator@10055381
Build info: version: '2.46.0', revision: '61506a4624b13675f24581e453592342b7485d71', time: '2015-06-04 10:22:50'
System info: host: 'Mitrai-OsandaN', ip: '192.168.88.2', os.name: 'Windows 10', os.arch: 'amd64', os.version: '10.0', java.version: '1.8.0_121'
Driver info: io.appium.java_client.android.AndroidDriver
Capabilities [{deviceScreenSize=768x1280, networkConnectionEnabled=true, warnings={}, databaseEnabled=false, version=5.1.0, deviceName=192.168.88.101:5555, platform=ANDROID, deviceUDID=192.168.88.101:5555, desired={browserName=chrome, platformName=Android, version=5.1.0, deviceName=My phone, platform=ANDROID}, platformVersion=5.1, webStorageEnabled=false, locationContextEnabled=false, takesScreenshot=true, browserName=chrome, javascriptEnabled=true, deviceModel=Custom Phone - 5.1.0 - API 22 - 768x1280, platformName=Android, deviceManufacturer=unknown}]
Session ID: cce638b6-11a0-4668-acef-58d2572f74d1
21:44:57.266 Stacktrace: 
org.openqa.selenium.support.ui.WebDriverWait.timeoutException(WebDriverWait.java:80)
org.openqa.selenium.support.ui.FluentWait.until(FluentWait.java:229)
BasePage.waitForElementClickable(BasePage.java:16)
BasePage.setTextAs(BasePage.java:25)
GridlasticRegistrationPage.register(GridlasticRegistrationPage.java:38)
stepImpl.GridlasticRegistrationScenario.validateGridlasticRegistration(GridlasticRegistrationScenario.java:37)
sun.reflect.NativeMethodAccessorImpl.invoke0(Native Method)
sun.reflect.NativeMethodAccessorImpl.invoke(NativeMethodAccessorImpl.java:62)
sun.reflect.DelegatingMethodAccessorImpl.invoke(DelegatingMethodAccessorImpl.java:43)
java.lang.reflect.Method.invoke(Method.java:498)
com.thoughtworks.gauge.execution.MethodExecutor.execute(MethodExecutor.java:38)
com.thoughtworks.gauge.execution.StepExecutionStage.executeStepMethod(StepExecutionStage.java:74)
com.thoughtworks.gauge.execution.StepExecutionStage.executeStep(StepExecutionStage.java:67)
com.thoughtworks.gauge.execution.StepExecutionStage.execute(StepExecutionStage.java:49)
com.thoughtworks.gauge.execution.AbstractExecutionStage.executeNext(AbstractExecutionStage.java:24)
com.thoughtworks.gauge.execution.HookExecutionStage.execute(HookExecutionStage.java:43)
com.thoughtworks.gauge.execution.ExecutionPipeline.start(ExecutionPipeline.java:29)
com.thoughtworks.gauge.processor.ExecuteStepProcessor.process(ExecuteStepProcessor.java:39)
com.thoughtworks.gauge.connection.MessageDispatcher.dispatchMessages(MessageDispatcher.java:89)
com.thoughtworks.gauge.GaugeRuntime.dispatchMessages(GaugeRuntime.java:104)
com.thoughtworks.gauge.GaugeRuntime.access$100(GaugeRuntime.java:36)
com.thoughtworks.gauge.GaugeRuntime$2.run(GaugeRuntime.java:85)
java.lang.Thread.run(Thread.java:745)
21:44:57.266 * Closing the driver
21:44:59.267 Plugin [Html Report] with pid [9052] has exited
21:44:59.471 Specifications:	1 executed	0 passed	1 failed	0 skipped
21:44:59.471 Scenarios:	1 executed	0 passed	1 failed	0 skipped
21:44:59.471 
Total time taken: 1m10.749s
21:46:07.638 Checking updates...
21:46:12.263 # Gridlastic Registration Test Specification
21:46:12.264 ## Gridlastic Registration Testing Scenario
21:46:12.267 * Setting up environment to run Android in Appium
21:46:37.110 * Navigate to Gridlastic Registration Page
21:46:41.763 * Validate the Gridlastic Registration Page title

21:46:41.766 * Register to Gridlastic using First Name, Last Name, Comapany, Work Email, Username and Password in the following table 

     |First Name|Last Name    |Comapany |Work Email                 |Username      |Password |
     |----------|-------------|---------|---------------------------|--------------|---------|
     |Osanda    |Deshan       |MaxSoft  |osanda.deshan23@maxsoft.com|osandadeshan23|Osanda@92|
     |Gemunu    |Priyadarshana|Gemunu.lk|gpriyadarshana22@mitrai.com|gemunulk22    |Gemunu@89|
     |Eranga    |Heshan       |eyeSoft  |eranga.heshan22@wso2.com   |erangaheshan22|Eranga@93|
21:47:18.337 
Failed Step: Register to Gridlastic using First Name, Last Name, Comapany, Work Email, Username and Password in the following table
21:47:18.337 Specification: specs\GridlasticRegistration.spec:15
21:47:18.337 Error Message: org.openqa.selenium.TimeoutException: Timed out after 15 seconds waiting for element to be clickable: Proxy element for: org.openqa.selenium.support.pagefactory.DefaultElementLocator@78738c76
Build info: version: '2.46.0', revision: '61506a4624b13675f24581e453592342b7485d71', time: '2015-06-04 10:22:50'
System info: host: 'Mitrai-OsandaN', ip: '192.168.88.2', os.name: 'Windows 10', os.arch: 'amd64', os.version: '10.0', java.version: '1.8.0_121'
Driver info: io.appium.java_client.android.AndroidDriver
Capabilities [{deviceScreenSize=768x1280, networkConnectionEnabled=true, warnings={}, databaseEnabled=false, version=5.1.0, deviceName=192.168.88.101:5555, platform=ANDROID, deviceUDID=192.168.88.101:5555, desired={browserName=chrome, platformName=Android, version=5.1.0, deviceName=My phone, platform=ANDROID}, platformVersion=5.1, webStorageEnabled=false, locationContextEnabled=false, takesScreenshot=true, browserName=chrome, javascriptEnabled=true, deviceModel=Custom Phone - 5.1.0 - API 22 - 768x1280, platformName=Android, deviceManufacturer=unknown}]
Session ID: 21190949-0d28-478a-9a0f-65a720043ba3
21:47:18.337 Stacktrace: 
org.openqa.selenium.support.ui.WebDriverWait.timeoutException(WebDriverWait.java:80)
org.openqa.selenium.support.ui.FluentWait.until(FluentWait.java:229)
BasePage.waitForElementClickable(BasePage.java:16)
BasePage.setTextAs(BasePage.java:25)
GridlasticRegistrationPage.register(GridlasticRegistrationPage.java:38)
stepImpl.GridlasticRegistrationScenario.validateGridlasticRegistration(GridlasticRegistrationScenario.java:37)
sun.reflect.NativeMethodAccessorImpl.invoke0(Native Method)
sun.reflect.NativeMethodAccessorImpl.invoke(NativeMethodAccessorImpl.java:62)
sun.reflect.DelegatingMethodAccessorImpl.invoke(DelegatingMethodAccessorImpl.java:43)
java.lang.reflect.Method.invoke(Method.java:498)
com.thoughtworks.gauge.execution.MethodExecutor.execute(MethodExecutor.java:38)
com.thoughtworks.gauge.execution.StepExecutionStage.executeStepMethod(StepExecutionStage.java:74)
com.thoughtworks.gauge.execution.StepExecutionStage.executeStep(StepExecutionStage.java:67)
com.thoughtworks.gauge.execution.StepExecutionStage.execute(StepExecutionStage.java:49)
com.thoughtworks.gauge.execution.AbstractExecutionStage.executeNext(AbstractExecutionStage.java:24)
com.thoughtworks.gauge.execution.HookExecutionStage.execute(HookExecutionStage.java:43)
com.thoughtworks.gauge.execution.ExecutionPipeline.start(ExecutionPipeline.java:29)
com.thoughtworks.gauge.processor.ExecuteStepProcessor.process(ExecuteStepProcessor.java:39)
com.thoughtworks.gauge.connection.MessageDispatcher.dispatchMessages(MessageDispatcher.java:89)
com.thoughtworks.gauge.GaugeRuntime.dispatchMessages(GaugeRuntime.java:104)
com.thoughtworks.gauge.GaugeRuntime.access$100(GaugeRuntime.java:36)
com.thoughtworks.gauge.GaugeRuntime$2.run(GaugeRuntime.java:85)
java.lang.Thread.run(Thread.java:745)
21:47:18.337 * Closing the driver
21:47:20.358 Plugin [Html Report] with pid [13116] has exited
21:47:20.459 Specifications:	1 executed	0 passed	1 failed	0 skipped
21:47:20.459 Scenarios:	1 executed	0 passed	1 failed	0 skipped
21:47:20.459 
Total time taken: 1m8.09s
21:49:00.059 Checking updates...
21:49:04.951 # Gridlastic Registration Test Specification
21:49:04.953 ## Gridlastic Registration Testing Scenario
21:49:04.956 * Setting up environment to run Android in Appium
21:49:19.447 * Navigate to Gridlastic Registration Page
21:49:25.012 * Validate the Gridlastic Registration Page title

21:49:25.015 * Register to Gridlastic using First Name, Last Name, Comapany, Work Email, Username and Password in the following table 

     |First Name|Last Name    |Comapany |Work Email                 |Username      |Password |
     |----------|-------------|---------|---------------------------|--------------|---------|
     |Osanda    |Deshan       |MaxSoft  |osanda.deshan20@maxsoft.com|osandadeshan20|Osanda@92|
     |Gemunu    |Priyadarshana|Gemunu.lk|gpriyadarshana20@mitrai.com|gemunulk20    |Gemunu@89|
     |Eranga    |Heshan       |eyeSoft  |eranga.heshan20@wso2.com   |erangaheshan20|Eranga@93|
21:50:00.869 
Failed Step: Register to Gridlastic using First Name, Last Name, Comapany, Work Email, Username and Password in the following table
21:50:00.870 Specification: specs\GridlasticRegistration.spec:15
21:50:00.870 Error Message: org.openqa.selenium.TimeoutException: Timed out after 15 seconds waiting for element to be clickable: Proxy element for: org.openqa.selenium.support.pagefactory.DefaultElementLocator@59260c8a
Build info: version: '2.46.0', revision: '61506a4624b13675f24581e453592342b7485d71', time: '2015-06-04 10:22:50'
System info: host: 'Mitrai-OsandaN', ip: '192.168.88.2', os.name: 'Windows 10', os.arch: 'amd64', os.version: '10.0', java.version: '1.8.0_121'
Driver info: io.appium.java_client.android.AndroidDriver
Capabilities [{deviceScreenSize=768x1280, networkConnectionEnabled=true, warnings={}, databaseEnabled=false, version=5.1.0, deviceName=192.168.88.101:5555, platform=ANDROID, deviceUDID=192.168.88.101:5555, desired={browserName=chrome, platformName=Android, version=5.1.0, deviceName=My phone, platform=ANDROID}, platformVersion=5.1, webStorageEnabled=false, locationContextEnabled=false, takesScreenshot=true, browserName=chrome, javascriptEnabled=true, deviceModel=Custom Phone - 5.1.0 - API 22 - 768x1280, platformName=Android, deviceManufacturer=unknown}]
Session ID: aadf06f8-1c87-4e98-af3b-03f1cc651c5c
21:50:00.870 Stacktrace: 
org.openqa.selenium.support.ui.WebDriverWait.timeoutException(WebDriverWait.java:80)
org.openqa.selenium.support.ui.FluentWait.until(FluentWait.java:229)
BasePage.waitForElementClickable(BasePage.java:16)
BasePage.setTextAs(BasePage.java:25)
GridlasticRegistrationPage.register(GridlasticRegistrationPage.java:38)
stepImpl.GridlasticRegistrationScenario.validateGridlasticRegistration(GridlasticRegistrationScenario.java:37)
sun.reflect.NativeMethodAccessorImpl.invoke0(Native Method)
sun.reflect.NativeMethodAccessorImpl.invoke(NativeMethodAccessorImpl.java:62)
sun.reflect.DelegatingMethodAccessorImpl.invoke(DelegatingMethodAccessorImpl.java:43)
java.lang.reflect.Method.invoke(Method.java:498)
com.thoughtworks.gauge.execution.MethodExecutor.execute(MethodExecutor.java:38)
com.thoughtworks.gauge.execution.StepExecutionStage.executeStepMethod(StepExecutionStage.java:74)
com.thoughtworks.gauge.execution.StepExecutionStage.executeStep(StepExecutionStage.java:67)
com.thoughtworks.gauge.execution.StepExecutionStage.execute(StepExecutionStage.java:49)
com.thoughtworks.gauge.execution.AbstractExecutionStage.executeNext(AbstractExecutionStage.java:24)
com.thoughtworks.gauge.execution.HookExecutionStage.execute(HookExecutionStage.java:43)
com.thoughtworks.gauge.execution.ExecutionPipeline.start(ExecutionPipeline.java:29)
com.thoughtworks.gauge.processor.ExecuteStepProcessor.process(ExecuteStepProcessor.java:39)
com.thoughtworks.gauge.connection.MessageDispatcher.dispatchMessages(MessageDispatcher.java:89)
com.thoughtworks.gauge.GaugeRuntime.dispatchMessages(GaugeRuntime.java:104)
com.thoughtworks.gauge.GaugeRuntime.access$100(GaugeRuntime.java:36)
com.thoughtworks.gauge.GaugeRuntime$2.run(GaugeRuntime.java:85)
java.lang.Thread.run(Thread.java:745)
21:50:00.870 * Navigate to Gridlastic Registration Page
21:50:02.943 * Closing the driver
21:50:04.879 Plugin [Html Report] with pid [13404] has exited
21:50:05.087 Specifications:	1 executed	0 passed	1 failed	0 skipped
21:50:05.087 Scenarios:	1 executed	0 passed	1 failed	0 skipped
21:50:05.087 
Total time taken: 59.941s
21:51:03.050 Checking updates...
21:51:08.091 # Gridlastic Registration Test Specification
21:51:08.093 ## Gridlastic Registration Testing Scenario
21:51:08.095 * Setting up environment to run Android in Appium
21:51:32.939 * Navigate to Gridlastic Registration Page
21:51:39.104 * Validate the Gridlastic Registration Page title

21:51:39.107 * Register to Gridlastic using First Name, Last Name, Comapany, Work Email, Username and Password in the following table 

     |First Name|Last Name    |Comapany |Work Email                 |Username      |Password |
     |----------|-------------|---------|---------------------------|--------------|---------|
     |Osanda    |Deshan       |MaxSoft  |osanda.deshan24@maxsoft.com|osandadeshan24|Osanda@92|
     |Gemunu    |Priyadarshana|Gemunu.lk|gpriyadarshana20@mitrai.com|gemunulk20    |Gemunu@89|
     |Eranga    |Heshan       |eyeSoft  |eranga.heshan20@wso2.com   |erangaheshan20|Eranga@93|
21:52:16.739 
Failed Step: Register to Gridlastic using First Name, Last Name, Comapany, Work Email, Username and Password in the following table
21:52:16.739 Specification: specs\GridlasticRegistration.spec:15
21:52:16.739 Error Message: org.openqa.selenium.TimeoutException: Timed out after 15 seconds waiting for element to be clickable: Proxy element for: org.openqa.selenium.support.pagefactory.DefaultElementLocator@690fe3ce
Build info: version: '2.46.0', revision: '61506a4624b13675f24581e453592342b7485d71', time: '2015-06-04 10:22:50'
System info: host: 'Mitrai-OsandaN', ip: '192.168.88.2', os.name: 'Windows 10', os.arch: 'amd64', os.version: '10.0', java.version: '1.8.0_121'
Driver info: io.appium.java_client.android.AndroidDriver
Capabilities [{deviceScreenSize=768x1280, networkConnectionEnabled=true, warnings={}, databaseEnabled=false, version=5.1.0, deviceName=192.168.88.101:5555, platform=ANDROID, deviceUDID=192.168.88.101:5555, desired={browserName=chrome, platformName=Android, version=5.1.0, deviceName=My phone, platform=ANDROID}, platformVersion=5.1, webStorageEnabled=false, locationContextEnabled=false, takesScreenshot=true, browserName=chrome, javascriptEnabled=true, deviceModel=Custom Phone - 5.1.0 - API 22 - 768x1280, platformName=Android, deviceManufacturer=unknown}]
Session ID: 250a5897-d7a6-42c2-a702-5d05c9d3bf1f
21:52:16.739 Stacktrace: 
org.openqa.selenium.support.ui.WebDriverWait.timeoutException(WebDriverWait.java:80)
org.openqa.selenium.support.ui.FluentWait.until(FluentWait.java:229)
BasePage.waitForElementClickable(BasePage.java:16)
BasePage.setTextAs(BasePage.java:25)
GridlasticRegistrationPage.register(GridlasticRegistrationPage.java:38)
stepImpl.GridlasticRegistrationScenario.validateGridlasticRegistration(GridlasticRegistrationScenario.java:37)
sun.reflect.NativeMethodAccessorImpl.invoke0(Native Method)
sun.reflect.NativeMethodAccessorImpl.invoke(NativeMethodAccessorImpl.java:62)
sun.reflect.DelegatingMethodAccessorImpl.invoke(DelegatingMethodAccessorImpl.java:43)
java.lang.reflect.Method.invoke(Method.java:498)
com.thoughtworks.gauge.execution.MethodExecutor.execute(MethodExecutor.java:38)
com.thoughtworks.gauge.execution.StepExecutionStage.executeStepMethod(StepExecutionStage.java:74)
com.thoughtworks.gauge.execution.StepExecutionStage.executeStep(StepExecutionStage.java:67)
com.thoughtworks.gauge.execution.StepExecutionStage.execute(StepExecutionStage.java:49)
com.thoughtworks.gauge.execution.AbstractExecutionStage.executeNext(AbstractExecutionStage.java:24)
com.thoughtworks.gauge.execution.HookExecutionStage.execute(HookExecutionStage.java:43)
com.thoughtworks.gauge.execution.ExecutionPipeline.start(ExecutionPipeline.java:29)
com.thoughtworks.gauge.processor.ExecuteStepProcessor.process(ExecuteStepProcessor.java:39)
com.thoughtworks.gauge.connection.MessageDispatcher.dispatchMessages(MessageDispatcher.java:89)
com.thoughtworks.gauge.GaugeRuntime.dispatchMessages(GaugeRuntime.java:104)
com.thoughtworks.gauge.GaugeRuntime.access$100(GaugeRuntime.java:36)
com.thoughtworks.gauge.GaugeRuntime$2.run(GaugeRuntime.java:85)
java.lang.Thread.run(Thread.java:745)
21:52:16.739 * Navigate to Gridlastic Registration Page
21:52:19.109 Plugin [Html Report] with pid [8904] has exited
21:52:19.312 Specifications:	1 executed	0 passed	1 failed	0 skipped
21:52:19.312 Scenarios:	1 executed	0 passed	1 failed	0 skipped
21:52:19.312 
Total time taken: 1m11.022s
22:10:36.185 Checking updates...
22:10:40.536 # Gridlastic Registration Test Specification
22:10:40.537 ## Gridlastic Registration Testing Scenario
22:10:40.539 * Setting up environment to run Android in Appium
22:10:53.292 * Navigate to Gridlastic Registration Page
22:10:59.373 * Validate the Gridlastic Registration Page title

22:10:59.376 * Register to Gridlastic using First Name, Last Name, Comapany, Work Email, Username and Password in the following table 

     |First Name|Last Name    |Comapany |Work Email                 |Username      |Password |
     |----------|-------------|---------|---------------------------|--------------|---------|
     |Osanda    |Deshan       |MaxSoft  |osanda.deshan24@maxsoft.com|osandadeshan24|Osanda@92|
     |Gemunu    |Priyadarshana|Gemunu.lk|gpriyadarshana20@mitrai.com|gemunulk20    |Gemunu@89|
     |Eranga    |Heshan       |eyeSoft  |eranga.heshan20@wso2.com   |erangaheshan20|Eranga@93|
22:11:31.546 Checking updates...
22:11:39.013 # Gridlastic Registration Test Specification
22:11:39.014 ## Gridlastic Registration Testing Scenario
22:11:39.016 * Setting up environment to run Android in Appium
22:11:40.719 
Failed Step: Setting up environment to run Android in Appium
22:11:40.720 Specification: specs\GridlasticRegistration.spec:8
22:11:40.720 Error Message: org.openqa.selenium.SessionNotCreatedException: A new session could not be created. Details: Problem getting session data for driver type AndroidDriver; does it implement 'get driverData'? (WARNING: The server did not provide any stacktrace information)
Command duration or timeout: 215 milliseconds
Build info: version: '2.46.0', revision: '61506a4624b13675f24581e453592342b7485d71', time: '2015-06-04 10:22:50'
System info: host: 'Mitrai-OsandaN', ip: '192.168.88.2', os.name: 'Windows 10', os.arch: 'amd64', os.version: '10.0', java.version: '1.8.0_121'
Driver info: io.appium.java_client.android.AndroidDriver
22:11:40.720 Stacktrace: 
sun.reflect.NativeConstructorAccessorImpl.newInstance0(Native Method)
sun.reflect.NativeConstructorAccessorImpl.newInstance(NativeConstructorAccessorImpl.java:62)
sun.reflect.DelegatingConstructorAccessorImpl.newInstance(DelegatingConstructorAccessorImpl.java:45)
java.lang.reflect.Constructor.newInstance(Constructor.java:423)
org.openqa.selenium.remote.ErrorHandler.createThrowable(ErrorHandler.java:204)
org.openqa.selenium.remote.ErrorHandler.throwIfResponseFailed(ErrorHandler.java:156)
org.openqa.selenium.remote.RemoteWebDriver.execute(RemoteWebDriver.java:605)
io.appium.java_client.DefaultGenericMobileDriver.execute(DefaultGenericMobileDriver.java:27)
io.appium.java_client.AppiumDriver.execute(AppiumDriver.java:1)
io.appium.java_client.android.AndroidDriver.execute(AndroidDriver.java:1)
org.openqa.selenium.remote.RemoteWebDriver.startSession(RemoteWebDriver.java:242)
org.openqa.selenium.remote.RemoteWebDriver.<init>(RemoteWebDriver.java:128)
org.openqa.selenium.remote.RemoteWebDriver.<init>(RemoteWebDriver.java:155)
io.appium.java_client.DefaultGenericMobileDriver.<init>(DefaultGenericMobileDriver.java:22)
io.appium.java_client.AppiumDriver.<init>(AppiumDriver.java:202)
io.appium.java_client.android.AndroidDriver.<init>(AndroidDriver.java:50)
stepImpl.AndroidSetup.prepareAndroidForAppium(AndroidSetup.java:49)
stepImpl.BasePageStepImpl.setUp(BasePageStepImpl.java:17)
sun.reflect.NativeMethodAccessorImpl.invoke0(Native Method)
sun.reflect.NativeMethodAccessorImpl.invoke(NativeMethodAccessorImpl.java:62)
sun.reflect.DelegatingMethodAccessorImpl.invoke(DelegatingMethodAccessorImpl.java:43)
java.lang.reflect.Method.invoke(Method.java:498)
com.thoughtworks.gauge.execution.MethodExecutor.execute(MethodExecutor.java:38)
com.thoughtworks.gauge.execution.StepExecutionStage.executeStepMethod(StepExecutionStage.java:74)
com.thoughtworks.gauge.execution.StepExecutionStage.executeStep(StepExecutionStage.java:67)
com.thoughtworks.gauge.execution.StepExecutionStage.execute(StepExecutionStage.java:49)
com.thoughtworks.gauge.execution.AbstractExecutionStage.executeNext(AbstractExecutionStage.java:24)
com.thoughtworks.gauge.execution.HookExecutionStage.execute(HookExecutionStage.java:43)
com.thoughtworks.gauge.execution.ExecutionPipeline.start(ExecutionPipeline.java:29)
com.thoughtworks.gauge.processor.ExecuteStepProcessor.process(ExecuteStepProcessor.java:39)
com.thoughtworks.gauge.connection.MessageDispatcher.dispatchMessages(MessageDispatcher.java:89)
com.thoughtworks.gauge.GaugeRuntime.dispatchMessages(GaugeRuntime.java:104)
com.thoughtworks.gauge.GaugeRuntime.access$100(GaugeRuntime.java:36)
com.thoughtworks.gauge.GaugeRuntime$2.run(GaugeRuntime.java:85)
java.lang.Thread.run(Thread.java:745)
22:11:40.720 * Navigate to Gridlastic Registration Page
22:11:41.071 
Failed Step: Navigate to Gridlastic Registration Page
22:11:41.071 Specification: specs\GridlasticRegistration.spec:26
22:11:41.071 Error Message: java.lang.NullPointerException
22:11:41.071 Stacktrace: 
GridlasticRegistrationPage.navigateToGridlasticRegistrationPage(GridlasticRegistrationPage.java:28)
stepImpl.GridlasticRegistrationScenario.goToFacebook(GridlasticRegistrationScenario.java:22)
sun.reflect.NativeMethodAccessorImpl.invoke0(Native Method)
sun.reflect.NativeMethodAccessorImpl.invoke(NativeMethodAccessorImpl.java:62)
sun.reflect.DelegatingMethodAccessorImpl.invoke(DelegatingMethodAccessorImpl.java:43)
java.lang.reflect.Method.invoke(Method.java:498)
com.thoughtworks.gauge.execution.MethodExecutor.execute(MethodExecutor.java:38)
com.thoughtworks.gauge.execution.StepExecutionStage.executeStepMethod(StepExecutionStage.java:74)
com.thoughtworks.gauge.execution.StepExecutionStage.executeStep(StepExecutionStage.java:67)
com.thoughtworks.gauge.execution.StepExecutionStage.execute(StepExecutionStage.java:49)
com.thoughtworks.gauge.execution.AbstractExecutionStage.executeNext(AbstractExecutionStage.java:24)
com.thoughtworks.gauge.execution.HookExecutionStage.execute(HookExecutionStage.java:43)
com.thoughtworks.gauge.execution.ExecutionPipeline.start(ExecutionPipeline.java:29)
com.thoughtworks.gauge.processor.ExecuteStepProcessor.process(ExecuteStepProcessor.java:39)
com.thoughtworks.gauge.connection.MessageDispatcher.dispatchMessages(MessageDispatcher.java:89)
com.thoughtworks.gauge.GaugeRuntime.dispatchMessages(GaugeRuntime.java:104)
com.thoughtworks.gauge.GaugeRuntime.access$100(GaugeRuntime.java:36)
com.thoughtworks.gauge.GaugeRuntime$2.run(GaugeRuntime.java:85)
java.lang.Thread.run(Thread.java:745)
22:11:41.183 Plugin [Html Report] with pid [13184] has exited
22:11:41.592 Specifications:	1 executed	0 passed	1 failed	0 skipped
22:11:41.592 Scenarios:	1 executed	0 passed	1 failed	0 skipped
22:11:41.592 
Total time taken: 2.173s
22:11:52.724 Checking updates...
22:11:59.819 # Gridlastic Registration Test Specification
22:11:59.821 ## Gridlastic Registration Testing Scenario
22:11:59.824 * Setting up environment to run Android in Appium
22:12:01.510 
Failed Step: Setting up environment to run Android in Appium
22:12:01.510 Specification: specs\GridlasticRegistration.spec:8
22:12:01.510 Error Message: org.openqa.selenium.SessionNotCreatedException: A new session could not be created. Details: Problem getting session data for driver type AndroidDriver; does it implement 'get driverData'? (WARNING: The server did not provide any stacktrace information)
Command duration or timeout: 187 milliseconds
Build info: version: '2.46.0', revision: '61506a4624b13675f24581e453592342b7485d71', time: '2015-06-04 10:22:50'
System info: host: 'Mitrai-OsandaN', ip: '192.168.88.2', os.name: 'Windows 10', os.arch: 'amd64', os.version: '10.0', java.version: '1.8.0_121'
Driver info: io.appium.java_client.android.AndroidDriver
22:12:01.510 Stacktrace: 
sun.reflect.NativeConstructorAccessorImpl.newInstance0(Native Method)
sun.reflect.NativeConstructorAccessorImpl.newInstance(NativeConstructorAccessorImpl.java:62)
sun.reflect.DelegatingConstructorAccessorImpl.newInstance(DelegatingConstructorAccessorImpl.java:45)
java.lang.reflect.Constructor.newInstance(Constructor.java:423)
org.openqa.selenium.remote.ErrorHandler.createThrowable(ErrorHandler.java:204)
org.openqa.selenium.remote.ErrorHandler.throwIfResponseFailed(ErrorHandler.java:156)
org.openqa.selenium.remote.RemoteWebDriver.execute(RemoteWebDriver.java:605)
io.appium.java_client.DefaultGenericMobileDriver.execute(DefaultGenericMobileDriver.java:27)
io.appium.java_client.AppiumDriver.execute(AppiumDriver.java:1)
io.appium.java_client.android.AndroidDriver.execute(AndroidDriver.java:1)
org.openqa.selenium.remote.RemoteWebDriver.startSession(RemoteWebDriver.java:242)
org.openqa.selenium.remote.RemoteWebDriver.<init>(RemoteWebDriver.java:128)
org.openqa.selenium.remote.RemoteWebDriver.<init>(RemoteWebDriver.java:155)
io.appium.java_client.DefaultGenericMobileDriver.<init>(DefaultGenericMobileDriver.java:22)
io.appium.java_client.AppiumDriver.<init>(AppiumDriver.java:202)
io.appium.java_client.android.AndroidDriver.<init>(AndroidDriver.java:50)
stepImpl.AndroidSetup.prepareAndroidForAppium(AndroidSetup.java:49)
stepImpl.BasePageStepImpl.setUp(BasePageStepImpl.java:17)
sun.reflect.NativeMethodAccessorImpl.invoke0(Native Method)
sun.reflect.NativeMethodAccessorImpl.invoke(NativeMethodAccessorImpl.java:62)
sun.reflect.DelegatingMethodAccessorImpl.invoke(DelegatingMethodAccessorImpl.java:43)
java.lang.reflect.Method.invoke(Method.java:498)
com.thoughtworks.gauge.execution.MethodExecutor.execute(MethodExecutor.java:38)
com.thoughtworks.gauge.execution.StepExecutionStage.executeStepMethod(StepExecutionStage.java:74)
com.thoughtworks.gauge.execution.StepExecutionStage.executeStep(StepExecutionStage.java:67)
com.thoughtworks.gauge.execution.StepExecutionStage.execute(StepExecutionStage.java:49)
com.thoughtworks.gauge.execution.AbstractExecutionStage.executeNext(AbstractExecutionStage.java:24)
com.thoughtworks.gauge.execution.HookExecutionStage.execute(HookExecutionStage.java:43)
com.thoughtworks.gauge.execution.ExecutionPipeline.start(ExecutionPipeline.java:29)
com.thoughtworks.gauge.processor.ExecuteStepProcessor.process(ExecuteStepProcessor.java:39)
com.thoughtworks.gauge.connection.MessageDispatcher.dispatchMessages(MessageDispatcher.java:89)
com.thoughtworks.gauge.GaugeRuntime.dispatchMessages(GaugeRuntime.java:104)
com.thoughtworks.gauge.GaugeRuntime.access$100(GaugeRuntime.java:36)
com.thoughtworks.gauge.GaugeRuntime$2.run(GaugeRuntime.java:85)
java.lang.Thread.run(Thread.java:745)
22:12:01.510 * Navigate to Gridlastic Registration Page
22:12:01.837 
Failed Step: Navigate to Gridlastic Registration Page
22:12:01.837 Specification: specs\GridlasticRegistration.spec:26
22:12:01.837 Error Message: java.lang.NullPointerException
22:12:01.837 Stacktrace: 
GridlasticRegistrationPage.navigateToGridlasticRegistrationPage(GridlasticRegistrationPage.java:28)
stepImpl.GridlasticRegistrationScenario.goToFacebook(GridlasticRegistrationScenario.java:22)
sun.reflect.NativeMethodAccessorImpl.invoke0(Native Method)
sun.reflect.NativeMethodAccessorImpl.invoke(NativeMethodAccessorImpl.java:62)
sun.reflect.DelegatingMethodAccessorImpl.invoke(DelegatingMethodAccessorImpl.java:43)
java.lang.reflect.Method.invoke(Method.java:498)
com.thoughtworks.gauge.execution.MethodExecutor.execute(MethodExecutor.java:38)
com.thoughtworks.gauge.execution.StepExecutionStage.executeStepMethod(StepExecutionStage.java:74)
com.thoughtworks.gauge.execution.StepExecutionStage.executeStep(StepExecutionStage.java:67)
com.thoughtworks.gauge.execution.StepExecutionStage.execute(StepExecutionStage.java:49)
com.thoughtworks.gauge.execution.AbstractExecutionStage.executeNext(AbstractExecutionStage.java:24)
com.thoughtworks.gauge.execution.HookExecutionStage.execute(HookExecutionStage.java:43)
com.thoughtworks.gauge.execution.ExecutionPipeline.start(ExecutionPipeline.java:29)
com.thoughtworks.gauge.processor.ExecuteStepProcessor.process(ExecuteStepProcessor.java:39)
com.thoughtworks.gauge.connection.MessageDispatcher.dispatchMessages(MessageDispatcher.java:89)
com.thoughtworks.gauge.GaugeRuntime.dispatchMessages(GaugeRuntime.java:104)
com.thoughtworks.gauge.GaugeRuntime.access$100(GaugeRuntime.java:36)
com.thoughtworks.gauge.GaugeRuntime$2.run(GaugeRuntime.java:85)
java.lang.Thread.run(Thread.java:745)
22:12:01.953 Plugin [Html Report] with pid [4472] has exited
22:12:02.360 Specifications:	1 executed	0 passed	1 failed	0 skipped
22:12:02.360 Scenarios:	1 executed	0 passed	1 failed	0 skipped
22:12:02.360 
Total time taken: 2.127s
22:12:26.336 Checking updates...
22:12:31.555 # Gridlastic Registration Test Specification
22:12:31.556 ## Gridlastic Registration Testing Scenario
22:12:31.558 * Setting up environment to run Android in Appium
22:12:56.381 * Navigate to Gridlastic Registration Page
22:13:01.736 * Validate the Gridlastic Registration Page title

22:13:01.741 * Register to Gridlastic using First Name, Last Name, Comapany, Work Email, Username and Password in the following table 

     |First Name|Last Name    |Comapany |Work Email                 |Username      |Password |
     |----------|-------------|---------|---------------------------|--------------|---------|
     |Osanda    |Deshan       |MaxSoft  |osanda.deshan25@maxsoft.com|osandadeshan25|Osanda@92|
     |Gemunu    |Priyadarshana|Gemunu.lk|gpriyadarshana20@mitrai.com|gemunulk20    |Gemunu@89|
     |Eranga    |Heshan       |eyeSoft  |eranga.heshan20@wso2.com   |erangaheshan20|Eranga@93|
22:13:46.876 
Failed Step: Register to Gridlastic using First Name, Last Name, Comapany, Work Email, Username and Password in the following table
22:13:46.876 Specification: specs\GridlasticRegistration.spec:15
22:13:46.876 Error Message: org.openqa.selenium.TimeoutException: Timed out after 15 seconds waiting for element to be clickable: Proxy element for: org.openqa.selenium.support.pagefactory.DefaultElementLocator@59260c8a
Build info: version: '2.46.0', revision: '61506a4624b13675f24581e453592342b7485d71', time: '2015-06-04 10:22:50'
System info: host: 'Mitrai-OsandaN', ip: '192.168.88.2', os.name: 'Windows 10', os.arch: 'amd64', os.version: '10.0', java.version: '1.8.0_121'
Driver info: io.appium.java_client.android.AndroidDriver
Capabilities [{deviceScreenSize=768x1280, networkConnectionEnabled=true, warnings={}, databaseEnabled=false, version=5.1.0, deviceName=192.168.88.101:5555, platform=ANDROID, deviceUDID=192.168.88.101:5555, desired={browserName=chrome, platformName=Android, version=5.1.0, deviceName=My phone, platform=ANDROID}, platformVersion=5.1, webStorageEnabled=false, locationContextEnabled=false, takesScreenshot=true, browserName=chrome, javascriptEnabled=true, deviceModel=Custom Phone - 5.1.0 - API 22 - 768x1280, platformName=Android, deviceManufacturer=unknown}]
Session ID: 730c4cec-fad6-4d48-b635-f5592acfb427
22:13:46.876 Stacktrace: 
org.openqa.selenium.support.ui.WebDriverWait.timeoutException(WebDriverWait.java:80)
org.openqa.selenium.support.ui.FluentWait.until(FluentWait.java:229)
BasePage.waitForElementClickable(BasePage.java:16)
BasePage.setTextAs(BasePage.java:25)
GridlasticRegistrationPage.register(GridlasticRegistrationPage.java:38)
stepImpl.GridlasticRegistrationScenario.validateGridlasticRegistration(GridlasticRegistrationScenario.java:37)
sun.reflect.NativeMethodAccessorImpl.invoke0(Native Method)
sun.reflect.NativeMethodAccessorImpl.invoke(NativeMethodAccessorImpl.java:62)
sun.reflect.DelegatingMethodAccessorImpl.invoke(DelegatingMethodAccessorImpl.java:43)
java.lang.reflect.Method.invoke(Method.java:498)
com.thoughtworks.gauge.execution.MethodExecutor.execute(MethodExecutor.java:38)
com.thoughtworks.gauge.execution.StepExecutionStage.executeStepMethod(StepExecutionStage.java:74)
com.thoughtworks.gauge.execution.StepExecutionStage.executeStep(StepExecutionStage.java:67)
com.thoughtworks.gauge.execution.StepExecutionStage.execute(StepExecutionStage.java:49)
com.thoughtworks.gauge.execution.AbstractExecutionStage.executeNext(AbstractExecutionStage.java:24)
com.thoughtworks.gauge.execution.HookExecutionStage.execute(HookExecutionStage.java:43)
com.thoughtworks.gauge.execution.ExecutionPipeline.start(ExecutionPipeline.java:29)
com.thoughtworks.gauge.processor.ExecuteStepProcessor.process(ExecuteStepProcessor.java:39)
com.thoughtworks.gauge.connection.MessageDispatcher.dispatchMessages(MessageDispatcher.java:89)
com.thoughtworks.gauge.GaugeRuntime.dispatchMessages(GaugeRuntime.java:104)
com.thoughtworks.gauge.GaugeRuntime.access$100(GaugeRuntime.java:36)
com.thoughtworks.gauge.GaugeRuntime$2.run(GaugeRuntime.java:85)
java.lang.Thread.run(Thread.java:745)
22:13:46.876 * Navigate to Gridlastic Registration Page
22:13:49.491 Plugin [Html Report] with pid [12484] has exited
22:13:49.699 Specifications:	1 executed	0 passed	1 failed	0 skipped
22:13:49.699 Scenarios:	1 executed	0 passed	1 failed	0 skipped
22:13:49.699 
Total time taken: 1m17.925s
22:15:05.163 Checking updates...
22:15:23.494 Checking updates...
22:15:29.001 # Gridlastic Registration Test Specification
22:15:29.003 ## Gridlastic Registration Testing Scenario
22:15:29.005 * Setting up environment to run Android in Appium
22:15:45.507 * Navigate to Gridlastic Registration Page
22:15:50.922 * Validate the Gridlastic Registration Page title

22:15:50.924 * Register to Gridlastic using First Name, Last Name, Comapany, Work Email, Username and Password in the following table 

     |First Name|Last Name    |Comapany |Work Email                 |Username      |Password |
     |----------|-------------|---------|---------------------------|--------------|---------|
     |Osanda    |Deshan       |MaxSoft  |osanda.deshan12@maxsoft.com|osandadeshan12|Osanda@92|
     |Gemunu    |Priyadarshana|Gemunu.lk|gpriyadarshana20@mitrai.com|gemunulk20    |Gemunu@89|
     |Eranga    |Heshan       |eyeSoft  |eranga.heshan20@wso2.com   |erangaheshan20|Eranga@93|
22:16:27.770 
Failed Step: Register to Gridlastic using First Name, Last Name, Comapany, Work Email, Username and Password in the following table
22:16:27.770 Specification: specs\GridlasticRegistration.spec:15
22:16:27.771 Error Message: org.openqa.selenium.TimeoutException: Timed out after 15 seconds waiting for element to be clickable: Proxy element for: org.openqa.selenium.support.pagefactory.DefaultElementLocator@7bc340e1
Build info: version: '2.46.0', revision: '61506a4624b13675f24581e453592342b7485d71', time: '2015-06-04 10:22:50'
System info: host: 'Mitrai-OsandaN', ip: '192.168.88.2', os.name: 'Windows 10', os.arch: 'amd64', os.version: '10.0', java.version: '1.8.0_121'
Driver info: io.appium.java_client.android.AndroidDriver
Capabilities [{deviceScreenSize=768x1280, networkConnectionEnabled=true, warnings={}, databaseEnabled=false, version=5.1.0, deviceName=192.168.88.101:5555, platform=ANDROID, deviceUDID=192.168.88.101:5555, desired={browserName=chrome, platformName=Android, version=5.1.0, deviceName=My phone, platform=ANDROID}, platformVersion=5.1, webStorageEnabled=false, locationContextEnabled=false, takesScreenshot=true, browserName=chrome, javascriptEnabled=true, deviceModel=Custom Phone - 5.1.0 - API 22 - 768x1280, platformName=Android, deviceManufacturer=unknown}]
Session ID: 2d6cfdb1-efa3-42b1-a825-460b7dd4e33c
22:16:27.771 Stacktrace: 
org.openqa.selenium.support.ui.WebDriverWait.timeoutException(WebDriverWait.java:80)
org.openqa.selenium.support.ui.FluentWait.until(FluentWait.java:229)
BasePage.waitForElementClickable(BasePage.java:16)
BasePage.setTextAs(BasePage.java:25)
GridlasticRegistrationPage.register(GridlasticRegistrationPage.java:38)
stepImpl.GridlasticRegistrationScenario.validateGridlasticRegistration(GridlasticRegistrationScenario.java:37)
sun.reflect.NativeMethodAccessorImpl.invoke0(Native Method)
sun.reflect.NativeMethodAccessorImpl.invoke(NativeMethodAccessorImpl.java:62)
sun.reflect.DelegatingMethodAccessorImpl.invoke(DelegatingMethodAccessorImpl.java:43)
java.lang.reflect.Method.invoke(Method.java:498)
com.thoughtworks.gauge.execution.MethodExecutor.execute(MethodExecutor.java:38)
com.thoughtworks.gauge.execution.StepExecutionStage.executeStepMethod(StepExecutionStage.java:74)
com.thoughtworks.gauge.execution.StepExecutionStage.executeStep(StepExecutionStage.java:67)
com.thoughtworks.gauge.execution.StepExecutionStage.execute(StepExecutionStage.java:49)
com.thoughtworks.gauge.execution.AbstractExecutionStage.executeNext(AbstractExecutionStage.java:24)
com.thoughtworks.gauge.execution.HookExecutionStage.execute(HookExecutionStage.java:43)
com.thoughtworks.gauge.execution.ExecutionPipeline.start(ExecutionPipeline.java:29)
com.thoughtworks.gauge.processor.ExecuteStepProcessor.process(ExecuteStepProcessor.java:39)
com.thoughtworks.gauge.connection.MessageDispatcher.dispatchMessages(MessageDispatcher.java:89)
com.thoughtworks.gauge.GaugeRuntime.dispatchMessages(GaugeRuntime.java:104)
com.thoughtworks.gauge.GaugeRuntime.access$100(GaugeRuntime.java:36)
com.thoughtworks.gauge.GaugeRuntime$2.run(GaugeRuntime.java:85)
java.lang.Thread.run(Thread.java:745)
22:16:27.771 * Navigate to Gridlastic Registration Page
22:16:30.112 Plugin [Html Report] with pid [4388] has exited
22:16:30.316 Specifications:	1 executed	0 passed	1 failed	0 skipped
22:16:30.316 Scenarios:	1 executed	0 passed	1 failed	0 skipped
22:16:30.316 
Total time taken: 1m1.117s
22:21:06.579 Checking updates...
22:21:11.552 # Gridlastic Registration Test Specification
22:21:11.554 ## Gridlastic Registration Testing Scenario
22:21:11.556 * Setting up environment to run Android in Appium
22:21:24.109 * Navigate to Gridlastic Registration Page
22:21:30.238 * Validate the Gridlastic Registration Page title

22:21:30.571 * Register to Gridlastic using First Name, Last Name, Comapany, Work Email, Username and Password in the following table 

     |First Name|Last Name    |Comapany |Work Email                 |Username      |Password |
     |----------|-------------|---------|---------------------------|--------------|---------|
     |Osanda    |Deshan       |MaxSoft  |osanda.deshan11@maxsoft.com|osandadeshan11|Osanda@92|
     |Gemunu    |Priyadarshana|Gemunu.lk|gpriyadarshana20@mitrai.com|gemunulk20    |Gemunu@89|
     |Eranga    |Heshan       |eyeSoft  |eranga.heshan20@wso2.com   |erangaheshan20|Eranga@93|
22:22:16.882 * Validate that the registration result is success

22:22:32.831 
Failed Step: Validate that the registration result is success
22:22:32.831 Specification: specs\GridlasticRegistration.spec:22
22:22:32.831 Error Message: java.lang.AssertionError: expected [true] but found [false]
22:22:32.831 Stacktrace: 
org.testng.Assert.fail(Assert.java:94)
org.testng.Assert.failNotEquals(Assert.java:494)
org.testng.Assert.assertTrue(Assert.java:42)
org.testng.Assert.assertTrue(Assert.java:52)
GridlasticRegistrationPage.validateRegistrationResult(GridlasticRegistrationPage.java:64)
stepImpl.GridlasticRegistrationScenario.validationOfRegistration(GridlasticRegistrationScenario.java:49)
sun.reflect.NativeMethodAccessorImpl.invoke0(Native Method)
sun.reflect.NativeMethodAccessorImpl.invoke(NativeMethodAccessorImpl.java:62)
sun.reflect.DelegatingMethodAccessorImpl.invoke(DelegatingMethodAccessorImpl.java:43)
java.lang.reflect.Method.invoke(Method.java:498)
com.thoughtworks.gauge.execution.MethodExecutor.execute(MethodExecutor.java:38)
com.thoughtworks.gauge.execution.StepExecutionStage.executeStepMethod(StepExecutionStage.java:74)
com.thoughtworks.gauge.execution.StepExecutionStage.executeStep(StepExecutionStage.java:67)
com.thoughtworks.gauge.execution.StepExecutionStage.execute(StepExecutionStage.java:49)
com.thoughtworks.gauge.execution.AbstractExecutionStage.executeNext(AbstractExecutionStage.java:24)
com.thoughtworks.gauge.execution.HookExecutionStage.execute(HookExecutionStage.java:43)
com.thoughtworks.gauge.execution.ExecutionPipeline.start(ExecutionPipeline.java:29)
com.thoughtworks.gauge.processor.ExecuteStepProcessor.process(ExecuteStepProcessor.java:39)
com.thoughtworks.gauge.connection.MessageDispatcher.dispatchMessages(MessageDispatcher.java:89)
com.thoughtworks.gauge.GaugeRuntime.dispatchMessages(GaugeRuntime.java:104)
com.thoughtworks.gauge.GaugeRuntime.access$100(GaugeRuntime.java:36)
com.thoughtworks.gauge.GaugeRuntime$2.run(GaugeRuntime.java:85)
java.lang.Thread.run(Thread.java:745)
22:22:32.831 * Navigate to Gridlastic Registration Page
22:22:35.124 Plugin [Html Report] with pid [2780] has exited
22:22:35.326 Specifications:	1 executed	0 passed	1 failed	0 skipped
22:22:35.326 Scenarios:	1 executed	0 passed	1 failed	0 skipped
22:22:35.326 
Total time taken: 1m23.571s
22:44:08.585 Checking updates...
22:44:13.740 # Gridlastic Registration Test Specification
22:44:13.741 ## Gridlastic Registration Testing Scenario
22:44:13.744 * Setting up environment to run Android in Appium
22:44:26.022 * Register a user using First Name, Last Name, Comapany, Work Email, Username and Password in the following 

     |First Name|Last Name    |Comapany |Work Email                 |Username      |Password |
     |----------|-------------|---------|---------------------------|--------------|---------|
     |Osanda    |Deshan       |MaxSoft  |osanda.deshan11@maxsoft.com|osandadeshan11|Osanda@92|
     |Gemunu    |Priyadarshana|Gemunu.lk|gpriyadarshana20@mitrai.com|gemunulk20    |Gemunu@89|
     |Eranga    |Heshan       |eyeSoft  |eranga.heshan20@wso2.com   |erangaheshan20|Eranga@93|
22:44:26.022 * Navigate to Gridlastic Registration Page
22:44:31.674 * Validate the Gridlastic Registration Page title
22:44:31.993 * Register to Gridlastic using First Name, Last Name, Comapany, Work Email, Username and Password in the following table <table>
22:45:01.797 
Failed Step: Register to Gridlastic using First Name, Last Name, Comapany, Work Email, Username and Password in the following table <table>
22:45:01.798 Specification: specs\GridlasticRegistration.spec
22:45:01.798 Error Message: java.lang.AssertionError: expected [true] but found [false]
22:45:01.798 Stacktrace: 
org.testng.Assert.fail(Assert.java:94)
org.testng.Assert.failNotEquals(Assert.java:494)
org.testng.Assert.assertTrue(Assert.java:42)
org.testng.Assert.assertTrue(Assert.java:52)
GridlasticRegistrationPage.validateRegistrationResult(GridlasticRegistrationPage.java:64)
stepImpl.GridlasticRegistrationScenario.validateGridlasticRegistration(GridlasticRegistrationScenario.java:44)
sun.reflect.NativeMethodAccessorImpl.invoke0(Native Method)
sun.reflect.NativeMethodAccessorImpl.invoke(NativeMethodAccessorImpl.java:62)
sun.reflect.DelegatingMethodAccessorImpl.invoke(DelegatingMethodAccessorImpl.java:43)
java.lang.reflect.Method.invoke(Method.java:498)
com.thoughtworks.gauge.execution.MethodExecutor.execute(MethodExecutor.java:38)
com.thoughtworks.gauge.execution.StepExecutionStage.executeStepMethod(StepExecutionStage.java:74)
com.thoughtworks.gauge.execution.StepExecutionStage.executeStep(StepExecutionStage.java:67)
com.thoughtworks.gauge.execution.StepExecutionStage.execute(StepExecutionStage.java:49)
com.thoughtworks.gauge.execution.AbstractExecutionStage.executeNext(AbstractExecutionStage.java:24)
com.thoughtworks.gauge.execution.HookExecutionStage.execute(HookExecutionStage.java:43)
com.thoughtworks.gauge.execution.ExecutionPipeline.start(ExecutionPipeline.java:29)
com.thoughtworks.gauge.processor.ExecuteStepProcessor.process(ExecuteStepProcessor.java:39)
com.thoughtworks.gauge.connection.MessageDispatcher.dispatchMessages(MessageDispatcher.java:89)
com.thoughtworks.gauge.GaugeRuntime.dispatchMessages(GaugeRuntime.java:104)
com.thoughtworks.gauge.GaugeRuntime.access$100(GaugeRuntime.java:36)
com.thoughtworks.gauge.GaugeRuntime$2.run(GaugeRuntime.java:85)
java.lang.Thread.run(Thread.java:745)
22:45:01.798 * Navigate to Gridlastic Registration Page
22:45:04.129 Plugin [Html Report] with pid [9048] has exited
22:45:04.332 Specifications:	1 executed	0 passed	1 failed	0 skipped
22:45:04.332 Scenarios:	1 executed	0 passed	1 failed	0 skipped
22:45:04.332 
Total time taken: 50.382s
22:45:19.469 Checking updates...
22:45:25.722 # Gridlastic Registration Test Specification
22:45:25.723 ## Gridlastic Registration Testing Scenario
22:45:25.726 * Setting up environment to run Android in Appium
22:45:27.517 
Failed Step: Setting up environment to run Android in Appium
22:45:27.517 Specification: specs\GridlasticRegistration.spec:8
22:45:27.517 Error Message: org.openqa.selenium.SessionNotCreatedException: A new session could not be created. Details: Problem getting session data for driver type AndroidDriver; does it implement 'get driverData'? (WARNING: The server did not provide any stacktrace information)
Command duration or timeout: 238 milliseconds
Build info: version: '2.46.0', revision: '61506a4624b13675f24581e453592342b7485d71', time: '2015-06-04 10:22:50'
System info: host: 'Mitrai-OsandaN', ip: '192.168.88.2', os.name: 'Windows 10', os.arch: 'amd64', os.version: '10.0', java.version: '1.8.0_121'
Driver info: io.appium.java_client.android.AndroidDriver
22:45:27.517 Stacktrace: 
sun.reflect.NativeConstructorAccessorImpl.newInstance0(Native Method)
sun.reflect.NativeConstructorAccessorImpl.newInstance(NativeConstructorAccessorImpl.java:62)
sun.reflect.DelegatingConstructorAccessorImpl.newInstance(DelegatingConstructorAccessorImpl.java:45)
java.lang.reflect.Constructor.newInstance(Constructor.java:423)
org.openqa.selenium.remote.ErrorHandler.createThrowable(ErrorHandler.java:204)
org.openqa.selenium.remote.ErrorHandler.throwIfResponseFailed(ErrorHandler.java:156)
org.openqa.selenium.remote.RemoteWebDriver.execute(RemoteWebDriver.java:605)
io.appium.java_client.DefaultGenericMobileDriver.execute(DefaultGenericMobileDriver.java:27)
io.appium.java_client.AppiumDriver.execute(AppiumDriver.java:1)
io.appium.java_client.android.AndroidDriver.execute(AndroidDriver.java:1)
org.openqa.selenium.remote.RemoteWebDriver.startSession(RemoteWebDriver.java:242)
org.openqa.selenium.remote.RemoteWebDriver.<init>(RemoteWebDriver.java:128)
org.openqa.selenium.remote.RemoteWebDriver.<init>(RemoteWebDriver.java:155)
io.appium.java_client.DefaultGenericMobileDriver.<init>(DefaultGenericMobileDriver.java:22)
io.appium.java_client.AppiumDriver.<init>(AppiumDriver.java:202)
io.appium.java_client.android.AndroidDriver.<init>(AndroidDriver.java:50)
stepImpl.AndroidSetup.prepareAndroidForAppium(AndroidSetup.java:49)
stepImpl.BasePageStepImpl.setUp(BasePageStepImpl.java:17)
sun.reflect.NativeMethodAccessorImpl.invoke0(Native Method)
sun.reflect.NativeMethodAccessorImpl.invoke(NativeMethodAccessorImpl.java:62)
sun.reflect.DelegatingMethodAccessorImpl.invoke(DelegatingMethodAccessorImpl.java:43)
java.lang.reflect.Method.invoke(Method.java:498)
com.thoughtworks.gauge.execution.MethodExecutor.execute(MethodExecutor.java:38)
com.thoughtworks.gauge.execution.StepExecutionStage.executeStepMethod(StepExecutionStage.java:74)
com.thoughtworks.gauge.execution.StepExecutionStage.executeStep(StepExecutionStage.java:67)
com.thoughtworks.gauge.execution.StepExecutionStage.execute(StepExecutionStage.java:49)
com.thoughtworks.gauge.execution.AbstractExecutionStage.executeNext(AbstractExecutionStage.java:24)
com.thoughtworks.gauge.execution.HookExecutionStage.execute(HookExecutionStage.java:43)
com.thoughtworks.gauge.execution.ExecutionPipeline.start(ExecutionPipeline.java:29)
com.thoughtworks.gauge.processor.ExecuteStepProcessor.process(ExecuteStepProcessor.java:39)
com.thoughtworks.gauge.connection.MessageDispatcher.dispatchMessages(MessageDispatcher.java:89)
com.thoughtworks.gauge.GaugeRuntime.dispatchMessages(GaugeRuntime.java:104)
com.thoughtworks.gauge.GaugeRuntime.access$100(GaugeRuntime.java:36)
com.thoughtworks.gauge.GaugeRuntime$2.run(GaugeRuntime.java:85)
java.lang.Thread.run(Thread.java:745)
22:45:27.517 * Navigate to Gridlastic Registration Page
22:45:27.798 
Failed Step: Navigate to Gridlastic Registration Page
22:45:27.798 Specification: specs\GridlasticRegistration.spec:26
22:45:27.798 Error Message: java.lang.NullPointerException
22:45:27.798 Stacktrace: 
GridlasticRegistrationPage.navigateToGridlasticRegistrationPage(GridlasticRegistrationPage.java:28)
stepImpl.GridlasticRegistrationScenario.goToFacebook(GridlasticRegistrationScenario.java:23)
sun.reflect.NativeMethodAccessorImpl.invoke0(Native Method)
sun.reflect.NativeMethodAccessorImpl.invoke(NativeMethodAccessorImpl.java:62)
sun.reflect.DelegatingMethodAccessorImpl.invoke(DelegatingMethodAccessorImpl.java:43)
java.lang.reflect.Method.invoke(Method.java:498)
com.thoughtworks.gauge.execution.MethodExecutor.execute(MethodExecutor.java:38)
com.thoughtworks.gauge.execution.StepExecutionStage.executeStepMethod(StepExecutionStage.java:74)
com.thoughtworks.gauge.execution.StepExecutionStage.executeStep(StepExecutionStage.java:67)
com.thoughtworks.gauge.execution.StepExecutionStage.execute(StepExecutionStage.java:49)
com.thoughtworks.gauge.execution.AbstractExecutionStage.executeNext(AbstractExecutionStage.java:24)
com.thoughtworks.gauge.execution.HookExecutionStage.execute(HookExecutionStage.java:43)
com.thoughtworks.gauge.execution.ExecutionPipeline.start(ExecutionPipeline.java:29)
com.thoughtworks.gauge.processor.ExecuteStepProcessor.process(ExecuteStepProcessor.java:39)
com.thoughtworks.gauge.connection.MessageDispatcher.dispatchMessages(MessageDispatcher.java:89)
com.thoughtworks.gauge.GaugeRuntime.dispatchMessages(GaugeRuntime.java:104)
com.thoughtworks.gauge.GaugeRuntime.access$100(GaugeRuntime.java:36)
com.thoughtworks.gauge.GaugeRuntime$2.run(GaugeRuntime.java:85)
java.lang.Thread.run(Thread.java:745)
22:45:27.914 Plugin [Html Report] with pid [796] has exited
22:45:28.336 Specifications:	1 executed	0 passed	1 failed	0 skipped
22:45:28.336 Scenarios:	1 executed	0 passed	1 failed	0 skipped
22:45:28.336 
Total time taken: 2.178s
22:45:43.489 Checking updates...
22:45:50.198 # Gridlastic Registration Test Specification
22:45:50.199 ## Gridlastic Registration Testing Scenario
22:45:50.204 * Setting up environment to run Android in Appium
22:46:15.666 * Register a user using First Name, Last Name, Comapany, Work Email, Username and Password in the following 

     |First Name|Last Name    |Comapany |Work Email                 |Username      |Password |
     |----------|-------------|---------|---------------------------|--------------|---------|
     |Osanda    |Deshan       |MaxSoft  |osanda.deshan13@maxsoft.com|osandadeshan13|Osanda@92|
     |Gemunu    |Priyadarshana|Gemunu.lk|gpriyadarshana20@mitrai.com|gemunulk20    |Gemunu@89|
     |Eranga    |Heshan       |eyeSoft  |eranga.heshan20@wso2.com   |erangaheshan20|Eranga@93|
22:46:15.666 * Navigate to Gridlastic Registration Page
22:46:21.223 * Validate the Gridlastic Registration Page title
22:46:21.588 * Register to Gridlastic using First Name, Last Name, Comapany, Work Email, Username and Password in the following table <table>
22:47:11.732 
Failed Step: Register to Gridlastic using First Name, Last Name, Comapany, Work Email, Username and Password in the following table <table>
22:47:11.732 Specification: specs\GridlasticRegistration.spec
22:47:11.732 Error Message: java.lang.AssertionError: expected [true] but found [false]
22:47:11.732 Stacktrace: 
org.testng.Assert.fail(Assert.java:94)
org.testng.Assert.failNotEquals(Assert.java:494)
org.testng.Assert.assertTrue(Assert.java:42)
org.testng.Assert.assertTrue(Assert.java:52)
GridlasticRegistrationPage.validateRegistrationResult(GridlasticRegistrationPage.java:64)
stepImpl.GridlasticRegistrationScenario.validateGridlasticRegistration(GridlasticRegistrationScenario.java:44)
sun.reflect.NativeMethodAccessorImpl.invoke0(Native Method)
sun.reflect.NativeMethodAccessorImpl.invoke(NativeMethodAccessorImpl.java:62)
sun.reflect.DelegatingMethodAccessorImpl.invoke(DelegatingMethodAccessorImpl.java:43)
java.lang.reflect.Method.invoke(Method.java:498)
com.thoughtworks.gauge.execution.MethodExecutor.execute(MethodExecutor.java:38)
com.thoughtworks.gauge.execution.StepExecutionStage.executeStepMethod(StepExecutionStage.java:74)
com.thoughtworks.gauge.execution.StepExecutionStage.executeStep(StepExecutionStage.java:67)
com.thoughtworks.gauge.execution.StepExecutionStage.execute(StepExecutionStage.java:49)
com.thoughtworks.gauge.execution.AbstractExecutionStage.executeNext(AbstractExecutionStage.java:24)
com.thoughtworks.gauge.execution.HookExecutionStage.execute(HookExecutionStage.java:43)
com.thoughtworks.gauge.execution.ExecutionPipeline.start(ExecutionPipeline.java:29)
com.thoughtworks.gauge.processor.ExecuteStepProcessor.process(ExecuteStepProcessor.java:39)
com.thoughtworks.gauge.connection.MessageDispatcher.dispatchMessages(MessageDispatcher.java:89)
com.thoughtworks.gauge.GaugeRuntime.dispatchMessages(GaugeRuntime.java:104)
com.thoughtworks.gauge.GaugeRuntime.access$100(GaugeRuntime.java:36)
com.thoughtworks.gauge.GaugeRuntime$2.run(GaugeRuntime.java:85)
java.lang.Thread.run(Thread.java:745)
22:47:11.732 * Navigate to Gridlastic Registration Page
22:47:14.093 Plugin [Html Report] with pid [13948] has exited
22:47:14.297 Specifications:	1 executed	0 passed	1 failed	0 skipped
22:47:14.297 Scenarios:	1 executed	0 passed	1 failed	0 skipped
22:47:14.297 
Total time taken: 1m23.888s
22:49:53.130 Checking updates...
22:49:58.597 # Gridlastic Registration Test Specification
22:49:58.599 ## Gridlastic Registration Testing Scenario
22:49:58.602 * Setting up environment to run Android in Appium
22:50:10.983 * Register a user using First Name, Last Name, Comapany, Work Email, Username and Password in the following 

     |First Name|Last Name    |Comapany |Work Email                 |Username      |Password |
     |----------|-------------|---------|---------------------------|--------------|---------|
     |Osanda    |Deshan       |MaxSoft  |osanda.deshan14@maxsoft.com|osandadeshan14|Osanda@92|
     |Gemunu    |Priyadarshana|Gemunu.lk|gpriyadarshana21@mitrai.com|gemunulk21    |Gemunu@89|
     |Eranga    |Heshan       |eyeSoft  |eranga.heshan20@wso2.com   |erangaheshan20|Eranga@93|
22:50:10.983 * Navigate to Gridlastic Registration Page
22:50:16.875 * Validate the Gridlastic Registration Page title
22:50:17.178 * Register to Gridlastic using First Name, Last Name, Comapany, Work Email, Username and Password in the following table <table>
22:50:52.807 
Failed Step: Register to Gridlastic using First Name, Last Name, Comapany, Work Email, Username and Password in the following table <table>
22:50:52.808 Specification: specs\GridlasticRegistration.spec
22:50:52.808 Error Message: org.openqa.selenium.TimeoutException: Timed out after 15 seconds waiting for element to be clickable: Proxy element for: org.openqa.selenium.support.pagefactory.DefaultElementLocator@410427bf
Build info: version: '2.46.0', revision: '61506a4624b13675f24581e453592342b7485d71', time: '2015-06-04 10:22:50'
System info: host: 'Mitrai-OsandaN', ip: '192.168.88.2', os.name: 'Windows 10', os.arch: 'amd64', os.version: '10.0', java.version: '1.8.0_121'
Driver info: io.appium.java_client.android.AndroidDriver
Capabilities [{deviceScreenSize=768x1280, networkConnectionEnabled=true, warnings={}, databaseEnabled=false, version=5.1.0, deviceName=192.168.88.101:5555, platform=ANDROID, deviceUDID=192.168.88.101:5555, desired={browserName=chrome, platformName=Android, version=5.1.0, deviceName=My phone, platform=ANDROID}, platformVersion=5.1, webStorageEnabled=false, locationContextEnabled=false, takesScreenshot=true, browserName=chrome, javascriptEnabled=true, deviceModel=Custom Phone - 5.1.0 - API 22 - 768x1280, platformName=Android, deviceManufacturer=unknown}]
Session ID: d848b7db-bb4f-474d-b055-dcd32e3f070f
22:50:52.808 Stacktrace: 
org.openqa.selenium.support.ui.WebDriverWait.timeoutException(WebDriverWait.java:80)
org.openqa.selenium.support.ui.FluentWait.until(FluentWait.java:229)
BasePage.waitForElementClickable(BasePage.java:16)
BasePage.setTextAs(BasePage.java:25)
GridlasticRegistrationPage.register(GridlasticRegistrationPage.java:38)
stepImpl.GridlasticRegistrationScenario.validateGridlasticRegistration(GridlasticRegistrationScenario.java:38)
sun.reflect.NativeMethodAccessorImpl.invoke0(Native Method)
sun.reflect.NativeMethodAccessorImpl.invoke(NativeMethodAccessorImpl.java:62)
sun.reflect.DelegatingMethodAccessorImpl.invoke(DelegatingMethodAccessorImpl.java:43)
java.lang.reflect.Method.invoke(Method.java:498)
com.thoughtworks.gauge.execution.MethodExecutor.execute(MethodExecutor.java:38)
com.thoughtworks.gauge.execution.StepExecutionStage.executeStepMethod(StepExecutionStage.java:74)
com.thoughtworks.gauge.execution.StepExecutionStage.executeStep(StepExecutionStage.java:67)
com.thoughtworks.gauge.execution.StepExecutionStage.execute(StepExecutionStage.java:49)
com.thoughtworks.gauge.execution.AbstractExecutionStage.executeNext(AbstractExecutionStage.java:24)
com.thoughtworks.gauge.execution.HookExecutionStage.execute(HookExecutionStage.java:43)
com.thoughtworks.gauge.execution.ExecutionPipeline.start(ExecutionPipeline.java:29)
com.thoughtworks.gauge.processor.ExecuteStepProcessor.process(ExecuteStepProcessor.java:39)
com.thoughtworks.gauge.connection.MessageDispatcher.dispatchMessages(MessageDispatcher.java:89)
com.thoughtworks.gauge.GaugeRuntime.dispatchMessages(GaugeRuntime.java:104)
com.thoughtworks.gauge.GaugeRuntime.access$100(GaugeRuntime.java:36)
com.thoughtworks.gauge.GaugeRuntime$2.run(GaugeRuntime.java:85)
java.lang.Thread.run(Thread.java:745)
22:50:52.809 * Closing the driver
22:50:54.629 Plugin [Html Report] with pid [14444] has exited
22:50:54.832 Specifications:	1 executed	0 passed	1 failed	0 skipped
22:50:54.832 Scenarios:	1 executed	0 passed	1 failed	0 skipped
22:50:54.832 
Total time taken: 56.033s
22:53:16.759 Checking updates...
22:53:22.216 # Gridlastic Registration Test Specification
22:53:22.218 ## Gridlastic Registration Testing Scenario
22:53:22.221 * Setting up environment to run Android in Appium
22:53:34.510 * Validate the registraion of a user using First Name, Last Name, Comapany, Work Email, Username and Password in the following table 

     |First Name|Last Name    |Comapany |Work Email                 |Username      |Password |
     |----------|-------------|---------|---------------------------|--------------|---------|
     |Osanda    |Deshan       |MaxSoft  |osanda.deshan15@maxsoft.com|osandadeshan15|Osanda@92|
     |Gemunu    |Priyadarshana|Gemunu.lk|gpriyadarshana21@mitrai.com|gemunulk21    |Gemunu@89|
     |Eranga    |Heshan       |eyeSoft  |eranga.heshan20@wso2.com   |erangaheshan20|Eranga@93|
22:53:34.511 * Navigate to Gridlastic Registration Page
22:53:39.786 * Validate the Gridlastic Registration Page title
22:53:40.156 * Register to Gridlastic using First Name, Last Name, Comapany, Work Email, Username and Password in the following table <table>
22:54:31.793 
Failed Step: Register to Gridlastic using First Name, Last Name, Comapany, Work Email, Username and Password in the following table <table>
22:54:31.793 Specification: specs\GridlasticRegistration.spec
22:54:31.793 Error Message: java.lang.AssertionError: expected [true] but found [false]
22:54:31.793 Stacktrace: 
org.testng.Assert.fail(Assert.java:94)
org.testng.Assert.failNotEquals(Assert.java:494)
org.testng.Assert.assertTrue(Assert.java:42)
org.testng.Assert.assertTrue(Assert.java:52)
GridlasticRegistrationPage.validateRegistrationResult(GridlasticRegistrationPage.java:64)
stepImpl.GridlasticRegistrationScenario.validateGridlasticRegistration(GridlasticRegistrationScenario.java:44)
sun.reflect.NativeMethodAccessorImpl.invoke0(Native Method)
sun.reflect.NativeMethodAccessorImpl.invoke(NativeMethodAccessorImpl.java:62)
sun.reflect.DelegatingMethodAccessorImpl.invoke(DelegatingMethodAccessorImpl.java:43)
java.lang.reflect.Method.invoke(Method.java:498)
com.thoughtworks.gauge.execution.MethodExecutor.execute(MethodExecutor.java:38)
com.thoughtworks.gauge.execution.StepExecutionStage.executeStepMethod(StepExecutionStage.java:74)
com.thoughtworks.gauge.execution.StepExecutionStage.executeStep(StepExecutionStage.java:67)
com.thoughtworks.gauge.execution.StepExecutionStage.execute(StepExecutionStage.java:49)
com.thoughtworks.gauge.execution.AbstractExecutionStage.executeNext(AbstractExecutionStage.java:24)
com.thoughtworks.gauge.execution.HookExecutionStage.execute(HookExecutionStage.java:43)
com.thoughtworks.gauge.execution.ExecutionPipeline.start(ExecutionPipeline.java:29)
com.thoughtworks.gauge.processor.ExecuteStepProcessor.process(ExecuteStepProcessor.java:39)
com.thoughtworks.gauge.connection.MessageDispatcher.dispatchMessages(MessageDispatcher.java:89)
com.thoughtworks.gauge.GaugeRuntime.dispatchMessages(GaugeRuntime.java:104)
com.thoughtworks.gauge.GaugeRuntime.access$100(GaugeRuntime.java:36)
com.thoughtworks.gauge.GaugeRuntime$2.run(GaugeRuntime.java:85)
java.lang.Thread.run(Thread.java:745)
22:54:31.793 * Closing the driver
22:54:33.644 Plugin [Html Report] with pid [12120] has exited
22:54:33.845 Specifications:	1 executed	0 passed	1 failed	0 skipped
22:54:33.845 Scenarios:	1 executed	0 passed	1 failed	0 skipped
22:54:33.845 
Total time taken: 1m11.441s
22:55:53.271 Checking updates...
22:56:06.797 Checking updates...
22:56:11.811 # Gridlastic Registration Test Specification
22:56:11.813 ## Gridlastic Registration Testing Scenario
22:56:11.816 * Setting up environment to run Android in Appium
22:56:29.348 * Validate the registraion of a user using First Name, Last Name, Comapany, Work Email, Username and Password in the following table 

     |First Name|Last Name    |Comapany |Work Email                   |Username      |Password |
     |----------|-------------|---------|-----------------------------|--------------|---------|
     |Osanda    |Deshan       |MaxSoft  |osanda.deshan16@maxsoft.com  |osandadeshan16|Osanda@92|
     |Gemunu    |Priyadarshana|Gemunu.lk|gpriyadarshana21@gemunulk.com|gemunulk21    |Gemunu@89|
     |Eranga    |Heshan       |eyeSoft  |eranga.heshan20@wso2.com     |erangaheshan20|Eranga@93|
22:56:29.349 * Navigate to Gridlastic Registration Page
22:56:35.013 * Validate the Gridlastic Registration Page title
22:56:35.355 * Register to Gridlastic using First Name, Last Name, Comapany, Work Email, Username and Password in the following table <table>
22:57:41.176 
Failed Step: Register to Gridlastic using First Name, Last Name, Comapany, Work Email, Username and Password in the following table <table>
22:57:41.176 Specification: specs\GridlasticRegistration.spec
22:57:41.176 Error Message: java.lang.AssertionError: expected [true] but found [false]
22:57:41.176 Stacktrace: 
org.testng.Assert.fail(Assert.java:94)
org.testng.Assert.failNotEquals(Assert.java:494)
org.testng.Assert.assertTrue(Assert.java:42)
org.testng.Assert.assertTrue(Assert.java:52)
GridlasticRegistrationPage.validateRegistrationResult(GridlasticRegistrationPage.java:64)
stepImpl.GridlasticRegistrationScenario.validateGridlasticRegistration(GridlasticRegistrationScenario.java:44)
sun.reflect.NativeMethodAccessorImpl.invoke0(Native Method)
sun.reflect.NativeMethodAccessorImpl.invoke(NativeMethodAccessorImpl.java:62)
sun.reflect.DelegatingMethodAccessorImpl.invoke(DelegatingMethodAccessorImpl.java:43)
java.lang.reflect.Method.invoke(Method.java:498)
com.thoughtworks.gauge.execution.MethodExecutor.execute(MethodExecutor.java:38)
com.thoughtworks.gauge.execution.StepExecutionStage.executeStepMethod(StepExecutionStage.java:74)
com.thoughtworks.gauge.execution.StepExecutionStage.executeStep(StepExecutionStage.java:67)
com.thoughtworks.gauge.execution.StepExecutionStage.execute(StepExecutionStage.java:49)
com.thoughtworks.gauge.execution.AbstractExecutionStage.executeNext(AbstractExecutionStage.java:24)
com.thoughtworks.gauge.execution.HookExecutionStage.execute(HookExecutionStage.java:43)
com.thoughtworks.gauge.execution.ExecutionPipeline.start(ExecutionPipeline.java:29)
com.thoughtworks.gauge.processor.ExecuteStepProcessor.process(ExecuteStepProcessor.java:39)
com.thoughtworks.gauge.connection.MessageDispatcher.dispatchMessages(MessageDispatcher.java:89)
com.thoughtworks.gauge.GaugeRuntime.dispatchMessages(GaugeRuntime.java:104)
com.thoughtworks.gauge.GaugeRuntime.access$100(GaugeRuntime.java:36)
com.thoughtworks.gauge.GaugeRuntime$2.run(GaugeRuntime.java:85)
java.lang.Thread.run(Thread.java:745)
22:57:41.178 * Closing the driver
22:57:43.069 Plugin [Html Report] with pid [16060] has exited
22:57:43.169 Specifications:	1 executed	0 passed	1 failed	0 skipped
22:57:43.169 Scenarios:	1 executed	0 passed	1 failed	0 skipped
22:57:43.169 
Total time taken: 1m31.262s
22:58:24.551 Checking updates...
22:58:29.620 # Gridlastic Registration Test Specification
22:58:29.621 ## Gridlastic Registration Testing Scenario
22:58:29.624 * Setting up environment to run Android in Appium
22:59:07.474 * Validate the registraion of a user using First Name, Last Name, Comapany, Work Email, Username and Password in the following table 

     |First Name|Last Name    |Comapany |Work Email                   |Username      |Password |
     |----------|-------------|---------|-----------------------------|--------------|---------|
     |Osanda    |Deshan       |MaxSoft  |osanda.deshan16@maxsoft.com  |osandadeshan16|Osanda@92|
     |Gemunu    |Priyadarshana|Gemunu.lk|gpriyadarshana21@gemunulk.com|gemunulk21    |Gemunu@89|
     |Eranga    |Heshan       |eyeSoft  |eranga.heshan20@eyesoft.com  |erangaheshan20|Eranga@93|
22:59:07.474 * Navigate to Gridlastic Registration Page
22:59:12.619 * Validate the Gridlastic Registration Page title
22:59:12.958 * Register to Gridlastic using First Name, Last Name, Comapany, Work Email, Username and Password in the following table <table>
22:59:40.395 
Failed Step: Register to Gridlastic using First Name, Last Name, Comapany, Work Email, Username and Password in the following table <table>
22:59:40.395 Specification: specs\GridlasticRegistration.spec
22:59:40.395 Error Message: java.lang.AssertionError: expected [true] but found [false]
22:59:40.395 Stacktrace: 
org.testng.Assert.fail(Assert.java:94)
org.testng.Assert.failNotEquals(Assert.java:494)
org.testng.Assert.assertTrue(Assert.java:42)
org.testng.Assert.assertTrue(Assert.java:52)
GridlasticRegistrationPage.validateRegistrationResult(GridlasticRegistrationPage.java:64)
stepImpl.GridlasticRegistrationScenario.validateGridlasticRegistration(GridlasticRegistrationScenario.java:44)
sun.reflect.NativeMethodAccessorImpl.invoke0(Native Method)
sun.reflect.NativeMethodAccessorImpl.invoke(NativeMethodAccessorImpl.java:62)
sun.reflect.DelegatingMethodAccessorImpl.invoke(DelegatingMethodAccessorImpl.java:43)
java.lang.reflect.Method.invoke(Method.java:498)
com.thoughtworks.gauge.execution.MethodExecutor.execute(MethodExecutor.java:38)
com.thoughtworks.gauge.execution.StepExecutionStage.executeStepMethod(StepExecutionStage.java:74)
com.thoughtworks.gauge.execution.StepExecutionStage.executeStep(StepExecutionStage.java:67)
com.thoughtworks.gauge.execution.StepExecutionStage.execute(StepExecutionStage.java:49)
com.thoughtworks.gauge.execution.AbstractExecutionStage.executeNext(AbstractExecutionStage.java:24)
com.thoughtworks.gauge.execution.HookExecutionStage.execute(HookExecutionStage.java:43)
com.thoughtworks.gauge.execution.ExecutionPipeline.start(ExecutionPipeline.java:29)
com.thoughtworks.gauge.processor.ExecuteStepProcessor.process(ExecuteStepProcessor.java:39)
com.thoughtworks.gauge.connection.MessageDispatcher.dispatchMessages(MessageDispatcher.java:89)
com.thoughtworks.gauge.GaugeRuntime.dispatchMessages(GaugeRuntime.java:104)
com.thoughtworks.gauge.GaugeRuntime.access$100(GaugeRuntime.java:36)
com.thoughtworks.gauge.GaugeRuntime$2.run(GaugeRuntime.java:85)
java.lang.Thread.run(Thread.java:745)
22:59:40.395 * Closing the driver
22:59:42.260 Plugin [Html Report] with pid [10964] has exited
22:59:42.362 Specifications:	1 executed	0 passed	1 failed	0 skipped
22:59:42.362 Scenarios:	1 executed	0 passed	1 failed	0 skipped
22:59:42.362 
Total time taken: 1m12.652s
23:00:28.726 Checking updates...
23:00:33.641 # Gridlastic Registration Test Specification
23:00:33.642 ## Gridlastic Registration Testing Scenario
23:00:33.646 * Setting up environment to run Android in Appium
23:00:58.698 * Validate the registraion of a user using First Name, Last Name, Comapany, Work Email, Username and Password in the following table 

     |First Name|Last Name    |Comapany |Work Email                   |Username      |Password |
     |----------|-------------|---------|-----------------------------|--------------|---------|
     |Osanda    |Deshan       |MaxSoft  |osanda.deshan16@maxsoft.com  |osandadeshan16|Osanda@92|
     |Gemunu    |Priyadarshana|Gemunu.lk|gpriyadarshana21@gemunulk.com|gemunulk21    |Gemunu@89|
     |Eranga    |Heshan       |eyeSoft  |eranga.heshan20@eyesoft.com  |erangaheshan20|Eranga@93|
23:00:58.698 * Navigate to Gridlastic Registration Page
23:01:03.247 * Validate the Gridlastic Registration Page title
23:01:03.606 * Register to Gridlastic using First Name, Last Name, Comapany, Work Email, Username and Password in the following table <table>
23:01:32.372 
Failed Step: Register to Gridlastic using First Name, Last Name, Comapany, Work Email, Username and Password in the following table <table>
23:01:32.372 Specification: specs\GridlasticRegistration.spec
23:01:32.372 Error Message: java.lang.AssertionError: expected [true] but found [false]
23:01:32.372 Stacktrace: 
org.testng.Assert.fail(Assert.java:94)
org.testng.Assert.failNotEquals(Assert.java:494)
org.testng.Assert.assertTrue(Assert.java:42)
org.testng.Assert.assertTrue(Assert.java:52)
GridlasticRegistrationPage.validateRegistrationResult(GridlasticRegistrationPage.java:64)
stepImpl.GridlasticRegistrationScenario.validateGridlasticRegistration(GridlasticRegistrationScenario.java:44)
sun.reflect.NativeMethodAccessorImpl.invoke0(Native Method)
sun.reflect.NativeMethodAccessorImpl.invoke(NativeMethodAccessorImpl.java:62)
sun.reflect.DelegatingMethodAccessorImpl.invoke(DelegatingMethodAccessorImpl.java:43)
java.lang.reflect.Method.invoke(Method.java:498)
com.thoughtworks.gauge.execution.MethodExecutor.execute(MethodExecutor.java:38)
com.thoughtworks.gauge.execution.StepExecutionStage.executeStepMethod(StepExecutionStage.java:74)
com.thoughtworks.gauge.execution.StepExecutionStage.executeStep(StepExecutionStage.java:67)
com.thoughtworks.gauge.execution.StepExecutionStage.execute(StepExecutionStage.java:49)
com.thoughtworks.gauge.execution.AbstractExecutionStage.executeNext(AbstractExecutionStage.java:24)
com.thoughtworks.gauge.execution.HookExecutionStage.execute(HookExecutionStage.java:43)
com.thoughtworks.gauge.execution.ExecutionPipeline.start(ExecutionPipeline.java:29)
com.thoughtworks.gauge.processor.ExecuteStepProcessor.process(ExecuteStepProcessor.java:39)
com.thoughtworks.gauge.connection.MessageDispatcher.dispatchMessages(MessageDispatcher.java:89)
com.thoughtworks.gauge.GaugeRuntime.dispatchMessages(GaugeRuntime.java:104)
com.thoughtworks.gauge.GaugeRuntime.access$100(GaugeRuntime.java:36)
com.thoughtworks.gauge.GaugeRuntime$2.run(GaugeRuntime.java:85)
java.lang.Thread.run(Thread.java:745)
23:01:32.372 * Navigate to Gridlastic Registration Page
23:01:34.605 * Closing the driver
23:01:36.611 Plugin [Html Report] with pid [11288] has exited
23:01:36.813 Specifications:	1 executed	0 passed	1 failed	0 skipped
23:01:36.813 Scenarios:	1 executed	0 passed	1 failed	0 skipped
23:01:36.813 
Total time taken: 1m2.964s
23:03:37.923 Checking updates...
23:03:42.776 # Gridlastic Registration Test Specification
23:03:42.778 ## Gridlastic Registration Testing Scenario
23:03:42.781 * Setting up environment to run Android in Appium
23:03:54.895 * Validate the registraion of a user using First Name, Last Name, Comapany, Work Email, Username and Password in the following table 

     |First Name|Last Name    |Comapany |Work Email                   |Username      |Password |
     |----------|-------------|---------|-----------------------------|--------------|---------|
     |Osanda    |Deshan       |MaxSoft  |osanda.deshan16@maxsoft.com  |osandadeshan16|Osanda@92|
     |Gemunu    |Priyadarshana|Gemunu.lk|gpriyadarshana21@gemunulk.com|gemunulk21    |Gemunu@89|
     |Eranga    |Heshan       |eyeSoft  |eranga.heshan20@eyesoft.com  |erangaheshan20|Eranga@93|
23:03:54.895 * Navigate to Gridlastic Registration Page
23:04:00.569 * Validate the Gridlastic Registration Page title
23:04:00.896 * Register to Gridlastic using First Name, Last Name, Comapany, Work Email, Username and Password in the following table <table>
23:04:29.697 
Failed Step: Register to Gridlastic using First Name, Last Name, Comapany, Work Email, Username and Password in the following table <table>
23:04:29.697 Specification: specs\GridlasticRegistration.spec
23:04:29.697 Error Message: java.lang.AssertionError: expected [true] but found [false]
23:04:29.697 Stacktrace: 
org.testng.Assert.fail(Assert.java:94)
org.testng.Assert.failNotEquals(Assert.java:494)
org.testng.Assert.assertTrue(Assert.java:42)
org.testng.Assert.assertTrue(Assert.java:52)
GridlasticRegistrationPage.validateRegistrationResult(GridlasticRegistrationPage.java:64)
stepImpl.GridlasticRegistrationScenario.validateGridlasticRegistration(GridlasticRegistrationScenario.java:44)
sun.reflect.NativeMethodAccessorImpl.invoke0(Native Method)
sun.reflect.NativeMethodAccessorImpl.invoke(NativeMethodAccessorImpl.java:62)
sun.reflect.DelegatingMethodAccessorImpl.invoke(DelegatingMethodAccessorImpl.java:43)
java.lang.reflect.Method.invoke(Method.java:498)
com.thoughtworks.gauge.execution.MethodExecutor.execute(MethodExecutor.java:38)
com.thoughtworks.gauge.execution.StepExecutionStage.executeStepMethod(StepExecutionStage.java:74)
com.thoughtworks.gauge.execution.StepExecutionStage.executeStep(StepExecutionStage.java:67)
com.thoughtworks.gauge.execution.StepExecutionStage.execute(StepExecutionStage.java:49)
com.thoughtworks.gauge.execution.AbstractExecutionStage.executeNext(AbstractExecutionStage.java:24)
com.thoughtworks.gauge.execution.HookExecutionStage.execute(HookExecutionStage.java:43)
com.thoughtworks.gauge.execution.ExecutionPipeline.start(ExecutionPipeline.java:29)
com.thoughtworks.gauge.processor.ExecuteStepProcessor.process(ExecuteStepProcessor.java:39)
com.thoughtworks.gauge.connection.MessageDispatcher.dispatchMessages(MessageDispatcher.java:89)
com.thoughtworks.gauge.GaugeRuntime.dispatchMessages(GaugeRuntime.java:104)
com.thoughtworks.gauge.GaugeRuntime.access$100(GaugeRuntime.java:36)
com.thoughtworks.gauge.GaugeRuntime$2.run(GaugeRuntime.java:85)
java.lang.Thread.run(Thread.java:745)
23:04:29.697 * Navigate to Gridlastic Registration Page
23:04:31.739 * Closing the driver
23:04:33.763 Plugin [Html Report] with pid [3104] has exited
23:04:33.864 Specifications:	1 executed	0 passed	1 failed	0 skipped
23:04:33.864 Scenarios:	1 executed	0 passed	1 failed	0 skipped
23:04:33.864 
Total time taken: 50.994s
23:05:55.994 Checking updates...
23:06:01.402 # Gridlastic Registration Test Specification
23:06:01.403 ## Gridlastic Registration Testing Scenario
23:06:01.405 * Setting up environment to run Android in Appium
23:06:19.679 * Validate the registraion of a user using First Name, Last Name, Comapany, Work Email, Username and Password in the following table 

     |First Name|Last Name    |Comapany |Work Email                   |Username      |Password |
     |----------|-------------|---------|-----------------------------|--------------|---------|
     |Osanda    |Deshan       |MaxSoft  |osanda.deshan16@maxsoft.com  |osandadeshan16|Osanda@92|
     |Gemunu    |Priyadarshana|Gemunu.lk|gpriyadarshana21@gemunulk.com|gemunulk21    |Gemunu@89|
     |Eranga    |Heshan       |eyeSoft  |eranga.heshan20@eyesoft.com  |erangaheshan20|Eranga@93|
23:06:19.680 * Navigate to Gridlastic Registration Page
23:06:25.385 * Validate the Gridlastic Registration Page title
23:06:25.731 * Register to Gridlastic using First Name, Last Name, Comapany, Work Email, Username and Password in the following table <table>
23:06:53.501 
Failed Step: Register to Gridlastic using First Name, Last Name, Comapany, Work Email, Username and Password in the following table <table>
23:06:53.501 Specification: specs\GridlasticRegistration.spec
23:06:53.501 Error Message: java.lang.AssertionError: expected [true] but found [false]
23:06:53.501 Stacktrace: 
org.testng.Assert.fail(Assert.java:94)
org.testng.Assert.failNotEquals(Assert.java:494)
org.testng.Assert.assertTrue(Assert.java:42)
org.testng.Assert.assertTrue(Assert.java:52)
GridlasticRegistrationPage.validateRegistrationResult(GridlasticRegistrationPage.java:64)
stepImpl.GridlasticRegistrationScenario.validateGridlasticRegistration(GridlasticRegistrationScenario.java:44)
sun.reflect.NativeMethodAccessorImpl.invoke0(Native Method)
sun.reflect.NativeMethodAccessorImpl.invoke(NativeMethodAccessorImpl.java:62)
sun.reflect.DelegatingMethodAccessorImpl.invoke(DelegatingMethodAccessorImpl.java:43)
java.lang.reflect.Method.invoke(Method.java:498)
com.thoughtworks.gauge.execution.MethodExecutor.execute(MethodExecutor.java:38)
com.thoughtworks.gauge.execution.StepExecutionStage.executeStepMethod(StepExecutionStage.java:74)
com.thoughtworks.gauge.execution.StepExecutionStage.executeStep(StepExecutionStage.java:67)
com.thoughtworks.gauge.execution.StepExecutionStage.execute(StepExecutionStage.java:49)
com.thoughtworks.gauge.execution.AbstractExecutionStage.executeNext(AbstractExecutionStage.java:24)
com.thoughtworks.gauge.execution.HookExecutionStage.execute(HookExecutionStage.java:43)
com.thoughtworks.gauge.execution.ExecutionPipeline.start(ExecutionPipeline.java:29)
com.thoughtworks.gauge.processor.ExecuteStepProcessor.process(ExecuteStepProcessor.java:39)
com.thoughtworks.gauge.connection.MessageDispatcher.dispatchMessages(MessageDispatcher.java:89)
com.thoughtworks.gauge.GaugeRuntime.dispatchMessages(GaugeRuntime.java:104)
com.thoughtworks.gauge.GaugeRuntime.access$100(GaugeRuntime.java:36)
com.thoughtworks.gauge.GaugeRuntime$2.run(GaugeRuntime.java:85)
java.lang.Thread.run(Thread.java:745)
23:06:53.503 * Navigate to Gridlastic Registration Page
23:06:55.631 * Closing the driver
23:06:57.622 Plugin [Html Report] with pid [3500] has exited
23:06:57.823 Specifications:	1 executed	0 passed	1 failed	0 skipped
23:06:57.823 Scenarios:	1 executed	0 passed	1 failed	0 skipped
23:06:57.823 
Total time taken: 56.216s
23:07:35.894 Checking updates...
23:07:41.135 # Gridlastic Registration Test Specification
23:07:41.136 ## Gridlastic Registration Testing Scenario
23:07:41.139 * Setting up environment to run Android in Appium
23:08:06.455 * Validate the registraion of a user using First Name, Last Name, Comapany, Work Email, Username and Password in the following table 

     |First Name|Last Name    |Comapany |Work Email                   |Username      |Password |
     |----------|-------------|---------|-----------------------------|--------------|---------|
     |Osanda    |Deshan       |MaxSoft  |osanda.deshan16@maxsoft.com  |osandadeshan16|Osanda@92|
     |Gemunu    |Priyadarshana|Gemunu.lk|gpriyadarshana21@gemunulk.com|gemunulk21    |Gemunu@89|
     |Eranga    |Heshan       |eyeSoft  |eranga.heshan20@eyesoft.com  |erangaheshan20|Eranga@93|
23:08:06.455 * Navigate to Gridlastic Registration Page
23:08:11.771 * Validate the Gridlastic Registration Page title
23:08:12.129 * Register to Gridlastic using First Name, Last Name, Comapany, Work Email, Username and Password in the following table <table>
23:08:43.024 
Failed Step: Register to Gridlastic using First Name, Last Name, Comapany, Work Email, Username and Password in the following table <table>
23:08:43.024 Specification: specs\GridlasticRegistration.spec
23:08:43.024 Error Message: java.lang.AssertionError: expected [true] but found [false]
23:08:43.024 Stacktrace: 
org.testng.Assert.fail(Assert.java:94)
org.testng.Assert.failNotEquals(Assert.java:494)
org.testng.Assert.assertTrue(Assert.java:42)
org.testng.Assert.assertTrue(Assert.java:52)
GridlasticRegistrationPage.validateRegistrationResult(GridlasticRegistrationPage.java:65)
stepImpl.GridlasticRegistrationScenario.validateGridlasticRegistration(GridlasticRegistrationScenario.java:44)
sun.reflect.NativeMethodAccessorImpl.invoke0(Native Method)
sun.reflect.NativeMethodAccessorImpl.invoke(NativeMethodAccessorImpl.java:62)
sun.reflect.DelegatingMethodAccessorImpl.invoke(DelegatingMethodAccessorImpl.java:43)
java.lang.reflect.Method.invoke(Method.java:498)
com.thoughtworks.gauge.execution.MethodExecutor.execute(MethodExecutor.java:38)
com.thoughtworks.gauge.execution.StepExecutionStage.executeStepMethod(StepExecutionStage.java:74)
com.thoughtworks.gauge.execution.StepExecutionStage.executeStep(StepExecutionStage.java:67)
com.thoughtworks.gauge.execution.StepExecutionStage.execute(StepExecutionStage.java:49)
com.thoughtworks.gauge.execution.AbstractExecutionStage.executeNext(AbstractExecutionStage.java:24)
com.thoughtworks.gauge.execution.HookExecutionStage.execute(HookExecutionStage.java:43)
com.thoughtworks.gauge.execution.ExecutionPipeline.start(ExecutionPipeline.java:29)
com.thoughtworks.gauge.processor.ExecuteStepProcessor.process(ExecuteStepProcessor.java:39)
com.thoughtworks.gauge.connection.MessageDispatcher.dispatchMessages(MessageDispatcher.java:89)
com.thoughtworks.gauge.GaugeRuntime.dispatchMessages(GaugeRuntime.java:104)
com.thoughtworks.gauge.GaugeRuntime.access$100(GaugeRuntime.java:36)
com.thoughtworks.gauge.GaugeRuntime$2.run(GaugeRuntime.java:85)
java.lang.Thread.run(Thread.java:745)
23:08:43.024 * Navigate to Gridlastic Registration Page
23:08:44.043 * Closing the driver
23:08:46.035 Plugin [Html Report] with pid [492] has exited
23:08:46.137 Specifications:	1 executed	0 passed	1 failed	0 skipped
23:08:46.137 Scenarios:	1 executed	0 passed	1 failed	0 skipped
23:08:46.137 
Total time taken: 1m4.894s
23:14:13.867 Checking updates...
23:14:19.739 # Gridlastic Registration Test Specification
23:14:19.743 ## Gridlastic Registration Testing Scenario
23:14:19.747 * Setting up environment to run Android in Appium
23:14:34.260 * Validate the registraion of a user using First Name, Last Name, Comapany, Work Email, Username and Password in the following table 

     |First Name|Last Name    |Comapany |Work Email                   |Username      |Password |
     |----------|-------------|---------|-----------------------------|--------------|---------|
     |Osanda    |Deshan       |MaxSoft  |osanda.deshan16@maxsoft.com  |osandadeshan16|Osanda@92|
     |Gemunu    |Priyadarshana|Gemunu.lk|gpriyadarshana21@gemunulk.com|gemunulk21    |Gemunu@89|
     |Eranga    |Heshan       |eyeSoft  |eranga.heshan20@eyesoft.com  |erangaheshan20|Eranga@93|
23:14:34.260 * Navigate to Gridlastic Registration Page
23:14:39.273 * Validate the Gridlastic Registration Page title
23:14:39.691 * Register to Gridlastic using First Name, Last Name, Comapany, Work Email, Username and Password in the following table <table>
23:15:08.170 
Failed Step: Register to Gridlastic using First Name, Last Name, Comapany, Work Email, Username and Password in the following table <table>
23:15:08.170 Specification: specs\GridlasticRegistration.spec
23:15:08.170 Error Message: java.lang.AssertionError: expected [true] but found [false]
23:15:08.170 Stacktrace: 
org.testng.Assert.fail(Assert.java:94)
org.testng.Assert.failNotEquals(Assert.java:494)
org.testng.Assert.assertTrue(Assert.java:42)
org.testng.Assert.assertTrue(Assert.java:52)
GridlasticRegistrationPage.validateRegistrationResult(GridlasticRegistrationPage.java:64)
stepImpl.GridlasticRegistrationScenario.validateGridlasticRegistration(GridlasticRegistrationScenario.java:44)
sun.reflect.NativeMethodAccessorImpl.invoke0(Native Method)
sun.reflect.NativeMethodAccessorImpl.invoke(NativeMethodAccessorImpl.java:62)
sun.reflect.DelegatingMethodAccessorImpl.invoke(DelegatingMethodAccessorImpl.java:43)
java.lang.reflect.Method.invoke(Method.java:498)
com.thoughtworks.gauge.execution.MethodExecutor.execute(MethodExecutor.java:38)
com.thoughtworks.gauge.execution.StepExecutionStage.executeStepMethod(StepExecutionStage.java:74)
com.thoughtworks.gauge.execution.StepExecutionStage.executeStep(StepExecutionStage.java:67)
com.thoughtworks.gauge.execution.StepExecutionStage.execute(StepExecutionStage.java:49)
com.thoughtworks.gauge.execution.AbstractExecutionStage.executeNext(AbstractExecutionStage.java:24)
com.thoughtworks.gauge.execution.HookExecutionStage.execute(HookExecutionStage.java:43)
com.thoughtworks.gauge.execution.ExecutionPipeline.start(ExecutionPipeline.java:29)
com.thoughtworks.gauge.processor.ExecuteStepProcessor.process(ExecuteStepProcessor.java:39)
com.thoughtworks.gauge.connection.MessageDispatcher.dispatchMessages(MessageDispatcher.java:89)
com.thoughtworks.gauge.GaugeRuntime.dispatchMessages(GaugeRuntime.java:104)
com.thoughtworks.gauge.GaugeRuntime.access$100(GaugeRuntime.java:36)
com.thoughtworks.gauge.GaugeRuntime$2.run(GaugeRuntime.java:85)
java.lang.Thread.run(Thread.java:745)
23:15:08.170 * Navigate to Gridlastic Registration Page
23:15:10.309 * Closing the driver
23:15:12.296 Plugin [Html Report] with pid [9656] has exited
23:15:12.400 Specifications:	1 executed	0 passed	1 failed	0 skipped
23:15:12.400 Scenarios:	1 executed	0 passed	1 failed	0 skipped
23:15:12.400 
Total time taken: 52.574s
00:47:25.715 Checking updates...
00:47:47.206 # Gridlastic Registration Test Specification
00:47:47.207 ## Gridlastic Registration Testing Scenario
00:47:47.212 * Validate the registraion of a user using First Name, Last Name, Comapany, Work Email, Username and Password in the following table 

     |First Name|Last Name    |Comapany |Work Email                   |Username      |Password |
     |----------|-------------|---------|-----------------------------|--------------|---------|
     |Osanda    |Deshan       |MaxSoft  |osanda.deshan16@maxsoft.com  |osandadeshan16|Osanda@92|
     |Gemunu    |Priyadarshana|Gemunu.lk|gpriyadarshana21@gemunulk.com|gemunulk21    |Gemunu@89|
     |Eranga    |Heshan       |eyeSoft  |eranga.heshan20@eyesoft.com  |erangaheshan20|Eranga@93|
00:47:47.212 * Navigate to Gridlastic Registration Page
00:47:53.571 * Validate the Gridlastic Registration Page title
00:47:54.077 * Register to Gridlastic using First Name, Last Name, Comapany, Work Email, Username and Password in the following table <table>
00:48:23.241 
Failed Step: Register to Gridlastic using First Name, Last Name, Comapany, Work Email, Username and Password in the following table <table>
00:48:23.241 Specification: specs\GridlasticRegistration.spec
00:48:23.241 Error Message: java.lang.AssertionError: expected [true] but found [false]
00:48:23.241 Stacktrace: 
org.testng.Assert.fail(Assert.java:94)
org.testng.Assert.failNotEquals(Assert.java:494)
org.testng.Assert.assertTrue(Assert.java:42)
org.testng.Assert.assertTrue(Assert.java:52)
GridlasticRegistrationPage.validateRegistrationResult(GridlasticRegistrationPage.java:64)
stepImpl.GridlasticRegistrationScenario.validateGridlasticRegistration(GridlasticRegistrationScenario.java:44)
sun.reflect.NativeMethodAccessorImpl.invoke0(Native Method)
sun.reflect.NativeMethodAccessorImpl.invoke(NativeMethodAccessorImpl.java:62)
sun.reflect.DelegatingMethodAccessorImpl.invoke(DelegatingMethodAccessorImpl.java:43)
java.lang.reflect.Method.invoke(Method.java:498)
com.thoughtworks.gauge.execution.MethodExecutor.execute(MethodExecutor.java:38)
com.thoughtworks.gauge.execution.StepExecutionStage.executeStepMethod(StepExecutionStage.java:74)
com.thoughtworks.gauge.execution.StepExecutionStage.executeStep(StepExecutionStage.java:67)
com.thoughtworks.gauge.execution.StepExecutionStage.execute(StepExecutionStage.java:49)
com.thoughtworks.gauge.execution.AbstractExecutionStage.executeNext(AbstractExecutionStage.java:24)
com.thoughtworks.gauge.execution.HookExecutionStage.execute(HookExecutionStage.java:43)
com.thoughtworks.gauge.execution.ExecutionPipeline.start(ExecutionPipeline.java:29)
com.thoughtworks.gauge.processor.ExecuteStepProcessor.process(ExecuteStepProcessor.java:39)
com.thoughtworks.gauge.connection.MessageDispatcher.dispatchMessages(MessageDispatcher.java:89)
com.thoughtworks.gauge.GaugeRuntime.dispatchMessages(GaugeRuntime.java:104)
com.thoughtworks.gauge.GaugeRuntime.access$100(GaugeRuntime.java:36)
com.thoughtworks.gauge.GaugeRuntime$2.run(GaugeRuntime.java:85)
java.lang.Thread.run(Thread.java:745)
00:48:28.164 Plugin [Html Report] with pid [17996] has exited
00:48:28.669 Specifications:	1 executed	0 passed	1 failed	0 skipped
00:48:28.669 Scenarios:	1 executed	0 passed	1 failed	0 skipped
00:48:28.704 
Total time taken: 54.038s
11:47:34.850 Checking updates...
11:48:02.102 # Gridlastic Registration Test Specification
11:48:02.104 ## Gridlastic Registration Testing Scenario
11:48:02.108 * Validate the registraion of a user using First Name, Last Name, Comapany, Work Email, Username and Password in the following table 

     |First Name|Last Name    |Comapany |Work Email                   |Username      |Password |
     |----------|-------------|---------|-----------------------------|--------------|---------|
     |Osanda    |Deshan       |MaxSoft  |osanda.deshan16@maxsoft.com  |osandadeshan16|Osanda@92|
     |Gemunu    |Priyadarshana|Gemunu.lk|gpriyadarshana21@gemunulk.com|gemunulk21    |Gemunu@89|
     |Eranga    |Heshan       |eyeSoft  |eranga.heshan20@eyesoft.com  |erangaheshan20|Eranga@93|
11:48:02.108 * Navigate to Gridlastic Registration Page
11:48:06.605 * Validate the Gridlastic Registration Page title
11:48:06.933 * Register to Gridlastic using First Name, Last Name, Comapany, Work Email, Username and Password in the following table <table>
11:48:35.828 
Failed Step: Register to Gridlastic using First Name, Last Name, Comapany, Work Email, Username and Password in the following table <table>
11:48:35.828 Specification: specs\GridlasticRegistration.spec
11:48:35.828 Error Message: java.lang.AssertionError: expected [true] but found [false]
11:48:35.828 Stacktrace: 
org.testng.Assert.fail(Assert.java:94)
org.testng.Assert.failNotEquals(Assert.java:494)
org.testng.Assert.assertTrue(Assert.java:42)
org.testng.Assert.assertTrue(Assert.java:52)
pages.GridlasticRegistrationPage.validateRegistrationResult(GridlasticRegistrationPage.java:64)
stepImpl.GridlasticRegistrationScenario.validateGridlasticRegistration(GridlasticRegistrationScenario.java:44)
sun.reflect.NativeMethodAccessorImpl.invoke0(Native Method)
sun.reflect.NativeMethodAccessorImpl.invoke(NativeMethodAccessorImpl.java:62)
sun.reflect.DelegatingMethodAccessorImpl.invoke(DelegatingMethodAccessorImpl.java:43)
java.lang.reflect.Method.invoke(Method.java:498)
com.thoughtworks.gauge.execution.MethodExecutor.execute(MethodExecutor.java:38)
com.thoughtworks.gauge.execution.StepExecutionStage.executeStepMethod(StepExecutionStage.java:74)
com.thoughtworks.gauge.execution.StepExecutionStage.executeStep(StepExecutionStage.java:67)
com.thoughtworks.gauge.execution.StepExecutionStage.execute(StepExecutionStage.java:49)
com.thoughtworks.gauge.execution.AbstractExecutionStage.executeNext(AbstractExecutionStage.java:24)
com.thoughtworks.gauge.execution.HookExecutionStage.execute(HookExecutionStage.java:43)
com.thoughtworks.gauge.execution.ExecutionPipeline.start(ExecutionPipeline.java:29)
com.thoughtworks.gauge.processor.ExecuteStepProcessor.process(ExecuteStepProcessor.java:39)
com.thoughtworks.gauge.connection.MessageDispatcher.dispatchMessages(MessageDispatcher.java:89)
com.thoughtworks.gauge.GaugeRuntime.dispatchMessages(GaugeRuntime.java:104)
com.thoughtworks.gauge.GaugeRuntime.access$100(GaugeRuntime.java:36)
com.thoughtworks.gauge.GaugeRuntime$2.run(GaugeRuntime.java:85)
java.lang.Thread.run(Thread.java:745)
11:48:37.830 Plugin [Html Report] with pid [14772] has exited
11:48:37.931 Specifications:	1 executed	0 passed	1 failed	0 skipped
11:48:37.931 Scenarios:	1 executed	0 passed	1 failed	0 skipped
11:48:37.931 
Total time taken: 55.635s
11:54:14.051 Checking updates...
11:54:29.362 # Gridlastic Registration Test Specification
11:54:29.363 ## Gridlastic Registration Testing Scenario
11:54:29.367 * Validate the registraion of a user using First Name, Last Name, Comapany, Work Email, Username and Password in the following table 

     |First Name|Last Name    |Comapany |Work Email                   |Username      |Password |
     |----------|-------------|---------|-----------------------------|--------------|---------|
     |Osanda    |Deshan       |MaxSoft  |osanda.deshan16@maxsoft.com  |osandadeshan16|Osanda@92|
     |Gemunu    |Priyadarshana|Gemunu.lk|gpriyadarshana21@gemunulk.com|gemunulk21    |Gemunu@89|
     |Eranga    |Heshan       |eyeSoft  |eranga.heshan20@eyesoft.com  |erangaheshan20|Eranga@93|
11:54:29.367 * Navigate to Gridlastic Registration Page
11:54:34.591 * Validate the Gridlastic Registration Page title
11:54:34.770 * Register to Gridlastic using First Name, Last Name, Comapany, Work Email, Username and Password in the following table <table>
11:55:03.336 
Failed Step: Register to Gridlastic using First Name, Last Name, Comapany, Work Email, Username and Password in the following table <table>
11:55:03.336 Specification: specs\GridlasticRegistration.spec
11:55:03.336 Error Message: java.lang.AssertionError: expected [true] but found [false]
11:55:03.336 Stacktrace: 
org.testng.Assert.fail(Assert.java:94)
org.testng.Assert.failNotEquals(Assert.java:494)
org.testng.Assert.assertTrue(Assert.java:42)
org.testng.Assert.assertTrue(Assert.java:52)
pages.GridlasticRegistrationPage.validateRegistrationResult(GridlasticRegistrationPage.java:64)
stepImpl.GridlasticRegistrationScenario.validateGridlasticRegistration(GridlasticRegistrationScenario.java:44)
sun.reflect.NativeMethodAccessorImpl.invoke0(Native Method)
sun.reflect.NativeMethodAccessorImpl.invoke(NativeMethodAccessorImpl.java:62)
sun.reflect.DelegatingMethodAccessorImpl.invoke(DelegatingMethodAccessorImpl.java:43)
java.lang.reflect.Method.invoke(Method.java:498)
com.thoughtworks.gauge.execution.MethodExecutor.execute(MethodExecutor.java:38)
com.thoughtworks.gauge.execution.StepExecutionStage.executeStepMethod(StepExecutionStage.java:74)
com.thoughtworks.gauge.execution.StepExecutionStage.executeStep(StepExecutionStage.java:67)
com.thoughtworks.gauge.execution.StepExecutionStage.execute(StepExecutionStage.java:49)
com.thoughtworks.gauge.execution.AbstractExecutionStage.executeNext(AbstractExecutionStage.java:24)
com.thoughtworks.gauge.execution.HookExecutionStage.execute(HookExecutionStage.java:43)
com.thoughtworks.gauge.execution.ExecutionPipeline.start(ExecutionPipeline.java:29)
com.thoughtworks.gauge.processor.ExecuteStepProcessor.process(ExecuteStepProcessor.java:39)
com.thoughtworks.gauge.connection.MessageDispatcher.dispatchMessages(MessageDispatcher.java:89)
com.thoughtworks.gauge.GaugeRuntime.dispatchMessages(GaugeRuntime.java:104)
com.thoughtworks.gauge.GaugeRuntime.access$100(GaugeRuntime.java:36)
com.thoughtworks.gauge.GaugeRuntime$2.run(GaugeRuntime.java:85)
java.lang.Thread.run(Thread.java:745)
11:55:05.166 Plugin [Html Report] with pid [10996] has exited
11:55:05.368 Specifications:	1 executed	0 passed	1 failed	0 skipped
11:55:05.368 Scenarios:	1 executed	0 passed	1 failed	0 skipped
11:55:05.368 
Total time taken: 48.445s
12:07:36.240 Checking updates...
12:07:54.909 # Gridlastic Registration Test Specification
12:07:54.911 ## Gridlastic Registration Testing Scenario
12:07:54.914 * Validate the registraion of a user using First Name, Last Name, Comapany, Work Email, Username and Password in the following table 

     |First Name|Last Name    |Comapany |Work Email                   |Username      |Password |
     |----------|-------------|---------|-----------------------------|--------------|---------|
     |Osanda    |Deshan       |MaxSoft  |osanda.deshan16@maxsoft.com  |osandadeshan16|Osanda@92|
     |Gemunu    |Priyadarshana|Gemunu.lk|gpriyadarshana21@gemunulk.com|gemunulk21    |Gemunu@89|
     |Eranga    |Heshan       |eyeSoft  |eranga.heshan20@eyesoft.com  |erangaheshan20|Eranga@93|
12:07:54.914 * Navigate to Gridlastic Registration Page
12:08:01.660 * Validate the Gridlastic Registration Page title
12:08:01.985 * Register to Gridlastic using First Name, Last Name, Comapany, Work Email, Username and Password in the following table <table>
12:08:33.519 * Validate that the registration result is success
12:08:49.337 
Failed Step: Validate that the registration result is success
12:08:49.337 Specification: specs\GridlasticRegistration.spec
12:08:49.337 Error Message: java.lang.AssertionError: expected [true] but found [false]
12:08:49.337 Stacktrace: 
org.testng.Assert.fail(Assert.java:94)
org.testng.Assert.failNotEquals(Assert.java:494)
org.testng.Assert.assertTrue(Assert.java:42)
org.testng.Assert.assertTrue(Assert.java:52)
pages.GridlasticRegistrationPage.validateRegistrationResult(GridlasticRegistrationPage.java:63)
stepImpl.GridlasticRegistrationScenario.validationOfRegistration(GridlasticRegistrationScenario.java:49)
sun.reflect.NativeMethodAccessorImpl.invoke0(Native Method)
sun.reflect.NativeMethodAccessorImpl.invoke(NativeMethodAccessorImpl.java:62)
sun.reflect.DelegatingMethodAccessorImpl.invoke(DelegatingMethodAccessorImpl.java:43)
java.lang.reflect.Method.invoke(Method.java:498)
com.thoughtworks.gauge.execution.MethodExecutor.execute(MethodExecutor.java:38)
com.thoughtworks.gauge.execution.StepExecutionStage.executeStepMethod(StepExecutionStage.java:74)
com.thoughtworks.gauge.execution.StepExecutionStage.executeStep(StepExecutionStage.java:67)
com.thoughtworks.gauge.execution.StepExecutionStage.execute(StepExecutionStage.java:49)
com.thoughtworks.gauge.execution.AbstractExecutionStage.executeNext(AbstractExecutionStage.java:24)
com.thoughtworks.gauge.execution.HookExecutionStage.execute(HookExecutionStage.java:43)
com.thoughtworks.gauge.execution.ExecutionPipeline.start(ExecutionPipeline.java:29)
com.thoughtworks.gauge.processor.ExecuteStepProcessor.process(ExecuteStepProcessor.java:39)
com.thoughtworks.gauge.connection.MessageDispatcher.dispatchMessages(MessageDispatcher.java:89)
com.thoughtworks.gauge.GaugeRuntime.dispatchMessages(GaugeRuntime.java:104)
com.thoughtworks.gauge.GaugeRuntime.access$100(GaugeRuntime.java:36)
com.thoughtworks.gauge.GaugeRuntime$2.run(GaugeRuntime.java:85)
java.lang.Thread.run(Thread.java:745)
12:08:51.276 Plugin [Html Report] with pid [16852] has exited
12:08:51.378 Specifications:	1 executed	0 passed	1 failed	0 skipped
12:08:51.378 Scenarios:	1 executed	0 passed	1 failed	0 skipped
12:08:51.378 
Total time taken: 1m12.168s
17:42:55.523 [ParseError] C:\Users\Osanda\IdeaProjects\BDT-Mobile-WebApp-Testing-Demo\specs\NewGridlasticRegistration.spec:18 Dynamic parameter <First_Name> could not be resolved => 'Invalid registration to Gridlastic using First Name as <First_Name>, Last Name as <Last_Name>, Comapany as <Comapany>, Work Email as <Work_Email>, Username as <Username> and Password as <Password> in the following table'
17:42:57.388 Checking updates...
17:44:08.256 # Gridlastic Registration Test Specification
17:44:08.303 ## Gridlastic Registration Testing Scenario
17:44:08.334 * Navigate to Gridlastic Registration Page
17:44:12.854 * Validate the Gridlastic Registration Page title
17:44:13.302 * Validate that the registration result is success

17:44:29.685 
Failed Step: Validate that the registration result is success
17:44:29.685 Specification: specs\NewGridlasticRegistration.spec:19
17:44:29.685 Error Message: java.lang.AssertionError: expected [true] but found [false]
17:44:29.685 Stacktrace: 
org.testng.Assert.fail(Assert.java:94)
org.testng.Assert.failNotEquals(Assert.java:494)
org.testng.Assert.assertTrue(Assert.java:42)
org.testng.Assert.assertTrue(Assert.java:52)
pages.GridlasticRegistrationPage.validateRegistrationResult(GridlasticRegistrationPage.java:63)
stepImpl.GridlasticRegistrationScenario.validationOfRegistration(GridlasticRegistrationScenario.java:59)
sun.reflect.NativeMethodAccessorImpl.invoke0(Native Method)
sun.reflect.NativeMethodAccessorImpl.invoke(NativeMethodAccessorImpl.java:62)
sun.reflect.DelegatingMethodAccessorImpl.invoke(DelegatingMethodAccessorImpl.java:43)
java.lang.reflect.Method.invoke(Method.java:498)
com.thoughtworks.gauge.execution.MethodExecutor.execute(MethodExecutor.java:38)
com.thoughtworks.gauge.execution.StepExecutionStage.executeStepMethod(StepExecutionStage.java:74)
com.thoughtworks.gauge.execution.StepExecutionStage.executeStep(StepExecutionStage.java:67)
com.thoughtworks.gauge.execution.StepExecutionStage.execute(StepExecutionStage.java:49)
com.thoughtworks.gauge.execution.AbstractExecutionStage.executeNext(AbstractExecutionStage.java:24)
com.thoughtworks.gauge.execution.HookExecutionStage.execute(HookExecutionStage.java:43)
com.thoughtworks.gauge.execution.ExecutionPipeline.start(ExecutionPipeline.java:29)
com.thoughtworks.gauge.processor.ExecuteStepProcessor.process(ExecuteStepProcessor.java:39)
com.thoughtworks.gauge.connection.MessageDispatcher.dispatchMessages(MessageDispatcher.java:89)
com.thoughtworks.gauge.GaugeRuntime.dispatchMessages(GaugeRuntime.java:104)
com.thoughtworks.gauge.GaugeRuntime.access$100(GaugeRuntime.java:36)
com.thoughtworks.gauge.GaugeRuntime$2.run(GaugeRuntime.java:85)
java.lang.Thread.run(Thread.java:745)
17:44:35.656 Plugin [Html Report] with pid [12316] has exited
17:44:36.659 Specifications:	1 executed	0 passed	1 failed	0 skipped
17:44:36.659 Scenarios:	1 executed	0 passed	1 failed	0 skipped
17:44:36.699 
Total time taken: 1m12.646s
17:45:44.825 Checking updates...
17:46:31.792 # Gridlastic Registration Test Specification
17:46:31.813 
     |First_Name|Last_Name|Comapany|Work_Email                 |Username      |Password |
     |----------|---------|--------|---------------------------|--------------|---------|
     |Osanda    |Deshan   |MaxSoft |osanda.deshan16@maxsoft.com|osandadeshan16|Osanda@92|
17:46:31.813 ## Gridlastic Registration Testing Scenario
17:46:31.816 * Navigate to Gridlastic Registration Page
17:46:36.425 * Validate the Gridlastic Registration Page title
17:46:36.893 * Invalid registration to Gridlastic using First Name as <First_Name>, Last Name as <Last_Name>, Comapany as <Comapany>, Work Email as <Work_Email>, Username as <Username> and Password as <Password> in the following table
17:46:49.677 * Validate that the registration result is success

17:47:05.619 
Failed Step: Validate that the registration result is success
17:47:05.619 Specification: specs\NewGridlasticRegistration.spec:19
17:47:05.619 Error Message: java.lang.AssertionError: expected [true] but found [false]
17:47:05.619 Stacktrace: 
org.testng.Assert.fail(Assert.java:94)
org.testng.Assert.failNotEquals(Assert.java:494)
org.testng.Assert.assertTrue(Assert.java:42)
org.testng.Assert.assertTrue(Assert.java:52)
pages.GridlasticRegistrationPage.validateRegistrationResult(GridlasticRegistrationPage.java:63)
stepImpl.GridlasticRegistrationScenario.validationOfRegistration(GridlasticRegistrationScenario.java:59)
sun.reflect.NativeMethodAccessorImpl.invoke0(Native Method)
sun.reflect.NativeMethodAccessorImpl.invoke(NativeMethodAccessorImpl.java:62)
sun.reflect.DelegatingMethodAccessorImpl.invoke(DelegatingMethodAccessorImpl.java:43)
java.lang.reflect.Method.invoke(Method.java:498)
com.thoughtworks.gauge.execution.MethodExecutor.execute(MethodExecutor.java:38)
com.thoughtworks.gauge.execution.StepExecutionStage.executeStepMethod(StepExecutionStage.java:74)
com.thoughtworks.gauge.execution.StepExecutionStage.executeStep(StepExecutionStage.java:67)
com.thoughtworks.gauge.execution.StepExecutionStage.execute(StepExecutionStage.java:49)
com.thoughtworks.gauge.execution.AbstractExecutionStage.executeNext(AbstractExecutionStage.java:24)
com.thoughtworks.gauge.execution.HookExecutionStage.execute(HookExecutionStage.java:43)
com.thoughtworks.gauge.execution.ExecutionPipeline.start(ExecutionPipeline.java:29)
com.thoughtworks.gauge.processor.ExecuteStepProcessor.process(ExecuteStepProcessor.java:39)
com.thoughtworks.gauge.connection.MessageDispatcher.dispatchMessages(MessageDispatcher.java:89)
com.thoughtworks.gauge.GaugeRuntime.dispatchMessages(GaugeRuntime.java:104)
com.thoughtworks.gauge.GaugeRuntime.access$100(GaugeRuntime.java:36)
com.thoughtworks.gauge.GaugeRuntime$2.run(GaugeRuntime.java:85)
java.lang.Thread.run(Thread.java:745)
17:47:05.621 
     |First_Name|Last_Name    |Comapany |Work_Email                   |Username  |Password |
     |----------|-------------|---------|-----------------------------|----------|---------|
     |Gemunu    |Priyadarshana|Gemunu.lk|gpriyadarshana21@gemunulk.com|gemunulk21|Gemunu@89|
17:47:05.622 ## Gridlastic Registration Testing Scenario
17:47:05.622 * Navigate to Gridlastic Registration Page
17:47:07.071 * Validate the Gridlastic Registration Page title
17:47:07.227 * Invalid registration to Gridlastic using First Name as <First_Name>, Last Name as <Last_Name>, Comapany as <Comapany>, Work Email as <Work_Email>, Username as <Username> and Password as <Password> in the following table
17:47:19.439 * Validate that the registration result is success

17:47:35.027 
Failed Step: Validate that the registration result is success
17:47:35.027 Specification: specs\NewGridlasticRegistration.spec:19
17:47:35.027 Error Message: java.lang.AssertionError: expected [true] but found [false]
17:47:35.028 Stacktrace: 
org.testng.Assert.fail(Assert.java:94)
org.testng.Assert.failNotEquals(Assert.java:494)
org.testng.Assert.assertTrue(Assert.java:42)
org.testng.Assert.assertTrue(Assert.java:52)
pages.GridlasticRegistrationPage.validateRegistrationResult(GridlasticRegistrationPage.java:63)
stepImpl.GridlasticRegistrationScenario.validationOfRegistration(GridlasticRegistrationScenario.java:59)
sun.reflect.NativeMethodAccessorImpl.invoke0(Native Method)
sun.reflect.NativeMethodAccessorImpl.invoke(NativeMethodAccessorImpl.java:62)
sun.reflect.DelegatingMethodAccessorImpl.invoke(DelegatingMethodAccessorImpl.java:43)
java.lang.reflect.Method.invoke(Method.java:498)
com.thoughtworks.gauge.execution.MethodExecutor.execute(MethodExecutor.java:38)
com.thoughtworks.gauge.execution.StepExecutionStage.executeStepMethod(StepExecutionStage.java:74)
com.thoughtworks.gauge.execution.StepExecutionStage.executeStep(StepExecutionStage.java:67)
com.thoughtworks.gauge.execution.StepExecutionStage.execute(StepExecutionStage.java:49)
com.thoughtworks.gauge.execution.AbstractExecutionStage.executeNext(AbstractExecutionStage.java:24)
com.thoughtworks.gauge.execution.HookExecutionStage.execute(HookExecutionStage.java:43)
com.thoughtworks.gauge.execution.ExecutionPipeline.start(ExecutionPipeline.java:29)
com.thoughtworks.gauge.processor.ExecuteStepProcessor.process(ExecuteStepProcessor.java:39)
com.thoughtworks.gauge.connection.MessageDispatcher.dispatchMessages(MessageDispatcher.java:89)
com.thoughtworks.gauge.GaugeRuntime.dispatchMessages(GaugeRuntime.java:104)
com.thoughtworks.gauge.GaugeRuntime.access$100(GaugeRuntime.java:36)
com.thoughtworks.gauge.GaugeRuntime$2.run(GaugeRuntime.java:85)
java.lang.Thread.run(Thread.java:745)
17:47:35.058 
     |First_Name|Last_Name|Comapany|Work_Email                 |Username      |Password |
     |----------|---------|--------|---------------------------|--------------|---------|
     |Eranga    |Heshan   |eyeSoft |eranga.heshan20@eyesoft.com|erangaheshan20|Eranga@93|
17:47:35.058 ## Gridlastic Registration Testing Scenario
17:47:35.059 * Navigate to Gridlastic Registration Page
17:47:36.369 * Validate the Gridlastic Registration Page title
17:47:36.708 * Invalid registration to Gridlastic using First Name as <First_Name>, Last Name as <Last_Name>, Comapany as <Comapany>, Work Email as <Work_Email>, Username as <Username> and Password as <Password> in the following table
17:48:06.357 * Validate that the registration result is success

17:48:09.357 Plugin [Html Report] with pid [11100] has exited
17:48:09.859 Specifications:	1 executed	0 passed	1 failed	0 skipped
17:48:09.859 Scenarios:	1 executed	0 passed	1 failed	0 skipped
17:48:09.898 
Total time taken: 2m8.393s
10:45:57.275 Checking updates...
10:46:32.137 # Gridlastic Registration Test Specification
10:46:32.139 
     |First_Name|Last_Name|Comapany|Work_Email                 |Username      |Password |
     |----------|---------|--------|---------------------------|--------------|---------|
     |Osanda    |Deshan   |MaxSoft |osanda.deshan16@maxsoft.com|osandadeshan16|Osanda@92|
10:46:32.139 ## Gridlastic Registration Testing Scenario
10:46:32.141 * Navigate to Gridlastic Registration Page
10:46:37.772 * Validate the Gridlastic Registration Page title
10:46:38.201 * Invalid registration to Gridlastic using First Name as <First_Name>, Last Name as <Last_Name>, Comapany as <Comapany>, Work Email as <Work_Email>, Username as <Username> and Password as <Password> in the following table
10:46:50.821 * Validate that the registration result is success

10:47:06.845 
Failed Step: Validate that the registration result is success
10:47:06.845 Specification: specs\NewGridlasticRegistration.spec:19
10:47:06.845 Error Message: java.lang.AssertionError: expected [true] but found [false]
10:47:06.845 Stacktrace: 
org.testng.Assert.fail(Assert.java:94)
org.testng.Assert.failNotEquals(Assert.java:494)
org.testng.Assert.assertTrue(Assert.java:42)
org.testng.Assert.assertTrue(Assert.java:52)
pages.GridlasticRegistrationPage.validateRegistrationResult(GridlasticRegistrationPage.java:63)
stepImpl.GridlasticRegistrationScenario.validationOfRegistration(GridlasticRegistrationScenario.java:59)
sun.reflect.NativeMethodAccessorImpl.invoke0(Native Method)
sun.reflect.NativeMethodAccessorImpl.invoke(NativeMethodAccessorImpl.java:62)
sun.reflect.DelegatingMethodAccessorImpl.invoke(DelegatingMethodAccessorImpl.java:43)
java.lang.reflect.Method.invoke(Method.java:498)
com.thoughtworks.gauge.execution.MethodExecutor.execute(MethodExecutor.java:38)
com.thoughtworks.gauge.execution.StepExecutionStage.executeStepMethod(StepExecutionStage.java:74)
com.thoughtworks.gauge.execution.StepExecutionStage.executeStep(StepExecutionStage.java:67)
com.thoughtworks.gauge.execution.StepExecutionStage.execute(StepExecutionStage.java:49)
com.thoughtworks.gauge.execution.AbstractExecutionStage.executeNext(AbstractExecutionStage.java:24)
com.thoughtworks.gauge.execution.HookExecutionStage.execute(HookExecutionStage.java:43)
com.thoughtworks.gauge.execution.ExecutionPipeline.start(ExecutionPipeline.java:29)
com.thoughtworks.gauge.processor.ExecuteStepProcessor.process(ExecuteStepProcessor.java:39)
com.thoughtworks.gauge.connection.MessageDispatcher.dispatchMessages(MessageDispatcher.java:89)
com.thoughtworks.gauge.GaugeRuntime.dispatchMessages(GaugeRuntime.java:104)
com.thoughtworks.gauge.GaugeRuntime.access$100(GaugeRuntime.java:36)
com.thoughtworks.gauge.GaugeRuntime$2.run(GaugeRuntime.java:85)
java.lang.Thread.run(Thread.java:745)
10:47:06.848 
     |First_Name|Last_Name    |Comapany |Work_Email                   |Username  |Password |
     |----------|-------------|---------|-----------------------------|----------|---------|
     |Gemunu    |Priyadarshana|Gemunu.lk|gpriyadarshana21@gemunulk.com|gemunulk21|Gemunu@89|
10:47:06.848 ## Gridlastic Registration Testing Scenario
10:47:06.849 * Navigate to Gridlastic Registration Page
10:47:08.838 * Validate the Gridlastic Registration Page title
10:47:09.166 * Invalid registration to Gridlastic using First Name as <First_Name>, Last Name as <Last_Name>, Comapany as <Comapany>, Work Email as <Work_Email>, Username as <Username> and Password as <Password> in the following table
10:47:22.179 * Validate that the registration result is success

10:47:38.241 
Failed Step: Validate that the registration result is success
10:47:38.241 Specification: specs\NewGridlasticRegistration.spec:19
10:47:38.241 Error Message: java.lang.AssertionError: expected [true] but found [false]
10:47:38.241 Stacktrace: 
org.testng.Assert.fail(Assert.java:94)
org.testng.Assert.failNotEquals(Assert.java:494)
org.testng.Assert.assertTrue(Assert.java:42)
org.testng.Assert.assertTrue(Assert.java:52)
pages.GridlasticRegistrationPage.validateRegistrationResult(GridlasticRegistrationPage.java:63)
stepImpl.GridlasticRegistrationScenario.validationOfRegistration(GridlasticRegistrationScenario.java:59)
sun.reflect.NativeMethodAccessorImpl.invoke0(Native Method)
sun.reflect.NativeMethodAccessorImpl.invoke(NativeMethodAccessorImpl.java:62)
sun.reflect.DelegatingMethodAccessorImpl.invoke(DelegatingMethodAccessorImpl.java:43)
java.lang.reflect.Method.invoke(Method.java:498)
com.thoughtworks.gauge.execution.MethodExecutor.execute(MethodExecutor.java:38)
com.thoughtworks.gauge.execution.StepExecutionStage.executeStepMethod(StepExecutionStage.java:74)
com.thoughtworks.gauge.execution.StepExecutionStage.executeStep(StepExecutionStage.java:67)
com.thoughtworks.gauge.execution.StepExecutionStage.execute(StepExecutionStage.java:49)
com.thoughtworks.gauge.execution.AbstractExecutionStage.executeNext(AbstractExecutionStage.java:24)
com.thoughtworks.gauge.execution.HookExecutionStage.execute(HookExecutionStage.java:43)
com.thoughtworks.gauge.execution.ExecutionPipeline.start(ExecutionPipeline.java:29)
com.thoughtworks.gauge.processor.ExecuteStepProcessor.process(ExecuteStepProcessor.java:39)
com.thoughtworks.gauge.connection.MessageDispatcher.dispatchMessages(MessageDispatcher.java:89)
com.thoughtworks.gauge.GaugeRuntime.dispatchMessages(GaugeRuntime.java:104)
com.thoughtworks.gauge.GaugeRuntime.access$100(GaugeRuntime.java:36)
com.thoughtworks.gauge.GaugeRuntime$2.run(GaugeRuntime.java:85)
java.lang.Thread.run(Thread.java:745)
10:47:38.242 
     |First_Name|Last_Name|Comapany|Work_Email                 |Username      |Password |
     |----------|---------|--------|---------------------------|--------------|---------|
     |Eranga    |Heshan   |eyeSoft |eranga.heshan20@eyesoft.com|erangaheshan20|Eranga@93|
10:47:38.242 ## Gridlastic Registration Testing Scenario
10:47:38.242 * Navigate to Gridlastic Registration Page
10:47:40.125 * Validate the Gridlastic Registration Page title
10:47:40.290 * Invalid registration to Gridlastic using First Name as <First_Name>, Last Name as <Last_Name>, Comapany as <Comapany>, Work Email as <Work_Email>, Username as <Username> and Password as <Password> in the following table
10:47:52.423 * Validate that the registration result is success

10:48:08.042 
Failed Step: Validate that the registration result is success
10:48:08.042 Specification: specs\NewGridlasticRegistration.spec:19
10:48:08.042 Error Message: java.lang.AssertionError: expected [true] but found [false]
10:48:08.042 Stacktrace: 
org.testng.Assert.fail(Assert.java:94)
org.testng.Assert.failNotEquals(Assert.java:494)
org.testng.Assert.assertTrue(Assert.java:42)
org.testng.Assert.assertTrue(Assert.java:52)
pages.GridlasticRegistrationPage.validateRegistrationResult(GridlasticRegistrationPage.java:63)
stepImpl.GridlasticRegistrationScenario.validationOfRegistration(GridlasticRegistrationScenario.java:59)
sun.reflect.NativeMethodAccessorImpl.invoke0(Native Method)
sun.reflect.NativeMethodAccessorImpl.invoke(NativeMethodAccessorImpl.java:62)
sun.reflect.DelegatingMethodAccessorImpl.invoke(DelegatingMethodAccessorImpl.java:43)
java.lang.reflect.Method.invoke(Method.java:498)
com.thoughtworks.gauge.execution.MethodExecutor.execute(MethodExecutor.java:38)
com.thoughtworks.gauge.execution.StepExecutionStage.executeStepMethod(StepExecutionStage.java:74)
com.thoughtworks.gauge.execution.StepExecutionStage.executeStep(StepExecutionStage.java:67)
com.thoughtworks.gauge.execution.StepExecutionStage.execute(StepExecutionStage.java:49)
com.thoughtworks.gauge.execution.AbstractExecutionStage.executeNext(AbstractExecutionStage.java:24)
com.thoughtworks.gauge.execution.HookExecutionStage.execute(HookExecutionStage.java:43)
com.thoughtworks.gauge.execution.ExecutionPipeline.start(ExecutionPipeline.java:29)
com.thoughtworks.gauge.processor.ExecuteStepProcessor.process(ExecuteStepProcessor.java:39)
com.thoughtworks.gauge.connection.MessageDispatcher.dispatchMessages(MessageDispatcher.java:89)
com.thoughtworks.gauge.GaugeRuntime.dispatchMessages(GaugeRuntime.java:104)
com.thoughtworks.gauge.GaugeRuntime.access$100(GaugeRuntime.java:36)
com.thoughtworks.gauge.GaugeRuntime$2.run(GaugeRuntime.java:85)
java.lang.Thread.run(Thread.java:745)
10:48:10.308 Plugin [Html Report] with pid [8888] has exited
10:48:10.511 Specifications:	1 executed	0 passed	1 failed	0 skipped
10:48:10.511 Scenarios:	1 executed	0 passed	1 failed	0 skipped
10:48:10.511 
Total time taken: 1m57.563s
10:55:57.466 [ParseError] C:\Users\Osanda\IdeaProjects\BDT-Mobile-WebApp-Testing-Demo\specs\NewGridlasticRegistration.spec:21 Dynamic parameter <First_Name> could not be resolved => 'Invalid registration to Gridlastic using First Name as <First_Name>, Last Name as <Last_Name>, Comapany as <Comapany>, Work Email as <Work_Email>, Username as <Username> and Password as <Password> in the following table'
10:55:59.141 Checking updates...
10:56:19.919 Plugin [Html Report] with pid [6408] has exited
10:56:20.123 Specifications:	1 executed	0 passed	1 failed	0 skipped
10:56:20.123 Scenarios:	0 executed	0 passed	0 failed	0 skipped
10:56:20.123 
Total time taken: 15.294s
10:57:59.268 Checking updates...
10:58:19.170 # Gridlastic Registration Test Specification
10:58:19.173 
     |First_Name|Last_Name|Comapany|Work_Email              |Username    |Password |
     |----------|---------|--------|------------------------|------------|---------|
     |Osanda    |Deshan   |MaxSoft |osanda.deshan@mitrai.com|osandadeshan|Osanda@92|
10:58:19.173 ## Gridlastic Registration Testing Scenario
10:58:19.176 * Navigate to Gridlastic Registration Page
10:58:24.096 * Validate the Gridlastic Registration Page title
10:58:24.547 * Invalid registration to Gridlastic using First Name as <First_Name>, Last Name as <Last_Name>, Comapany as <Comapany>, Work Email as <Work_Email>, Username as <Username> and Password as <Password> in the following table
10:58:37.054 * Validate that the registration result is success

10:58:53.012 
Failed Step: Validate that the registration result is success
10:58:53.012 Specification: specs\NewGridlasticRegistration.spec:22
10:58:53.012 Error Message: java.lang.AssertionError: expected [true] but found [false]
10:58:53.012 Stacktrace: 
org.testng.Assert.fail(Assert.java:94)
org.testng.Assert.failNotEquals(Assert.java:494)
org.testng.Assert.assertTrue(Assert.java:42)
org.testng.Assert.assertTrue(Assert.java:52)
pages.GridlasticRegistrationPage.validateRegistrationResult(GridlasticRegistrationPage.java:63)
stepImpl.GridlasticRegistrationScenario.validationOfRegistration(GridlasticRegistrationScenario.java:59)
sun.reflect.NativeMethodAccessorImpl.invoke0(Native Method)
sun.reflect.NativeMethodAccessorImpl.invoke(NativeMethodAccessorImpl.java:62)
sun.reflect.DelegatingMethodAccessorImpl.invoke(DelegatingMethodAccessorImpl.java:43)
java.lang.reflect.Method.invoke(Method.java:498)
com.thoughtworks.gauge.execution.MethodExecutor.execute(MethodExecutor.java:38)
com.thoughtworks.gauge.execution.StepExecutionStage.executeStepMethod(StepExecutionStage.java:74)
com.thoughtworks.gauge.execution.StepExecutionStage.executeStep(StepExecutionStage.java:67)
com.thoughtworks.gauge.execution.StepExecutionStage.execute(StepExecutionStage.java:49)
com.thoughtworks.gauge.execution.AbstractExecutionStage.executeNext(AbstractExecutionStage.java:24)
com.thoughtworks.gauge.execution.HookExecutionStage.execute(HookExecutionStage.java:43)
com.thoughtworks.gauge.execution.ExecutionPipeline.start(ExecutionPipeline.java:29)
com.thoughtworks.gauge.processor.ExecuteStepProcessor.process(ExecuteStepProcessor.java:39)
com.thoughtworks.gauge.connection.MessageDispatcher.dispatchMessages(MessageDispatcher.java:89)
com.thoughtworks.gauge.GaugeRuntime.dispatchMessages(GaugeRuntime.java:104)
com.thoughtworks.gauge.GaugeRuntime.access$100(GaugeRuntime.java:36)
com.thoughtworks.gauge.GaugeRuntime$2.run(GaugeRuntime.java:85)
java.lang.Thread.run(Thread.java:745)
10:58:53.017 
     |First_Name|Last_Name    |Comapany |Work_Email                   |Username  |Password |
     |----------|-------------|---------|-----------------------------|----------|---------|
     |Gemunu    |Priyadarshana|Gemunu.lk|gpriyadarshana21@gemunulk.com|gemunulk21|Gemunu@89|
10:58:53.017 ## Gridlastic Registration Testing Scenario
10:58:53.020 * Navigate to Gridlastic Registration Page
10:58:54.911 * Validate the Gridlastic Registration Page title
10:58:55.083 * Invalid registration to Gridlastic using First Name as <First_Name>, Last Name as <Last_Name>, Comapany as <Comapany>, Work Email as <Work_Email>, Username as <Username> and Password as <Password> in the following table
10:59:07.690 * Validate that the registration result is success

10:59:23.727 
Failed Step: Validate that the registration result is success
10:59:23.727 Specification: specs\NewGridlasticRegistration.spec:22
10:59:23.727 Error Message: java.lang.AssertionError: expected [true] but found [false]
10:59:23.727 Stacktrace: 
org.testng.Assert.fail(Assert.java:94)
org.testng.Assert.failNotEquals(Assert.java:494)
org.testng.Assert.assertTrue(Assert.java:42)
org.testng.Assert.assertTrue(Assert.java:52)
pages.GridlasticRegistrationPage.validateRegistrationResult(GridlasticRegistrationPage.java:63)
stepImpl.GridlasticRegistrationScenario.validationOfRegistration(GridlasticRegistrationScenario.java:59)
sun.reflect.NativeMethodAccessorImpl.invoke0(Native Method)
sun.reflect.NativeMethodAccessorImpl.invoke(NativeMethodAccessorImpl.java:62)
sun.reflect.DelegatingMethodAccessorImpl.invoke(DelegatingMethodAccessorImpl.java:43)
java.lang.reflect.Method.invoke(Method.java:498)
com.thoughtworks.gauge.execution.MethodExecutor.execute(MethodExecutor.java:38)
com.thoughtworks.gauge.execution.StepExecutionStage.executeStepMethod(StepExecutionStage.java:74)
com.thoughtworks.gauge.execution.StepExecutionStage.executeStep(StepExecutionStage.java:67)
com.thoughtworks.gauge.execution.StepExecutionStage.execute(StepExecutionStage.java:49)
com.thoughtworks.gauge.execution.AbstractExecutionStage.executeNext(AbstractExecutionStage.java:24)
com.thoughtworks.gauge.execution.HookExecutionStage.execute(HookExecutionStage.java:43)
com.thoughtworks.gauge.execution.ExecutionPipeline.start(ExecutionPipeline.java:29)
com.thoughtworks.gauge.processor.ExecuteStepProcessor.process(ExecuteStepProcessor.java:39)
com.thoughtworks.gauge.connection.MessageDispatcher.dispatchMessages(MessageDispatcher.java:89)
com.thoughtworks.gauge.GaugeRuntime.dispatchMessages(GaugeRuntime.java:104)
com.thoughtworks.gauge.GaugeRuntime.access$100(GaugeRuntime.java:36)
com.thoughtworks.gauge.GaugeRuntime$2.run(GaugeRuntime.java:85)
java.lang.Thread.run(Thread.java:745)
10:59:23.729 
     |First_Name|Last_Name|Comapany|Work_Email                 |Username      |Password  |
     |----------|---------|--------|---------------------------|--------------|----------|
     |Eranga    |Heshan   |eyeSoft |eranga.heshan20@eyesoft.com|erangaheshan20|Eranga@93||
10:59:23.729 ## Gridlastic Registration Testing Scenario
10:59:23.729 * Navigate to Gridlastic Registration Page
10:59:26.028 * Validate the Gridlastic Registration Page title
10:59:26.433 * Invalid registration to Gridlastic using First Name as <First_Name>, Last Name as <Last_Name>, Comapany as <Comapany>, Work Email as <Work_Email>, Username as <Username> and Password as <Password> in the following table
10:59:41.560 * Validate that the registration result is success

10:59:57.412 
Failed Step: Validate that the registration result is success
10:59:57.412 Specification: specs\NewGridlasticRegistration.spec:22
10:59:57.412 Error Message: java.lang.AssertionError: expected [true] but found [false]
10:59:57.412 Stacktrace: 
org.testng.Assert.fail(Assert.java:94)
org.testng.Assert.failNotEquals(Assert.java:494)
org.testng.Assert.assertTrue(Assert.java:42)
org.testng.Assert.assertTrue(Assert.java:52)
pages.GridlasticRegistrationPage.validateRegistrationResult(GridlasticRegistrationPage.java:63)
stepImpl.GridlasticRegistrationScenario.validationOfRegistration(GridlasticRegistrationScenario.java:59)
sun.reflect.NativeMethodAccessorImpl.invoke0(Native Method)
sun.reflect.NativeMethodAccessorImpl.invoke(NativeMethodAccessorImpl.java:62)
sun.reflect.DelegatingMethodAccessorImpl.invoke(DelegatingMethodAccessorImpl.java:43)
java.lang.reflect.Method.invoke(Method.java:498)
com.thoughtworks.gauge.execution.MethodExecutor.execute(MethodExecutor.java:38)
com.thoughtworks.gauge.execution.StepExecutionStage.executeStepMethod(StepExecutionStage.java:74)
com.thoughtworks.gauge.execution.StepExecutionStage.executeStep(StepExecutionStage.java:67)
com.thoughtworks.gauge.execution.StepExecutionStage.execute(StepExecutionStage.java:49)
com.thoughtworks.gauge.execution.AbstractExecutionStage.executeNext(AbstractExecutionStage.java:24)
com.thoughtworks.gauge.execution.HookExecutionStage.execute(HookExecutionStage.java:43)
com.thoughtworks.gauge.execution.ExecutionPipeline.start(ExecutionPipeline.java:29)
com.thoughtworks.gauge.processor.ExecuteStepProcessor.process(ExecuteStepProcessor.java:39)
com.thoughtworks.gauge.connection.MessageDispatcher.dispatchMessages(MessageDispatcher.java:89)
com.thoughtworks.gauge.GaugeRuntime.dispatchMessages(GaugeRuntime.java:104)
com.thoughtworks.gauge.GaugeRuntime.access$100(GaugeRuntime.java:36)
com.thoughtworks.gauge.GaugeRuntime$2.run(GaugeRuntime.java:85)
java.lang.Thread.run(Thread.java:745)
10:59:59.868 Plugin [Html Report] with pid [8000] has exited
11:00:00.073 Specifications:	1 executed	0 passed	1 failed	0 skipped
11:00:00.073 Scenarios:	1 executed	0 passed	1 failed	0 skipped
11:00:00.073 
Total time taken: 1m54.73s
11:30:33.169 Checking updates...
11:30:33.175 Failed to download html-report-install.json file: Get https://downloads.getgauge.io/plugin/html-report?l=java&p=html-report,java&o=windows&a=amd64: dial tcp: lookup downloads.getgauge.io: no such host
11:30:33.180 Failed to download java-install.json file: Get https://downloads.getgauge.io/plugin/java?l=java&p=html-report,java&o=windows&a=amd64: dial tcp: lookup downloads.getgauge.io: no such host
11:30:56.775 # Register into Gridlastic using a data driven table Test Specification
11:30:56.777 
     |First_Name|Last_Name|Comapany|Work_Email                 |Username      |Password |
     |----------|---------|--------|---------------------------|--------------|---------|
     |Osanda    |Deshan   |MaxSoft |osanda.deshan16@maxsoft.com|osandadeshan16|Osanda@92|
11:30:56.777 ## Gridlastic Registration Testing Scenario
11:30:56.782 * Navigate to Gridlastic Registration Page
11:31:01.610 * Validate the Gridlastic Registration Page title
11:31:02.019 * Validate the registraion to Gridlastic using First Name as <First_Name>, Last Name as <Last_Name>, Comapany as <Comapany>, Work Email as <Work_Email>, Username as <Username> and Password as <Password> in the following table
11:31:13.954 * Validate that the registration result is success

11:31:28.880 
Failed Step: Validate that the registration result is success
11:31:28.880 Specification: specs\Register into Gridlastic using a data driven table.spec:21
11:31:28.880 Error Message: Connection closed [127.0.0.1:60310] cause: read tcp 127.0.0.1:60304->127.0.0.1:60310: wsarecv: An existing connection was forcibly closed by the remote host.
11:31:28.880 Stacktrace: 
11:31:28.880 Error Message: write tcp 127.0.0.1:60304->127.0.0.1:60310: use of closed network connection
11:31:28.880 Stacktrace: 
11:31:28.880 Error Message: write tcp 127.0.0.1:60304->127.0.0.1:60310: use of closed network connection
11:31:28.880 Stacktrace: 
11:31:28.881 Failed to initialize spec datastore. Error: write tcp 127.0.0.1:60304->127.0.0.1:60310: use of closed network connection
11:31:28.881 Failed to initialize spec datastore. Error: write tcp 127.0.0.1:60304->127.0.0.1:60310: use of closed network connection
11:31:28.881 Failed to initialize spec datastore. Error: write tcp 127.0.0.1:60304->127.0.0.1:60310: use of closed network connection
11:31:28.881 Failed to initialize spec datastore. Error: write tcp 127.0.0.1:60304->127.0.0.1:60310: use of closed network connection
11:31:28.881 Failed to initialize spec datastore. Error: write tcp 127.0.0.1:60304->127.0.0.1:60310: use of closed network connection
11:31:28.881 Error Message: write tcp 127.0.0.1:60304->127.0.0.1:60310: use of closed network connection
11:31:28.881 Stacktrace: 
11:32:15.150 Checking updates...
11:32:24.156 Error Message: org.openqa.selenium.SessionNotCreatedException: A new session could not be created. Details: Problem getting session data for driver type AndroidDriver; does it implement 'get driverData'? (WARNING: The server did not provide any stacktrace information)
Command duration or timeout: 267 milliseconds
Build info: version: '2.46.0', revision: '61506a4624b13675f24581e453592342b7485d71', time: '2015-06-04 10:22:50'
System info: host: 'Mitrai-OsandaN', ip: '192.168.88.2', os.name: 'Windows 10', os.arch: 'amd64', os.version: '10.0', java.version: '1.8.0_121'
Driver info: io.appium.java_client.android.AndroidDriver
11:32:24.157 Stacktrace: 
sun.reflect.NativeConstructorAccessorImpl.newInstance0(Native Method)
sun.reflect.NativeConstructorAccessorImpl.newInstance(NativeConstructorAccessorImpl.java:62)
sun.reflect.DelegatingConstructorAccessorImpl.newInstance(DelegatingConstructorAccessorImpl.java:45)
java.lang.reflect.Constructor.newInstance(Constructor.java:423)
org.openqa.selenium.remote.ErrorHandler.createThrowable(ErrorHandler.java:204)
org.openqa.selenium.remote.ErrorHandler.throwIfResponseFailed(ErrorHandler.java:156)
org.openqa.selenium.remote.RemoteWebDriver.execute(RemoteWebDriver.java:605)
io.appium.java_client.DefaultGenericMobileDriver.execute(DefaultGenericMobileDriver.java:27)
io.appium.java_client.AppiumDriver.execute(AppiumDriver.java:1)
io.appium.java_client.android.AndroidDriver.execute(AndroidDriver.java:1)
org.openqa.selenium.remote.RemoteWebDriver.startSession(RemoteWebDriver.java:242)
org.openqa.selenium.remote.RemoteWebDriver.<init>(RemoteWebDriver.java:128)
org.openqa.selenium.remote.RemoteWebDriver.<init>(RemoteWebDriver.java:155)
io.appium.java_client.DefaultGenericMobileDriver.<init>(DefaultGenericMobileDriver.java:22)
io.appium.java_client.AppiumDriver.<init>(AppiumDriver.java:202)
io.appium.java_client.android.AndroidDriver.<init>(AndroidDriver.java:50)
stepImpl.AndroidSetup.prepareAndroidForAppium(AndroidSetup.java:51)
sun.reflect.NativeMethodAccessorImpl.invoke0(Native Method)
sun.reflect.NativeMethodAccessorImpl.invoke(NativeMethodAccessorImpl.java:62)
sun.reflect.DelegatingMethodAccessorImpl.invoke(DelegatingMethodAccessorImpl.java:43)
java.lang.reflect.Method.invoke(Method.java:498)
com.thoughtworks.gauge.execution.MethodExecutor.execute(MethodExecutor.java:38)
com.thoughtworks.gauge.execution.HooksExecutor$TaggedHookExecutor.executeHook(HooksExecutor.java:102)
com.thoughtworks.gauge.execution.HooksExecutor$TaggedHookExecutor.execute(HooksExecutor.java:88)
com.thoughtworks.gauge.execution.HooksExecutor.execute(HooksExecutor.java:45)
com.thoughtworks.gauge.processor.MethodExecutionMessageProcessor.executeHooks(MethodExecutionMessageProcessor.java:65)
com.thoughtworks.gauge.processor.SuiteExecutionStartingProcessor.process(SuiteExecutionStartingProcessor.java:32)
com.thoughtworks.gauge.connection.MessageDispatcher.dispatchMessages(MessageDispatcher.java:89)
com.thoughtworks.gauge.GaugeRuntime.dispatchMessages(GaugeRuntime.java:104)
com.thoughtworks.gauge.GaugeRuntime.access$100(GaugeRuntime.java:36)
com.thoughtworks.gauge.GaugeRuntime$2.run(GaugeRuntime.java:85)
java.lang.Thread.run(Thread.java:745)
11:32:24.157 Error Message: java.lang.NullPointerException
11:32:24.157 Stacktrace: 
stepImpl.AndroidSetup.TearDown(AndroidSetup.java:57)
sun.reflect.NativeMethodAccessorImpl.invoke0(Native Method)
sun.reflect.NativeMethodAccessorImpl.invoke(NativeMethodAccessorImpl.java:62)
sun.reflect.DelegatingMethodAccessorImpl.invoke(DelegatingMethodAccessorImpl.java:43)
java.lang.reflect.Method.invoke(Method.java:498)
com.thoughtworks.gauge.execution.MethodExecutor.execute(MethodExecutor.java:38)
com.thoughtworks.gauge.execution.HooksExecutor$TaggedHookExecutor.executeHook(HooksExecutor.java:102)
com.thoughtworks.gauge.execution.HooksExecutor$TaggedHookExecutor.execute(HooksExecutor.java:88)
com.thoughtworks.gauge.execution.HooksExecutor.execute(HooksExecutor.java:45)
com.thoughtworks.gauge.processor.MethodExecutionMessageProcessor.executeHooks(MethodExecutionMessageProcessor.java:65)
com.thoughtworks.gauge.processor.SuiteExecutionEndingProcessor.process(SuiteExecutionEndingProcessor.java:32)
com.thoughtworks.gauge.connection.MessageDispatcher.dispatchMessages(MessageDispatcher.java:89)
com.thoughtworks.gauge.GaugeRuntime.dispatchMessages(GaugeRuntime.java:104)
com.thoughtworks.gauge.GaugeRuntime.access$100(GaugeRuntime.java:36)
com.thoughtworks.gauge.GaugeRuntime$2.run(GaugeRuntime.java:85)
java.lang.Thread.run(Thread.java:745)
11:32:24.264 Plugin [Html Report] with pid [10812] has exited
11:32:24.722 Specifications:	0 executed	0 passed	0 failed	0 skipped
11:32:24.722 Scenarios:	0 executed	0 passed	0 failed	0 skipped
11:32:24.722 
Total time taken: 2.441s
11:32:42.749 Checking updates...
11:33:15.372 # Register into Gridlastic using a data driven table Test Specification
11:33:15.374 
     |First_Name|Last_Name|Comapany|Work_Email                 |Username      |Password |
     |----------|---------|--------|---------------------------|--------------|---------|
     |Osanda    |Deshan   |MaxSoft |osanda.deshan16@maxsoft.com|osandadeshan16|Osanda@92|
11:33:15.375 ## Gridlastic Registration Testing Scenario
11:33:15.378 * Navigate to Gridlastic Registration Page
11:33:19.995 * Validate the Gridlastic Registration Page title
11:33:20.367 * Validate the registraion to Gridlastic using First Name as <First_Name>, Last Name as <Last_Name>, Comapany as <Comapany>, Work Email as <Work_Email>, Username as <Username> and Password as <Password> in the following table
11:33:33.563 * Validate that the registration result is success

11:33:49.608 
Failed Step: Validate that the registration result is success
11:33:49.608 Specification: specs\Register into Gridlastic using a data driven table.spec:21
11:33:49.608 Error Message: java.lang.AssertionError: expected [true] but found [false]
11:33:49.608 Stacktrace: 
org.testng.Assert.fail(Assert.java:94)
org.testng.Assert.failNotEquals(Assert.java:494)
org.testng.Assert.assertTrue(Assert.java:42)
org.testng.Assert.assertTrue(Assert.java:52)
pages.GridlasticRegistrationPage.validateRegistrationResult(GridlasticRegistrationPage.java:63)
stepImpl.GridlasticRegistrationScenario.validationOfRegistration(GridlasticRegistrationScenario.java:42)
sun.reflect.NativeMethodAccessorImpl.invoke0(Native Method)
sun.reflect.NativeMethodAccessorImpl.invoke(NativeMethodAccessorImpl.java:62)
sun.reflect.DelegatingMethodAccessorImpl.invoke(DelegatingMethodAccessorImpl.java:43)
java.lang.reflect.Method.invoke(Method.java:498)
com.thoughtworks.gauge.execution.MethodExecutor.execute(MethodExecutor.java:38)
com.thoughtworks.gauge.execution.StepExecutionStage.executeStepMethod(StepExecutionStage.java:74)
com.thoughtworks.gauge.execution.StepExecutionStage.executeStep(StepExecutionStage.java:67)
com.thoughtworks.gauge.execution.StepExecutionStage.execute(StepExecutionStage.java:49)
com.thoughtworks.gauge.execution.AbstractExecutionStage.executeNext(AbstractExecutionStage.java:24)
com.thoughtworks.gauge.execution.HookExecutionStage.execute(HookExecutionStage.java:43)
com.thoughtworks.gauge.execution.ExecutionPipeline.start(ExecutionPipeline.java:29)
com.thoughtworks.gauge.processor.ExecuteStepProcessor.process(ExecuteStepProcessor.java:39)
com.thoughtworks.gauge.connection.MessageDispatcher.dispatchMessages(MessageDispatcher.java:89)
com.thoughtworks.gauge.GaugeRuntime.dispatchMessages(GaugeRuntime.java:104)
com.thoughtworks.gauge.GaugeRuntime.access$100(GaugeRuntime.java:36)
com.thoughtworks.gauge.GaugeRuntime$2.run(GaugeRuntime.java:85)
java.lang.Thread.run(Thread.java:745)
11:33:49.608 
     |First_Name|Last_Name    |Comapany |Work_Email                   |Username  |Password |
     |----------|-------------|---------|-----------------------------|----------|---------|
     |Gemunu    |Priyadarshana|Gemunu.lk|gpriyadarshana21@gemunulk.com|gemunulk21|Gemunu@89|
11:33:49.608 ## Gridlastic Registration Testing Scenario
11:33:49.610 * Navigate to Gridlastic Registration Page
11:33:51.828 * Validate the Gridlastic Registration Page title
11:33:51.971 * Validate the registraion to Gridlastic using First Name as <First_Name>, Last Name as <Last_Name>, Comapany as <Comapany>, Work Email as <Work_Email>, Username as <Username> and Password as <Password> in the following table
11:34:04.537 * Validate that the registration result is success

11:34:20.270 
Failed Step: Validate that the registration result is success
11:34:20.270 Specification: specs\Register into Gridlastic using a data driven table.spec:21
11:34:20.270 Error Message: java.lang.AssertionError: expected [true] but found [false]
11:34:20.270 Stacktrace: 
org.testng.Assert.fail(Assert.java:94)
org.testng.Assert.failNotEquals(Assert.java:494)
org.testng.Assert.assertTrue(Assert.java:42)
org.testng.Assert.assertTrue(Assert.java:52)
pages.GridlasticRegistrationPage.validateRegistrationResult(GridlasticRegistrationPage.java:63)
stepImpl.GridlasticRegistrationScenario.validationOfRegistration(GridlasticRegistrationScenario.java:42)
sun.reflect.NativeMethodAccessorImpl.invoke0(Native Method)
sun.reflect.NativeMethodAccessorImpl.invoke(NativeMethodAccessorImpl.java:62)
sun.reflect.DelegatingMethodAccessorImpl.invoke(DelegatingMethodAccessorImpl.java:43)
java.lang.reflect.Method.invoke(Method.java:498)
com.thoughtworks.gauge.execution.MethodExecutor.execute(MethodExecutor.java:38)
com.thoughtworks.gauge.execution.StepExecutionStage.executeStepMethod(StepExecutionStage.java:74)
com.thoughtworks.gauge.execution.StepExecutionStage.executeStep(StepExecutionStage.java:67)
com.thoughtworks.gauge.execution.StepExecutionStage.execute(StepExecutionStage.java:49)
com.thoughtworks.gauge.execution.AbstractExecutionStage.executeNext(AbstractExecutionStage.java:24)
com.thoughtworks.gauge.execution.HookExecutionStage.execute(HookExecutionStage.java:43)
com.thoughtworks.gauge.execution.ExecutionPipeline.start(ExecutionPipeline.java:29)
com.thoughtworks.gauge.processor.ExecuteStepProcessor.process(ExecuteStepProcessor.java:39)
com.thoughtworks.gauge.connection.MessageDispatcher.dispatchMessages(MessageDispatcher.java:89)
com.thoughtworks.gauge.GaugeRuntime.dispatchMessages(GaugeRuntime.java:104)
com.thoughtworks.gauge.GaugeRuntime.access$100(GaugeRuntime.java:36)
com.thoughtworks.gauge.GaugeRuntime$2.run(GaugeRuntime.java:85)
java.lang.Thread.run(Thread.java:745)
11:34:20.271 
     |First_Name|Last_Name|Comapany|Work_Email                 |Username      |Password |
     |----------|---------|--------|---------------------------|--------------|---------|
     |Eranga    |Heshan   |eyeSoft |eranga.heshan20@eyesoft.com|erangaheshan20|Eranga@93|
11:34:20.271 ## Gridlastic Registration Testing Scenario
11:34:20.274 * Navigate to Gridlastic Registration Page
11:34:22.187 * Validate the Gridlastic Registration Page title
11:34:22.328 * Validate the registraion to Gridlastic using First Name as <First_Name>, Last Name as <Last_Name>, Comapany as <Comapany>, Work Email as <Work_Email>, Username as <Username> and Password as <Password> in the following table
11:34:35.558 * Validate that the registration result is success

11:34:51.572 
Failed Step: Validate that the registration result is success
11:34:51.572 Specification: specs\Register into Gridlastic using a data driven table.spec:21
11:34:51.572 Error Message: java.lang.AssertionError: expected [true] but found [false]
11:34:51.572 Stacktrace: 
org.testng.Assert.fail(Assert.java:94)
org.testng.Assert.failNotEquals(Assert.java:494)
org.testng.Assert.assertTrue(Assert.java:42)
org.testng.Assert.assertTrue(Assert.java:52)
pages.GridlasticRegistrationPage.validateRegistrationResult(GridlasticRegistrationPage.java:63)
stepImpl.GridlasticRegistrationScenario.validationOfRegistration(GridlasticRegistrationScenario.java:42)
sun.reflect.NativeMethodAccessorImpl.invoke0(Native Method)
sun.reflect.NativeMethodAccessorImpl.invoke(NativeMethodAccessorImpl.java:62)
sun.reflect.DelegatingMethodAccessorImpl.invoke(DelegatingMethodAccessorImpl.java:43)
java.lang.reflect.Method.invoke(Method.java:498)
com.thoughtworks.gauge.execution.MethodExecutor.execute(MethodExecutor.java:38)
com.thoughtworks.gauge.execution.StepExecutionStage.executeStepMethod(StepExecutionStage.java:74)
com.thoughtworks.gauge.execution.StepExecutionStage.executeStep(StepExecutionStage.java:67)
com.thoughtworks.gauge.execution.StepExecutionStage.execute(StepExecutionStage.java:49)
com.thoughtworks.gauge.execution.AbstractExecutionStage.executeNext(AbstractExecutionStage.java:24)
com.thoughtworks.gauge.execution.HookExecutionStage.execute(HookExecutionStage.java:43)
com.thoughtworks.gauge.execution.ExecutionPipeline.start(ExecutionPipeline.java:29)
com.thoughtworks.gauge.processor.ExecuteStepProcessor.process(ExecuteStepProcessor.java:39)
com.thoughtworks.gauge.connection.MessageDispatcher.dispatchMessages(MessageDispatcher.java:89)
com.thoughtworks.gauge.GaugeRuntime.dispatchMessages(GaugeRuntime.java:104)
com.thoughtworks.gauge.GaugeRuntime.access$100(GaugeRuntime.java:36)
com.thoughtworks.gauge.GaugeRuntime$2.run(GaugeRuntime.java:85)
java.lang.Thread.run(Thread.java:745)
11:34:51.576 # Register into Gridlastic using a data driven CSV Test Specification
11:34:51.577 
     |First_Name|Last_Name|Comapany|Work_Email                |Username      |Password |
     |----------|---------|--------|--------------------------|--------------|---------|
     |Osanda    |Deshan   |MaxSoft |osanda.deshan19@mitrai.com|osandadeshan19|Osanda@92|
11:34:51.577 ## Gridlastic Registration Testing Scenario
11:34:51.580 * Navigate to Gridlastic Registration Page
11:34:53.623 * Validate the Gridlastic Registration Page title
11:34:53.807 * Validate the registraion to Gridlastic using First Name as <First_Name>, Last Name as <Last_Name>, Comapany as <Comapany>, Work Email as <Work_Email>, Username as <Username> and Password as <Password> in the following table
11:35:06.476 * Validate that the registration result is success

11:35:22.620 
Failed Step: Validate that the registration result is success
11:35:22.620 Specification: specs\Register into Gridlastic using a data driven CSV.spec:17
11:35:22.620 Error Message: java.lang.AssertionError: expected [true] but found [false]
11:35:22.620 Stacktrace: 
org.testng.Assert.fail(Assert.java:94)
org.testng.Assert.failNotEquals(Assert.java:494)
org.testng.Assert.assertTrue(Assert.java:42)
org.testng.Assert.assertTrue(Assert.java:52)
pages.GridlasticRegistrationPage.validateRegistrationResult(GridlasticRegistrationPage.java:63)
stepImpl.GridlasticRegistrationScenario.validationOfRegistration(GridlasticRegistrationScenario.java:42)
sun.reflect.NativeMethodAccessorImpl.invoke0(Native Method)
sun.reflect.NativeMethodAccessorImpl.invoke(NativeMethodAccessorImpl.java:62)
sun.reflect.DelegatingMethodAccessorImpl.invoke(DelegatingMethodAccessorImpl.java:43)
java.lang.reflect.Method.invoke(Method.java:498)
com.thoughtworks.gauge.execution.MethodExecutor.execute(MethodExecutor.java:38)
com.thoughtworks.gauge.execution.StepExecutionStage.executeStepMethod(StepExecutionStage.java:74)
com.thoughtworks.gauge.execution.StepExecutionStage.executeStep(StepExecutionStage.java:67)
com.thoughtworks.gauge.execution.StepExecutionStage.execute(StepExecutionStage.java:49)
com.thoughtworks.gauge.execution.AbstractExecutionStage.executeNext(AbstractExecutionStage.java:24)
com.thoughtworks.gauge.execution.HookExecutionStage.execute(HookExecutionStage.java:43)
com.thoughtworks.gauge.execution.ExecutionPipeline.start(ExecutionPipeline.java:29)
com.thoughtworks.gauge.processor.ExecuteStepProcessor.process(ExecuteStepProcessor.java:39)
com.thoughtworks.gauge.connection.MessageDispatcher.dispatchMessages(MessageDispatcher.java:89)
com.thoughtworks.gauge.GaugeRuntime.dispatchMessages(GaugeRuntime.java:104)
com.thoughtworks.gauge.GaugeRuntime.access$100(GaugeRuntime.java:36)
com.thoughtworks.gauge.GaugeRuntime$2.run(GaugeRuntime.java:85)
java.lang.Thread.run(Thread.java:745)
11:35:22.621 
     |First_Name|Last_Name    |Comapany |Work_Email                   |Username  |Password |
     |----------|-------------|---------|-----------------------------|----------|---------|
     |Gemunu    |Priyadarshana|Gemunu.lk|gpriyadarshana25@gemunulk.com|gemunulk25|Gemunu@89|
11:35:22.621 ## Gridlastic Registration Testing Scenario
11:35:22.621 * Navigate to Gridlastic Registration Page
11:35:24.495 * Validate the Gridlastic Registration Page title
11:35:24.816 * Validate the registraion to Gridlastic using First Name as <First_Name>, Last Name as <Last_Name>, Comapany as <Comapany>, Work Email as <Work_Email>, Username as <Username> and Password as <Password> in the following table
11:35:36.832 * Validate that the registration result is success

11:35:52.748 
Failed Step: Validate that the registration result is success
11:35:52.748 Specification: specs\Register into Gridlastic using a data driven CSV.spec:17
11:35:52.748 Error Message: java.lang.AssertionError: expected [true] but found [false]
11:35:52.748 Stacktrace: 
org.testng.Assert.fail(Assert.java:94)
org.testng.Assert.failNotEquals(Assert.java:494)
org.testng.Assert.assertTrue(Assert.java:42)
org.testng.Assert.assertTrue(Assert.java:52)
pages.GridlasticRegistrationPage.validateRegistrationResult(GridlasticRegistrationPage.java:63)
stepImpl.GridlasticRegistrationScenario.validationOfRegistration(GridlasticRegistrationScenario.java:42)
sun.reflect.NativeMethodAccessorImpl.invoke0(Native Method)
sun.reflect.NativeMethodAccessorImpl.invoke(NativeMethodAccessorImpl.java:62)
sun.reflect.DelegatingMethodAccessorImpl.invoke(DelegatingMethodAccessorImpl.java:43)
java.lang.reflect.Method.invoke(Method.java:498)
com.thoughtworks.gauge.execution.MethodExecutor.execute(MethodExecutor.java:38)
com.thoughtworks.gauge.execution.StepExecutionStage.executeStepMethod(StepExecutionStage.java:74)
com.thoughtworks.gauge.execution.StepExecutionStage.executeStep(StepExecutionStage.java:67)
com.thoughtworks.gauge.execution.StepExecutionStage.execute(StepExecutionStage.java:49)
com.thoughtworks.gauge.execution.AbstractExecutionStage.executeNext(AbstractExecutionStage.java:24)
com.thoughtworks.gauge.execution.HookExecutionStage.execute(HookExecutionStage.java:43)
com.thoughtworks.gauge.execution.ExecutionPipeline.start(ExecutionPipeline.java:29)
com.thoughtworks.gauge.processor.ExecuteStepProcessor.process(ExecuteStepProcessor.java:39)
com.thoughtworks.gauge.connection.MessageDispatcher.dispatchMessages(MessageDispatcher.java:89)
com.thoughtworks.gauge.GaugeRuntime.dispatchMessages(GaugeRuntime.java:104)
com.thoughtworks.gauge.GaugeRuntime.access$100(GaugeRuntime.java:36)
com.thoughtworks.gauge.GaugeRuntime$2.run(GaugeRuntime.java:85)
java.lang.Thread.run(Thread.java:745)
11:35:52.748 
     |First_Name|Last_Name|Comapany|Work_Email                 |Username      |Password  |
     |----------|---------|--------|---------------------------|--------------|----------|
     |Eranga    |Heshan   |eyeSoft |eranga.heshan21@eyesoft.com|erangaheshan21|Eranga@93||
11:35:52.748 ## Gridlastic Registration Testing Scenario
11:35:52.749 * Navigate to Gridlastic Registration Page
11:35:54.663 * Validate the Gridlastic Registration Page title
11:35:54.979 * Validate the registraion to Gridlastic using First Name as <First_Name>, Last Name as <Last_Name>, Comapany as <Comapany>, Work Email as <Work_Email>, Username as <Username> and Password as <Password> in the following table
11:36:14.287 * Validate that the registration result is success

11:36:17.340 Plugin [Html Report] with pid [11208] has exited
11:36:17.541 Specifications:	2 executed	0 passed	2 failed	0 skipped
11:36:17.541 Scenarios:	2 executed	0 passed	2 failed	0 skipped
11:36:17.541 
Total time taken: 3m29.187s
11:38:38.988 Checking updates...
11:38:58.702 # Register into Gridlastic using a data driven table Test Specification
11:38:58.703 
     |First_Name|Last_Name|Comapany|Work_Email                 |Username      |Password |
     |----------|---------|--------|---------------------------|--------------|---------|
     |Osanda    |Deshan   |MaxSoft |osanda.deshan16@maxsoft.com|osandadeshan16|Osanda@92|
11:38:58.704 ## Gridlastic Registration Testing Scenario
11:38:58.706 * Navigate to Gridlastic Registration Page
11:39:03.864 * Validate the Gridlastic Registration Page title
11:39:04.273 * Validate the registraion to Gridlastic using First Name as <First_Name>, Last Name as <Last_Name>, Comapany as <Comapany>, Work Email as <Work_Email>, Username as <Username> and Password as <Password> in the following table
11:39:15.640 * Validate that the registration result is success

11:39:31.514 
Failed Step: Validate that the registration result is success
11:39:31.514 Specification: specs\Register into Gridlastic using a data driven table.spec:21
11:39:31.514 Error Message: java.lang.AssertionError: expected [true] but found [false]
11:39:31.514 Stacktrace: 
org.testng.Assert.fail(Assert.java:94)
org.testng.Assert.failNotEquals(Assert.java:494)
org.testng.Assert.assertTrue(Assert.java:42)
org.testng.Assert.assertTrue(Assert.java:52)
pages.GridlasticRegistrationPage.validateRegistrationResult(GridlasticRegistrationPage.java:63)
stepImpl.GridlasticRegistrationScenario.validationOfRegistration(GridlasticRegistrationScenario.java:42)
sun.reflect.NativeMethodAccessorImpl.invoke0(Native Method)
sun.reflect.NativeMethodAccessorImpl.invoke(NativeMethodAccessorImpl.java:62)
sun.reflect.DelegatingMethodAccessorImpl.invoke(DelegatingMethodAccessorImpl.java:43)
java.lang.reflect.Method.invoke(Method.java:498)
com.thoughtworks.gauge.execution.MethodExecutor.execute(MethodExecutor.java:38)
com.thoughtworks.gauge.execution.StepExecutionStage.executeStepMethod(StepExecutionStage.java:74)
com.thoughtworks.gauge.execution.StepExecutionStage.executeStep(StepExecutionStage.java:67)
com.thoughtworks.gauge.execution.StepExecutionStage.execute(StepExecutionStage.java:49)
com.thoughtworks.gauge.execution.AbstractExecutionStage.executeNext(AbstractExecutionStage.java:24)
com.thoughtworks.gauge.execution.HookExecutionStage.execute(HookExecutionStage.java:43)
com.thoughtworks.gauge.execution.ExecutionPipeline.start(ExecutionPipeline.java:29)
com.thoughtworks.gauge.processor.ExecuteStepProcessor.process(ExecuteStepProcessor.java:39)
com.thoughtworks.gauge.connection.MessageDispatcher.dispatchMessages(MessageDispatcher.java:89)
com.thoughtworks.gauge.GaugeRuntime.dispatchMessages(GaugeRuntime.java:104)
com.thoughtworks.gauge.GaugeRuntime.access$100(GaugeRuntime.java:36)
com.thoughtworks.gauge.GaugeRuntime$2.run(GaugeRuntime.java:85)
java.lang.Thread.run(Thread.java:745)
11:39:31.517 
     |First_Name|Last_Name    |Comapany |Work_Email                   |Username  |Password |
     |----------|-------------|---------|-----------------------------|----------|---------|
     |Gemunu    |Priyadarshana|Gemunu.lk|gpriyadarshana21@gemunulk.com|gemunulk21|Gemunu@89|
11:39:31.517 ## Gridlastic Registration Testing Scenario
11:39:31.520 * Navigate to Gridlastic Registration Page
11:39:33.552 * Validate the Gridlastic Registration Page title
11:39:33.887 * Validate the registraion to Gridlastic using First Name as <First_Name>, Last Name as <Last_Name>, Comapany as <Comapany>, Work Email as <Work_Email>, Username as <Username> and Password as <Password> in the following table
11:39:45.973 * Validate that the registration result is success

11:40:01.677 
Failed Step: Validate that the registration result is success
11:40:01.678 Specification: specs\Register into Gridlastic using a data driven table.spec:21
11:40:01.678 Error Message: java.lang.AssertionError: expected [true] but found [false]
11:40:01.678 Stacktrace: 
org.testng.Assert.fail(Assert.java:94)
org.testng.Assert.failNotEquals(Assert.java:494)
org.testng.Assert.assertTrue(Assert.java:42)
org.testng.Assert.assertTrue(Assert.java:52)
pages.GridlasticRegistrationPage.validateRegistrationResult(GridlasticRegistrationPage.java:63)
stepImpl.GridlasticRegistrationScenario.validationOfRegistration(GridlasticRegistrationScenario.java:42)
sun.reflect.NativeMethodAccessorImpl.invoke0(Native Method)
sun.reflect.NativeMethodAccessorImpl.invoke(NativeMethodAccessorImpl.java:62)
sun.reflect.DelegatingMethodAccessorImpl.invoke(DelegatingMethodAccessorImpl.java:43)
java.lang.reflect.Method.invoke(Method.java:498)
com.thoughtworks.gauge.execution.MethodExecutor.execute(MethodExecutor.java:38)
com.thoughtworks.gauge.execution.StepExecutionStage.executeStepMethod(StepExecutionStage.java:74)
com.thoughtworks.gauge.execution.StepExecutionStage.executeStep(StepExecutionStage.java:67)
com.thoughtworks.gauge.execution.StepExecutionStage.execute(StepExecutionStage.java:49)
com.thoughtworks.gauge.execution.AbstractExecutionStage.executeNext(AbstractExecutionStage.java:24)
com.thoughtworks.gauge.execution.HookExecutionStage.execute(HookExecutionStage.java:43)
com.thoughtworks.gauge.execution.ExecutionPipeline.start(ExecutionPipeline.java:29)
com.thoughtworks.gauge.processor.ExecuteStepProcessor.process(ExecuteStepProcessor.java:39)
com.thoughtworks.gauge.connection.MessageDispatcher.dispatchMessages(MessageDispatcher.java:89)
com.thoughtworks.gauge.GaugeRuntime.dispatchMessages(GaugeRuntime.java:104)
com.thoughtworks.gauge.GaugeRuntime.access$100(GaugeRuntime.java:36)
com.thoughtworks.gauge.GaugeRuntime$2.run(GaugeRuntime.java:85)
java.lang.Thread.run(Thread.java:745)
11:40:01.679 
     |First_Name|Last_Name|Comapany|Work_Email                 |Username      |Password |
     |----------|---------|--------|---------------------------|--------------|---------|
     |Eranga    |Heshan   |eyeSoft |eranga.heshan20@eyesoft.com|erangaheshan20|Eranga@93|
11:40:01.679 ## Gridlastic Registration Testing Scenario
11:40:01.681 * Navigate to Gridlastic Registration Page
11:40:03.523 * Validate the Gridlastic Registration Page title
11:40:03.697 * Validate the registraion to Gridlastic using First Name as <First_Name>, Last Name as <Last_Name>, Comapany as <Comapany>, Work Email as <Work_Email>, Username as <Username> and Password as <Password> in the following table
11:40:13.798 * Validate that the registration result is success

11:40:29.607 
Failed Step: Validate that the registration result is success
11:40:29.607 Specification: specs\Register into Gridlastic using a data driven table.spec:21
11:40:29.607 Error Message: java.lang.AssertionError: expected [true] but found [false]
11:40:29.607 Stacktrace: 
org.testng.Assert.fail(Assert.java:94)
org.testng.Assert.failNotEquals(Assert.java:494)
org.testng.Assert.assertTrue(Assert.java:42)
org.testng.Assert.assertTrue(Assert.java:52)
pages.GridlasticRegistrationPage.validateRegistrationResult(GridlasticRegistrationPage.java:63)
stepImpl.GridlasticRegistrationScenario.validationOfRegistration(GridlasticRegistrationScenario.java:42)
sun.reflect.NativeMethodAccessorImpl.invoke0(Native Method)
sun.reflect.NativeMethodAccessorImpl.invoke(NativeMethodAccessorImpl.java:62)
sun.reflect.DelegatingMethodAccessorImpl.invoke(DelegatingMethodAccessorImpl.java:43)
java.lang.reflect.Method.invoke(Method.java:498)
com.thoughtworks.gauge.execution.MethodExecutor.execute(MethodExecutor.java:38)
com.thoughtworks.gauge.execution.StepExecutionStage.executeStepMethod(StepExecutionStage.java:74)
com.thoughtworks.gauge.execution.StepExecutionStage.executeStep(StepExecutionStage.java:67)
com.thoughtworks.gauge.execution.StepExecutionStage.execute(StepExecutionStage.java:49)
com.thoughtworks.gauge.execution.AbstractExecutionStage.executeNext(AbstractExecutionStage.java:24)
com.thoughtworks.gauge.execution.HookExecutionStage.execute(HookExecutionStage.java:43)
com.thoughtworks.gauge.execution.ExecutionPipeline.start(ExecutionPipeline.java:29)
com.thoughtworks.gauge.processor.ExecuteStepProcessor.process(ExecuteStepProcessor.java:39)
com.thoughtworks.gauge.connection.MessageDispatcher.dispatchMessages(MessageDispatcher.java:89)
com.thoughtworks.gauge.GaugeRuntime.dispatchMessages(GaugeRuntime.java:104)
com.thoughtworks.gauge.GaugeRuntime.access$100(GaugeRuntime.java:36)
com.thoughtworks.gauge.GaugeRuntime$2.run(GaugeRuntime.java:85)
java.lang.Thread.run(Thread.java:745)
11:40:29.609 # Register into Gridlastic using a data driven CSV Test Specification
11:40:29.612 
     |First_Name|Last_Name|Comapany|Work_Email                |Username      |Password |
     |----------|---------|--------|--------------------------|--------------|---------|
     |Osanda    |Deshan   |MaxSoft |osanda.deshan90@mitrai.com|osandadeshan90|Osanda@92|
11:40:29.612 ## Gridlastic Registration Testing Scenario
11:40:29.612 * Navigate to Gridlastic Registration Page
11:40:31.598 * Validate the Gridlastic Registration Page title
11:40:31.936 * Validate the registraion to Gridlastic using First Name as <First_Name>, Last Name as <Last_Name>, Comapany as <Comapany>, Work Email as <Work_Email>, Username as <Username> and Password as <Password> in the following table
11:40:44.743 * Validate that the registration result is success

11:41:00.406 
Failed Step: Validate that the registration result is success
11:41:00.406 Specification: specs\Register into Gridlastic using a data driven CSV.spec:17
11:41:00.406 Error Message: java.lang.AssertionError: expected [true] but found [false]
11:41:00.406 Stacktrace: 
org.testng.Assert.fail(Assert.java:94)
org.testng.Assert.failNotEquals(Assert.java:494)
org.testng.Assert.assertTrue(Assert.java:42)
org.testng.Assert.assertTrue(Assert.java:52)
pages.GridlasticRegistrationPage.validateRegistrationResult(GridlasticRegistrationPage.java:63)
stepImpl.GridlasticRegistrationScenario.validationOfRegistration(GridlasticRegistrationScenario.java:42)
sun.reflect.NativeMethodAccessorImpl.invoke0(Native Method)
sun.reflect.NativeMethodAccessorImpl.invoke(NativeMethodAccessorImpl.java:62)
sun.reflect.DelegatingMethodAccessorImpl.invoke(DelegatingMethodAccessorImpl.java:43)
java.lang.reflect.Method.invoke(Method.java:498)
com.thoughtworks.gauge.execution.MethodExecutor.execute(MethodExecutor.java:38)
com.thoughtworks.gauge.execution.StepExecutionStage.executeStepMethod(StepExecutionStage.java:74)
com.thoughtworks.gauge.execution.StepExecutionStage.executeStep(StepExecutionStage.java:67)
com.thoughtworks.gauge.execution.StepExecutionStage.execute(StepExecutionStage.java:49)
com.thoughtworks.gauge.execution.AbstractExecutionStage.executeNext(AbstractExecutionStage.java:24)
com.thoughtworks.gauge.execution.HookExecutionStage.execute(HookExecutionStage.java:43)
com.thoughtworks.gauge.execution.ExecutionPipeline.start(ExecutionPipeline.java:29)
com.thoughtworks.gauge.processor.ExecuteStepProcessor.process(ExecuteStepProcessor.java:39)
com.thoughtworks.gauge.connection.MessageDispatcher.dispatchMessages(MessageDispatcher.java:89)
com.thoughtworks.gauge.GaugeRuntime.dispatchMessages(GaugeRuntime.java:104)
com.thoughtworks.gauge.GaugeRuntime.access$100(GaugeRuntime.java:36)
com.thoughtworks.gauge.GaugeRuntime$2.run(GaugeRuntime.java:85)
java.lang.Thread.run(Thread.java:745)
11:41:00.407 
     |First_Name|Last_Name    |Comapany |Work_Email                   |Username  |Password |
     |----------|-------------|---------|-----------------------------|----------|---------|
     |Gemunu    |Priyadarshana|Gemunu.lk|gpriyadarshana89@gemunulk.com|gemunulk89|Gemunu@89|
11:41:00.407 ## Gridlastic Registration Testing Scenario
11:41:00.407 * Navigate to Gridlastic Registration Page
11:41:02.430 * Validate the Gridlastic Registration Page title
11:41:02.553 * Validate the registraion to Gridlastic using First Name as <First_Name>, Last Name as <Last_Name>, Comapany as <Comapany>, Work Email as <Work_Email>, Username as <Username> and Password as <Password> in the following table
11:41:15.559 * Validate that the registration result is success

11:41:31.258 
Failed Step: Validate that the registration result is success
11:41:31.258 Specification: specs\Register into Gridlastic using a data driven CSV.spec:17
11:41:31.258 Error Message: java.lang.AssertionError: expected [true] but found [false]
11:41:31.258 Stacktrace: 
org.testng.Assert.fail(Assert.java:94)
org.testng.Assert.failNotEquals(Assert.java:494)
org.testng.Assert.assertTrue(Assert.java:42)
org.testng.Assert.assertTrue(Assert.java:52)
pages.GridlasticRegistrationPage.validateRegistrationResult(GridlasticRegistrationPage.java:63)
stepImpl.GridlasticRegistrationScenario.validationOfRegistration(GridlasticRegistrationScenario.java:42)
sun.reflect.NativeMethodAccessorImpl.invoke0(Native Method)
sun.reflect.NativeMethodAccessorImpl.invoke(NativeMethodAccessorImpl.java:62)
sun.reflect.DelegatingMethodAccessorImpl.invoke(DelegatingMethodAccessorImpl.java:43)
java.lang.reflect.Method.invoke(Method.java:498)
com.thoughtworks.gauge.execution.MethodExecutor.execute(MethodExecutor.java:38)
com.thoughtworks.gauge.execution.StepExecutionStage.executeStepMethod(StepExecutionStage.java:74)
com.thoughtworks.gauge.execution.StepExecutionStage.executeStep(StepExecutionStage.java:67)
com.thoughtworks.gauge.execution.StepExecutionStage.execute(StepExecutionStage.java:49)
com.thoughtworks.gauge.execution.AbstractExecutionStage.executeNext(AbstractExecutionStage.java:24)
com.thoughtworks.gauge.execution.HookExecutionStage.execute(HookExecutionStage.java:43)
com.thoughtworks.gauge.execution.ExecutionPipeline.start(ExecutionPipeline.java:29)
com.thoughtworks.gauge.processor.ExecuteStepProcessor.process(ExecuteStepProcessor.java:39)
com.thoughtworks.gauge.connection.MessageDispatcher.dispatchMessages(MessageDispatcher.java:89)
com.thoughtworks.gauge.GaugeRuntime.dispatchMessages(GaugeRuntime.java:104)
com.thoughtworks.gauge.GaugeRuntime.access$100(GaugeRuntime.java:36)
com.thoughtworks.gauge.GaugeRuntime$2.run(GaugeRuntime.java:85)
java.lang.Thread.run(Thread.java:745)
11:41:31.260 
     |First_Name|Last_Name|Comapany|Work_Email                 |Username      |Password |
     |----------|---------|--------|---------------------------|--------------|---------|
     |Eranga    |Heshan   |eyeSoft |eranga.heshan22@eyesoft.com|erangaheshan22|Eranga@93|
11:41:31.260 ## Gridlastic Registration Testing Scenario
11:41:31.261 * Navigate to Gridlastic Registration Page
11:41:33.606 * Validate the Gridlastic Registration Page title
11:41:33.832 * Validate the registraion to Gridlastic using First Name as <First_Name>, Last Name as <Last_Name>, Comapany as <Comapany>, Work Email as <Work_Email>, Username as <Username> and Password as <Password> in the following table
11:41:53.016 * Validate that the registration result is success

11:41:55.434 Plugin [Html Report] with pid [10664] has exited
11:41:55.636 Specifications:	2 executed	0 passed	2 failed	0 skipped
11:41:55.636 Scenarios:	2 executed	0 passed	2 failed	0 skipped
11:41:55.636 
Total time taken: 3m11.49s
11:43:04.368 Checking updates...
11:43:36.221 # Register into Gridlastic using a data driven table Test Specification
11:43:36.224 
     |First_Name|Last_Name|Comapany|Work_Email                 |Username      |Password |
     |----------|---------|--------|---------------------------|--------------|---------|
     |Osanda    |Deshan   |MaxSoft |osanda.deshan16@maxsoft.com|osandadeshan16|Osanda@92|
11:43:36.224 ## Gridlastic Registration Testing Scenario
11:43:36.226 * Navigate to Gridlastic Registration Page
11:43:42.075 * Validate the Gridlastic Registration Page title
11:43:42.471 * Validate the registraion to Gridlastic using First Name as <First_Name>, Last Name as <Last_Name>, Comapany as <Comapany>, Work Email as <Work_Email>, Username as <Username> and Password as <Password> in the following table
11:43:54.361 * Validate that the registration result is success

11:44:10.561 
Failed Step: Validate that the registration result is success
11:44:10.561 Specification: specs\Register into Gridlastic using a data driven table.spec:21
11:44:10.561 Error Message: java.lang.AssertionError: expected [true] but found [false]
11:44:10.561 Stacktrace: 
org.testng.Assert.fail(Assert.java:94)
org.testng.Assert.failNotEquals(Assert.java:494)
org.testng.Assert.assertTrue(Assert.java:42)
org.testng.Assert.assertTrue(Assert.java:52)
pages.GridlasticRegistrationPage.validateRegistrationResult(GridlasticRegistrationPage.java:63)
stepImpl.GridlasticRegistrationScenario.validationOfRegistration(GridlasticRegistrationScenario.java:42)
sun.reflect.NativeMethodAccessorImpl.invoke0(Native Method)
sun.reflect.NativeMethodAccessorImpl.invoke(NativeMethodAccessorImpl.java:62)
sun.reflect.DelegatingMethodAccessorImpl.invoke(DelegatingMethodAccessorImpl.java:43)
java.lang.reflect.Method.invoke(Method.java:498)
com.thoughtworks.gauge.execution.MethodExecutor.execute(MethodExecutor.java:38)
com.thoughtworks.gauge.execution.StepExecutionStage.executeStepMethod(StepExecutionStage.java:74)
com.thoughtworks.gauge.execution.StepExecutionStage.executeStep(StepExecutionStage.java:67)
com.thoughtworks.gauge.execution.StepExecutionStage.execute(StepExecutionStage.java:49)
com.thoughtworks.gauge.execution.AbstractExecutionStage.executeNext(AbstractExecutionStage.java:24)
com.thoughtworks.gauge.execution.HookExecutionStage.execute(HookExecutionStage.java:43)
com.thoughtworks.gauge.execution.ExecutionPipeline.start(ExecutionPipeline.java:29)
com.thoughtworks.gauge.processor.ExecuteStepProcessor.process(ExecuteStepProcessor.java:39)
com.thoughtworks.gauge.connection.MessageDispatcher.dispatchMessages(MessageDispatcher.java:89)
com.thoughtworks.gauge.GaugeRuntime.dispatchMessages(GaugeRuntime.java:104)
com.thoughtworks.gauge.GaugeRuntime.access$100(GaugeRuntime.java:36)
com.thoughtworks.gauge.GaugeRuntime$2.run(GaugeRuntime.java:85)
java.lang.Thread.run(Thread.java:745)
11:44:10.565 
     |First_Name|Last_Name    |Comapany |Work_Email                   |Username  |Password |
     |----------|-------------|---------|-----------------------------|----------|---------|
     |Gemunu    |Priyadarshana|Gemunu.lk|gpriyadarshana21@gemunulk.com|gemunulk21|Gemunu@89|
11:44:10.565 ## Gridlastic Registration Testing Scenario
11:44:10.566 * Navigate to Gridlastic Registration Page
11:44:12.639 * Validate the Gridlastic Registration Page title
11:44:12.800 * Validate the registraion to Gridlastic using First Name as <First_Name>, Last Name as <Last_Name>, Comapany as <Comapany>, Work Email as <Work_Email>, Username as <Username> and Password as <Password> in the following table
11:44:26.365 * Validate that the registration result is success

11:44:42.088 
Failed Step: Validate that the registration result is success
11:44:42.088 Specification: specs\Register into Gridlastic using a data driven table.spec:21
11:44:42.088 Error Message: java.lang.AssertionError: expected [true] but found [false]
11:44:42.088 Stacktrace: 
org.testng.Assert.fail(Assert.java:94)
org.testng.Assert.failNotEquals(Assert.java:494)
org.testng.Assert.assertTrue(Assert.java:42)
org.testng.Assert.assertTrue(Assert.java:52)
pages.GridlasticRegistrationPage.validateRegistrationResult(GridlasticRegistrationPage.java:63)
stepImpl.GridlasticRegistrationScenario.validationOfRegistration(GridlasticRegistrationScenario.java:42)
sun.reflect.NativeMethodAccessorImpl.invoke0(Native Method)
sun.reflect.NativeMethodAccessorImpl.invoke(NativeMethodAccessorImpl.java:62)
sun.reflect.DelegatingMethodAccessorImpl.invoke(DelegatingMethodAccessorImpl.java:43)
java.lang.reflect.Method.invoke(Method.java:498)
com.thoughtworks.gauge.execution.MethodExecutor.execute(MethodExecutor.java:38)
com.thoughtworks.gauge.execution.StepExecutionStage.executeStepMethod(StepExecutionStage.java:74)
com.thoughtworks.gauge.execution.StepExecutionStage.executeStep(StepExecutionStage.java:67)
com.thoughtworks.gauge.execution.StepExecutionStage.execute(StepExecutionStage.java:49)
com.thoughtworks.gauge.execution.AbstractExecutionStage.executeNext(AbstractExecutionStage.java:24)
com.thoughtworks.gauge.execution.HookExecutionStage.execute(HookExecutionStage.java:43)
com.thoughtworks.gauge.execution.ExecutionPipeline.start(ExecutionPipeline.java:29)
com.thoughtworks.gauge.processor.ExecuteStepProcessor.process(ExecuteStepProcessor.java:39)
com.thoughtworks.gauge.connection.MessageDispatcher.dispatchMessages(MessageDispatcher.java:89)
com.thoughtworks.gauge.GaugeRuntime.dispatchMessages(GaugeRuntime.java:104)
com.thoughtworks.gauge.GaugeRuntime.access$100(GaugeRuntime.java:36)
com.thoughtworks.gauge.GaugeRuntime$2.run(GaugeRuntime.java:85)
java.lang.Thread.run(Thread.java:745)
11:44:42.089 
     |First_Name|Last_Name|Comapany|Work_Email                 |Username      |Password |
     |----------|---------|--------|---------------------------|--------------|---------|
     |Eranga    |Heshan   |eyeSoft |eranga.heshan20@eyesoft.com|erangaheshan20|Eranga@93|
11:44:42.089 ## Gridlastic Registration Testing Scenario
11:44:42.089 * Navigate to Gridlastic Registration Page
11:44:43.960 * Validate the Gridlastic Registration Page title
11:44:44.100 * Validate the registraion to Gridlastic using First Name as <First_Name>, Last Name as <Last_Name>, Comapany as <Comapany>, Work Email as <Work_Email>, Username as <Username> and Password as <Password> in the following table
11:44:56.779 * Validate that the registration result is success

11:45:12.901 
Failed Step: Validate that the registration result is success
11:45:12.901 Specification: specs\Register into Gridlastic using a data driven table.spec:21
11:45:12.901 Error Message: java.lang.AssertionError: expected [true] but found [false]
11:45:12.901 Stacktrace: 
org.testng.Assert.fail(Assert.java:94)
org.testng.Assert.failNotEquals(Assert.java:494)
org.testng.Assert.assertTrue(Assert.java:42)
org.testng.Assert.assertTrue(Assert.java:52)
pages.GridlasticRegistrationPage.validateRegistrationResult(GridlasticRegistrationPage.java:63)
stepImpl.GridlasticRegistrationScenario.validationOfRegistration(GridlasticRegistrationScenario.java:42)
sun.reflect.NativeMethodAccessorImpl.invoke0(Native Method)
sun.reflect.NativeMethodAccessorImpl.invoke(NativeMethodAccessorImpl.java:62)
sun.reflect.DelegatingMethodAccessorImpl.invoke(DelegatingMethodAccessorImpl.java:43)
java.lang.reflect.Method.invoke(Method.java:498)
com.thoughtworks.gauge.execution.MethodExecutor.execute(MethodExecutor.java:38)
com.thoughtworks.gauge.execution.StepExecutionStage.executeStepMethod(StepExecutionStage.java:74)
com.thoughtworks.gauge.execution.StepExecutionStage.executeStep(StepExecutionStage.java:67)
com.thoughtworks.gauge.execution.StepExecutionStage.execute(StepExecutionStage.java:49)
com.thoughtworks.gauge.execution.AbstractExecutionStage.executeNext(AbstractExecutionStage.java:24)
com.thoughtworks.gauge.execution.HookExecutionStage.execute(HookExecutionStage.java:43)
com.thoughtworks.gauge.execution.ExecutionPipeline.start(ExecutionPipeline.java:29)
com.thoughtworks.gauge.processor.ExecuteStepProcessor.process(ExecuteStepProcessor.java:39)
com.thoughtworks.gauge.connection.MessageDispatcher.dispatchMessages(MessageDispatcher.java:89)
com.thoughtworks.gauge.GaugeRuntime.dispatchMessages(GaugeRuntime.java:104)
com.thoughtworks.gauge.GaugeRuntime.access$100(GaugeRuntime.java:36)
com.thoughtworks.gauge.GaugeRuntime$2.run(GaugeRuntime.java:85)
java.lang.Thread.run(Thread.java:745)
11:45:12.904 # Register into Gridlastic using a data driven CSV Test Specification
11:45:12.905 
     |First_Name|Last_Name|Comapany|Work_Email                 |Username      |Password |
     |----------|---------|--------|---------------------------|--------------|---------|
     |Osanda    |Deshan   |MaxSoft |osanda.deshan90@eyesoft.com|osandadeshan90|Osanda@92|
11:45:12.905 ## Gridlastic Registration Testing Scenario
11:45:12.911 * Navigate to Gridlastic Registration Page
11:45:14.707 * Validate the Gridlastic Registration Page title
11:45:14.841 * Validate the registraion to Gridlastic using First Name as <First_Name>, Last Name as <Last_Name>, Comapany as <Comapany>, Work Email as <Work_Email>, Username as <Username> and Password as <Password> in the following table
11:45:32.457 * Validate that the registration result is success

11:45:32.889 
     |First_Name|Last_Name    |Comapany |Work_Email                  |Username  |Password |
     |----------|-------------|---------|----------------------------|----------|---------|
     |Gemunu    |Priyadarshana|Gemunu.lk|gpriyadarshana89@eyesoft.com|gemunulk89|Gemunu@89|
11:45:32.889 ## Gridlastic Registration Testing Scenario
11:45:32.890 * Navigate to Gridlastic Registration Page
11:45:34.824 * Validate the Gridlastic Registration Page title
11:45:34.971 * Validate the registraion to Gridlastic using First Name as <First_Name>, Last Name as <Last_Name>, Comapany as <Comapany>, Work Email as <Work_Email>, Username as <Username> and Password as <Password> in the following table
11:45:49.114 * Validate that the registration result is success

11:45:49.432 
     |First_Name|Last_Name|Comapany|Work_Email                 |Username      |Password |
     |----------|---------|--------|---------------------------|--------------|---------|
     |Eranga    |Heshan   |eyeSoft |eranga.heshan21@eyesoft.com|erangaheshan21|Eranga@93|
11:45:49.432 ## Gridlastic Registration Testing Scenario
11:45:49.432 * Navigate to Gridlastic Registration Page
11:45:50.348 * Validate the Gridlastic Registration Page title
11:45:51.030 * Validate the registraion to Gridlastic using First Name as <First_Name>, Last Name as <Last_Name>, Comapany as <Comapany>, Work Email as <Work_Email>, Username as <Username> and Password as <Password> in the following table
11:46:04.598 * Validate that the registration result is success

11:46:20.685 
Failed Step: Validate that the registration result is success
11:46:20.685 Specification: specs\Register into Gridlastic using a data driven CSV.spec:17
11:46:20.685 Error Message: java.lang.AssertionError: expected [true] but found [false]
11:46:20.685 Stacktrace: 
org.testng.Assert.fail(Assert.java:94)
org.testng.Assert.failNotEquals(Assert.java:494)
org.testng.Assert.assertTrue(Assert.java:42)
org.testng.Assert.assertTrue(Assert.java:52)
pages.GridlasticRegistrationPage.validateRegistrationResult(GridlasticRegistrationPage.java:63)
stepImpl.GridlasticRegistrationScenario.validationOfRegistration(GridlasticRegistrationScenario.java:42)
sun.reflect.NativeMethodAccessorImpl.invoke0(Native Method)
sun.reflect.NativeMethodAccessorImpl.invoke(NativeMethodAccessorImpl.java:62)
sun.reflect.DelegatingMethodAccessorImpl.invoke(DelegatingMethodAccessorImpl.java:43)
java.lang.reflect.Method.invoke(Method.java:498)
com.thoughtworks.gauge.execution.MethodExecutor.execute(MethodExecutor.java:38)
com.thoughtworks.gauge.execution.StepExecutionStage.executeStepMethod(StepExecutionStage.java:74)
com.thoughtworks.gauge.execution.StepExecutionStage.executeStep(StepExecutionStage.java:67)
com.thoughtworks.gauge.execution.StepExecutionStage.execute(StepExecutionStage.java:49)
com.thoughtworks.gauge.execution.AbstractExecutionStage.executeNext(AbstractExecutionStage.java:24)
com.thoughtworks.gauge.execution.HookExecutionStage.execute(HookExecutionStage.java:43)
com.thoughtworks.gauge.execution.ExecutionPipeline.start(ExecutionPipeline.java:29)
com.thoughtworks.gauge.processor.ExecuteStepProcessor.process(ExecuteStepProcessor.java:39)
com.thoughtworks.gauge.connection.MessageDispatcher.dispatchMessages(MessageDispatcher.java:89)
com.thoughtworks.gauge.GaugeRuntime.dispatchMessages(GaugeRuntime.java:104)
com.thoughtworks.gauge.GaugeRuntime.access$100(GaugeRuntime.java:36)
com.thoughtworks.gauge.GaugeRuntime$2.run(GaugeRuntime.java:85)
java.lang.Thread.run(Thread.java:745)
11:46:22.701 Plugin [Html Report] with pid [7120] has exited
11:46:22.904 Specifications:	2 executed	0 passed	2 failed	0 skipped
11:46:22.904 Scenarios:	2 executed	0 passed	2 failed	0 skipped
11:46:22.904 
Total time taken: 3m12.889s
11:46:48.096 Checking updates...
11:47:42.449 # Register into Gridlastic using a data driven table Test Specification
11:47:42.451 
     |First_Name|Last_Name|Comapany|Work_Email                 |Username      |Password |
     |----------|---------|--------|---------------------------|--------------|---------|
     |Osanda    |Deshan   |MaxSoft |osanda.deshan16@maxsoft.com|osandadeshan16|Osanda@92|
11:47:42.451 ## Gridlastic Registration Testing Scenario
11:47:42.453 * Navigate to Gridlastic Registration Page
11:47:47.706 * Validate the Gridlastic Registration Page title
11:47:48.027 * Validate the registraion to Gridlastic using First Name as <First_Name>, Last Name as <Last_Name>, Comapany as <Comapany>, Work Email as <Work_Email>, Username as <Username> and Password as <Password> in the following table
11:47:59.659 * Validate that the registration result is success

11:48:15.819 
Failed Step: Validate that the registration result is success
11:48:15.819 Specification: specs\Register into Gridlastic using a data driven table.spec:21
11:48:15.819 Error Message: java.lang.AssertionError: expected [true] but found [false]
11:48:15.819 Stacktrace: 
org.testng.Assert.fail(Assert.java:94)
org.testng.Assert.failNotEquals(Assert.java:494)
org.testng.Assert.assertTrue(Assert.java:42)
org.testng.Assert.assertTrue(Assert.java:52)
pages.GridlasticRegistrationPage.validateRegistrationResult(GridlasticRegistrationPage.java:63)
stepImpl.GridlasticRegistrationScenario.validationOfRegistration(GridlasticRegistrationScenario.java:42)
sun.reflect.NativeMethodAccessorImpl.invoke0(Native Method)
sun.reflect.NativeMethodAccessorImpl.invoke(NativeMethodAccessorImpl.java:62)
sun.reflect.DelegatingMethodAccessorImpl.invoke(DelegatingMethodAccessorImpl.java:43)
java.lang.reflect.Method.invoke(Method.java:498)
com.thoughtworks.gauge.execution.MethodExecutor.execute(MethodExecutor.java:38)
com.thoughtworks.gauge.execution.StepExecutionStage.executeStepMethod(StepExecutionStage.java:74)
com.thoughtworks.gauge.execution.StepExecutionStage.executeStep(StepExecutionStage.java:67)
com.thoughtworks.gauge.execution.StepExecutionStage.execute(StepExecutionStage.java:49)
com.thoughtworks.gauge.execution.AbstractExecutionStage.executeNext(AbstractExecutionStage.java:24)
com.thoughtworks.gauge.execution.HookExecutionStage.execute(HookExecutionStage.java:43)
com.thoughtworks.gauge.execution.ExecutionPipeline.start(ExecutionPipeline.java:29)
com.thoughtworks.gauge.processor.ExecuteStepProcessor.process(ExecuteStepProcessor.java:39)
com.thoughtworks.gauge.connection.MessageDispatcher.dispatchMessages(MessageDispatcher.java:89)
com.thoughtworks.gauge.GaugeRuntime.dispatchMessages(GaugeRuntime.java:104)
com.thoughtworks.gauge.GaugeRuntime.access$100(GaugeRuntime.java:36)
com.thoughtworks.gauge.GaugeRuntime$2.run(GaugeRuntime.java:85)
java.lang.Thread.run(Thread.java:745)
11:48:15.821 
     |First_Name|Last_Name    |Comapany |Work_Email                   |Username  |Password |
     |----------|-------------|---------|-----------------------------|----------|---------|
     |Gemunu    |Priyadarshana|Gemunu.lk|gpriyadarshana21@gemunulk.com|gemunulk21|Gemunu@89|
11:48:15.821 ## Gridlastic Registration Testing Scenario
11:48:15.822 * Navigate to Gridlastic Registration Page
11:48:17.672 * Validate the Gridlastic Registration Page title
11:48:17.820 * Validate the registraion to Gridlastic using First Name as <First_Name>, Last Name as <Last_Name>, Comapany as <Comapany>, Work Email as <Work_Email>, Username as <Username> and Password as <Password> in the following table
11:48:30.753 * Validate that the registration result is success

11:48:46.647 
Failed Step: Validate that the registration result is success
11:48:46.647 Specification: specs\Register into Gridlastic using a data driven table.spec:21
11:48:46.647 Error Message: java.lang.AssertionError: expected [true] but found [false]
11:48:46.647 Stacktrace: 
org.testng.Assert.fail(Assert.java:94)
org.testng.Assert.failNotEquals(Assert.java:494)
org.testng.Assert.assertTrue(Assert.java:42)
org.testng.Assert.assertTrue(Assert.java:52)
pages.GridlasticRegistrationPage.validateRegistrationResult(GridlasticRegistrationPage.java:63)
stepImpl.GridlasticRegistrationScenario.validationOfRegistration(GridlasticRegistrationScenario.java:42)
sun.reflect.NativeMethodAccessorImpl.invoke0(Native Method)
sun.reflect.NativeMethodAccessorImpl.invoke(NativeMethodAccessorImpl.java:62)
sun.reflect.DelegatingMethodAccessorImpl.invoke(DelegatingMethodAccessorImpl.java:43)
java.lang.reflect.Method.invoke(Method.java:498)
com.thoughtworks.gauge.execution.MethodExecutor.execute(MethodExecutor.java:38)
com.thoughtworks.gauge.execution.StepExecutionStage.executeStepMethod(StepExecutionStage.java:74)
com.thoughtworks.gauge.execution.StepExecutionStage.executeStep(StepExecutionStage.java:67)
com.thoughtworks.gauge.execution.StepExecutionStage.execute(StepExecutionStage.java:49)
com.thoughtworks.gauge.execution.AbstractExecutionStage.executeNext(AbstractExecutionStage.java:24)
com.thoughtworks.gauge.execution.HookExecutionStage.execute(HookExecutionStage.java:43)
com.thoughtworks.gauge.execution.ExecutionPipeline.start(ExecutionPipeline.java:29)
com.thoughtworks.gauge.processor.ExecuteStepProcessor.process(ExecuteStepProcessor.java:39)
com.thoughtworks.gauge.connection.MessageDispatcher.dispatchMessages(MessageDispatcher.java:89)
com.thoughtworks.gauge.GaugeRuntime.dispatchMessages(GaugeRuntime.java:104)
com.thoughtworks.gauge.GaugeRuntime.access$100(GaugeRuntime.java:36)
com.thoughtworks.gauge.GaugeRuntime$2.run(GaugeRuntime.java:85)
java.lang.Thread.run(Thread.java:745)
11:48:46.648 
     |First_Name|Last_Name|Comapany|Work_Email                 |Username      |Password |
     |----------|---------|--------|---------------------------|--------------|---------|
     |Eranga    |Heshan   |eyeSoft |eranga.heshan20@eyesoft.com|erangaheshan20|Eranga@93|
11:48:46.648 ## Gridlastic Registration Testing Scenario
11:48:46.648 * Navigate to Gridlastic Registration Page
11:48:48.715 * Validate the Gridlastic Registration Page title
11:48:48.941 * Validate the registraion to Gridlastic using First Name as <First_Name>, Last Name as <Last_Name>, Comapany as <Comapany>, Work Email as <Work_Email>, Username as <Username> and Password as <Password> in the following table
11:49:01.648 * Validate that the registration result is success

11:49:17.699 
Failed Step: Validate that the registration result is success
11:49:17.699 Specification: specs\Register into Gridlastic using a data driven table.spec:21
11:49:17.699 Error Message: java.lang.AssertionError: expected [true] but found [false]
11:49:17.699 Stacktrace: 
org.testng.Assert.fail(Assert.java:94)
org.testng.Assert.failNotEquals(Assert.java:494)
org.testng.Assert.assertTrue(Assert.java:42)
org.testng.Assert.assertTrue(Assert.java:52)
pages.GridlasticRegistrationPage.validateRegistrationResult(GridlasticRegistrationPage.java:63)
stepImpl.GridlasticRegistrationScenario.validationOfRegistration(GridlasticRegistrationScenario.java:42)
sun.reflect.NativeMethodAccessorImpl.invoke0(Native Method)
sun.reflect.NativeMethodAccessorImpl.invoke(NativeMethodAccessorImpl.java:62)
sun.reflect.DelegatingMethodAccessorImpl.invoke(DelegatingMethodAccessorImpl.java:43)
java.lang.reflect.Method.invoke(Method.java:498)
com.thoughtworks.gauge.execution.MethodExecutor.execute(MethodExecutor.java:38)
com.thoughtworks.gauge.execution.StepExecutionStage.executeStepMethod(StepExecutionStage.java:74)
com.thoughtworks.gauge.execution.StepExecutionStage.executeStep(StepExecutionStage.java:67)
com.thoughtworks.gauge.execution.StepExecutionStage.execute(StepExecutionStage.java:49)
com.thoughtworks.gauge.execution.AbstractExecutionStage.executeNext(AbstractExecutionStage.java:24)
com.thoughtworks.gauge.execution.HookExecutionStage.execute(HookExecutionStage.java:43)
com.thoughtworks.gauge.execution.ExecutionPipeline.start(ExecutionPipeline.java:29)
com.thoughtworks.gauge.processor.ExecuteStepProcessor.process(ExecuteStepProcessor.java:39)
com.thoughtworks.gauge.connection.MessageDispatcher.dispatchMessages(MessageDispatcher.java:89)
com.thoughtworks.gauge.GaugeRuntime.dispatchMessages(GaugeRuntime.java:104)
com.thoughtworks.gauge.GaugeRuntime.access$100(GaugeRuntime.java:36)
com.thoughtworks.gauge.GaugeRuntime$2.run(GaugeRuntime.java:85)
java.lang.Thread.run(Thread.java:745)
11:49:17.710 # Register into Gridlastic using a data driven CSV Test Specification
11:49:17.714 
     |First_Name|Last_Name|Comapany|Work_Email                 |Username      |Password |
     |----------|---------|--------|---------------------------|--------------|---------|
     |Osanda    |Deshan   |MaxSoft |osanda.deshan90@maxsoft.com|osandadeshan90|Osanda@92|
11:49:17.714 ## Gridlastic Registration Testing Scenario
11:49:17.715 * Navigate to Gridlastic Registration Page
11:49:19.593 * Validate the Gridlastic Registration Page title
11:49:19.835 * Validate the registraion to Gridlastic using First Name as <First_Name>, Last Name as <Last_Name>, Comapany as <Comapany>, Work Email as <Work_Email>, Username as <Username> and Password as <Password> in the following table
11:49:31.558 * Validate that the registration result is success

11:49:47.711 
Failed Step: Validate that the registration result is success
11:49:47.711 Specification: specs\Register into Gridlastic using a data driven CSV.spec:17
11:49:47.711 Error Message: java.lang.AssertionError: expected [true] but found [false]
11:49:47.711 Stacktrace: 
org.testng.Assert.fail(Assert.java:94)
org.testng.Assert.failNotEquals(Assert.java:494)
org.testng.Assert.assertTrue(Assert.java:42)
org.testng.Assert.assertTrue(Assert.java:52)
pages.GridlasticRegistrationPage.validateRegistrationResult(GridlasticRegistrationPage.java:63)
stepImpl.GridlasticRegistrationScenario.validationOfRegistration(GridlasticRegistrationScenario.java:42)
sun.reflect.NativeMethodAccessorImpl.invoke0(Native Method)
sun.reflect.NativeMethodAccessorImpl.invoke(NativeMethodAccessorImpl.java:62)
sun.reflect.DelegatingMethodAccessorImpl.invoke(DelegatingMethodAccessorImpl.java:43)
java.lang.reflect.Method.invoke(Method.java:498)
com.thoughtworks.gauge.execution.MethodExecutor.execute(MethodExecutor.java:38)
com.thoughtworks.gauge.execution.StepExecutionStage.executeStepMethod(StepExecutionStage.java:74)
com.thoughtworks.gauge.execution.StepExecutionStage.executeStep(StepExecutionStage.java:67)
com.thoughtworks.gauge.execution.StepExecutionStage.execute(StepExecutionStage.java:49)
com.thoughtworks.gauge.execution.AbstractExecutionStage.executeNext(AbstractExecutionStage.java:24)
com.thoughtworks.gauge.execution.HookExecutionStage.execute(HookExecutionStage.java:43)
com.thoughtworks.gauge.execution.ExecutionPipeline.start(ExecutionPipeline.java:29)
com.thoughtworks.gauge.processor.ExecuteStepProcessor.process(ExecuteStepProcessor.java:39)
com.thoughtworks.gauge.connection.MessageDispatcher.dispatchMessages(MessageDispatcher.java:89)
com.thoughtworks.gauge.GaugeRuntime.dispatchMessages(GaugeRuntime.java:104)
com.thoughtworks.gauge.GaugeRuntime.access$100(GaugeRuntime.java:36)
com.thoughtworks.gauge.GaugeRuntime$2.run(GaugeRuntime.java:85)
java.lang.Thread.run(Thread.java:745)
11:49:47.712 
     |First_Name|Last_Name    |Comapany |Work_Email                  |Username  |Password |
     |----------|-------------|---------|----------------------------|----------|---------|
     |Gemunu    |Priyadarshana|Gemunu.lk|gpriyadarshana89@eyesoft.com|gemunulk89|Gemunu@89|
11:49:47.712 ## Gridlastic Registration Testing Scenario
11:49:47.712 * Navigate to Gridlastic Registration Page
11:49:49.637 * Validate the Gridlastic Registration Page title
11:49:49.859 * Validate the registraion to Gridlastic using First Name as <First_Name>, Last Name as <Last_Name>, Comapany as <Comapany>, Work Email as <Work_Email>, Username as <Username> and Password as <Password> in the following table
11:50:00.228 * Validate that the registration result is success

11:50:15.893 
Failed Step: Validate that the registration result is success
11:50:15.893 Specification: specs\Register into Gridlastic using a data driven CSV.spec:17
11:50:15.893 Error Message: java.lang.AssertionError: expected [true] but found [false]
11:50:15.893 Stacktrace: 
org.testng.Assert.fail(Assert.java:94)
org.testng.Assert.failNotEquals(Assert.java:494)
org.testng.Assert.assertTrue(Assert.java:42)
org.testng.Assert.assertTrue(Assert.java:52)
pages.GridlasticRegistrationPage.validateRegistrationResult(GridlasticRegistrationPage.java:63)
stepImpl.GridlasticRegistrationScenario.validationOfRegistration(GridlasticRegistrationScenario.java:42)
sun.reflect.NativeMethodAccessorImpl.invoke0(Native Method)
sun.reflect.NativeMethodAccessorImpl.invoke(NativeMethodAccessorImpl.java:62)
sun.reflect.DelegatingMethodAccessorImpl.invoke(DelegatingMethodAccessorImpl.java:43)
java.lang.reflect.Method.invoke(Method.java:498)
com.thoughtworks.gauge.execution.MethodExecutor.execute(MethodExecutor.java:38)
com.thoughtworks.gauge.execution.StepExecutionStage.executeStepMethod(StepExecutionStage.java:74)
com.thoughtworks.gauge.execution.StepExecutionStage.executeStep(StepExecutionStage.java:67)
com.thoughtworks.gauge.execution.StepExecutionStage.execute(StepExecutionStage.java:49)
com.thoughtworks.gauge.execution.AbstractExecutionStage.executeNext(AbstractExecutionStage.java:24)
com.thoughtworks.gauge.execution.HookExecutionStage.execute(HookExecutionStage.java:43)
com.thoughtworks.gauge.execution.ExecutionPipeline.start(ExecutionPipeline.java:29)
com.thoughtworks.gauge.processor.ExecuteStepProcessor.process(ExecuteStepProcessor.java:39)
com.thoughtworks.gauge.connection.MessageDispatcher.dispatchMessages(MessageDispatcher.java:89)
com.thoughtworks.gauge.GaugeRuntime.dispatchMessages(GaugeRuntime.java:104)
com.thoughtworks.gauge.GaugeRuntime.access$100(GaugeRuntime.java:36)
com.thoughtworks.gauge.GaugeRuntime$2.run(GaugeRuntime.java:85)
java.lang.Thread.run(Thread.java:745)
11:50:15.894 
     |First_Name|Last_Name|Comapany|Work_Email                 |Username      |Password |
     |----------|---------|--------|---------------------------|--------------|---------|
     |Eranga    |Heshan   |eyeSoft |eranga.heshan21@eyesoft.com|erangaheshan21|Eranga@93|
11:50:15.894 ## Gridlastic Registration Testing Scenario
11:50:15.894 * Navigate to Gridlastic Registration Page
11:50:17.706 * Validate the Gridlastic Registration Page title
11:50:18.013 * Validate the registraion to Gridlastic using First Name as <First_Name>, Last Name as <Last_Name>, Comapany as <Comapany>, Work Email as <Work_Email>, Username as <Username> and Password as <Password> in the following table
11:50:30.268 * Validate that the registration result is success

11:50:46.154 
Failed Step: Validate that the registration result is success
11:50:46.154 Specification: specs\Register into Gridlastic using a data driven CSV.spec:17
11:50:46.154 Error Message: java.lang.AssertionError: expected [true] but found [false]
11:50:46.154 Stacktrace: 
org.testng.Assert.fail(Assert.java:94)
org.testng.Assert.failNotEquals(Assert.java:494)
org.testng.Assert.assertTrue(Assert.java:42)
org.testng.Assert.assertTrue(Assert.java:52)
pages.GridlasticRegistrationPage.validateRegistrationResult(GridlasticRegistrationPage.java:63)
stepImpl.GridlasticRegistrationScenario.validationOfRegistration(GridlasticRegistrationScenario.java:42)
sun.reflect.NativeMethodAccessorImpl.invoke0(Native Method)
sun.reflect.NativeMethodAccessorImpl.invoke(NativeMethodAccessorImpl.java:62)
sun.reflect.DelegatingMethodAccessorImpl.invoke(DelegatingMethodAccessorImpl.java:43)
java.lang.reflect.Method.invoke(Method.java:498)
com.thoughtworks.gauge.execution.MethodExecutor.execute(MethodExecutor.java:38)
com.thoughtworks.gauge.execution.StepExecutionStage.executeStepMethod(StepExecutionStage.java:74)
com.thoughtworks.gauge.execution.StepExecutionStage.executeStep(StepExecutionStage.java:67)
com.thoughtworks.gauge.execution.StepExecutionStage.execute(StepExecutionStage.java:49)
com.thoughtworks.gauge.execution.AbstractExecutionStage.executeNext(AbstractExecutionStage.java:24)
com.thoughtworks.gauge.execution.HookExecutionStage.execute(HookExecutionStage.java:43)
com.thoughtworks.gauge.execution.ExecutionPipeline.start(ExecutionPipeline.java:29)
com.thoughtworks.gauge.processor.ExecuteStepProcessor.process(ExecuteStepProcessor.java:39)
com.thoughtworks.gauge.connection.MessageDispatcher.dispatchMessages(MessageDispatcher.java:89)
com.thoughtworks.gauge.GaugeRuntime.dispatchMessages(GaugeRuntime.java:104)
com.thoughtworks.gauge.GaugeRuntime.access$100(GaugeRuntime.java:36)
com.thoughtworks.gauge.GaugeRuntime$2.run(GaugeRuntime.java:85)
java.lang.Thread.run(Thread.java:745)
11:50:48.017 Plugin [Html Report] with pid [1952] has exited
11:50:48.220 Specifications:	2 executed	0 passed	2 failed	0 skipped
11:50:48.220 Scenarios:	2 executed	0 passed	2 failed	0 skipped
11:50:48.220 
Total time taken: 3m54.907s
11:51:24.306 Checking updates...
11:52:14.126 # Register into Gridlastic using a data driven table Test Specification
11:52:14.128 
     |First_Name|Last_Name|Comapany|Work_Email                 |Username      |Password |
     |----------|---------|--------|---------------------------|--------------|---------|
     |Osanda    |Deshan   |MaxSoft |osanda.deshan16@maxsoft.com|osandadeshan16|Osanda@92|
11:52:14.128 ## Gridlastic Registration Testing Scenario
11:52:14.131 * Navigate to Gridlastic Registration Page
11:52:19.861 * Validate the Gridlastic Registration Page title
11:52:20.064 * Validate the registraion to Gridlastic using First Name as <First_Name>, Last Name as <Last_Name>, Comapany as <Comapany>, Work Email as <Work_Email>, Username as <Username> and Password as <Password> in the following table
11:52:32.757 * Validate that the registration result is success

11:52:48.580 
Failed Step: Validate that the registration result is success
11:52:48.580 Specification: specs\Register into Gridlastic using a data driven table.spec:21
11:52:48.580 Error Message: java.lang.AssertionError: expected [true] but found [false]
11:52:48.580 Stacktrace: 
org.testng.Assert.fail(Assert.java:94)
org.testng.Assert.failNotEquals(Assert.java:494)
org.testng.Assert.assertTrue(Assert.java:42)
org.testng.Assert.assertTrue(Assert.java:52)
pages.GridlasticRegistrationPage.validateRegistrationResult(GridlasticRegistrationPage.java:63)
stepImpl.GridlasticRegistrationScenario.validationOfRegistration(GridlasticRegistrationScenario.java:42)
sun.reflect.NativeMethodAccessorImpl.invoke0(Native Method)
sun.reflect.NativeMethodAccessorImpl.invoke(NativeMethodAccessorImpl.java:62)
sun.reflect.DelegatingMethodAccessorImpl.invoke(DelegatingMethodAccessorImpl.java:43)
java.lang.reflect.Method.invoke(Method.java:498)
com.thoughtworks.gauge.execution.MethodExecutor.execute(MethodExecutor.java:38)
com.thoughtworks.gauge.execution.StepExecutionStage.executeStepMethod(StepExecutionStage.java:74)
com.thoughtworks.gauge.execution.StepExecutionStage.executeStep(StepExecutionStage.java:67)
com.thoughtworks.gauge.execution.StepExecutionStage.execute(StepExecutionStage.java:49)
com.thoughtworks.gauge.execution.AbstractExecutionStage.executeNext(AbstractExecutionStage.java:24)
com.thoughtworks.gauge.execution.HookExecutionStage.execute(HookExecutionStage.java:43)
com.thoughtworks.gauge.execution.ExecutionPipeline.start(ExecutionPipeline.java:29)
com.thoughtworks.gauge.processor.ExecuteStepProcessor.process(ExecuteStepProcessor.java:39)
com.thoughtworks.gauge.connection.MessageDispatcher.dispatchMessages(MessageDispatcher.java:89)
com.thoughtworks.gauge.GaugeRuntime.dispatchMessages(GaugeRuntime.java:104)
com.thoughtworks.gauge.GaugeRuntime.access$100(GaugeRuntime.java:36)
com.thoughtworks.gauge.GaugeRuntime$2.run(GaugeRuntime.java:85)
java.lang.Thread.run(Thread.java:745)
11:52:48.584 
     |First_Name|Last_Name    |Comapany |Work_Email                   |Username  |Password |
     |----------|-------------|---------|-----------------------------|----------|---------|
     |Gemunu    |Priyadarshana|Gemunu.lk|gpriyadarshana21@gemunulk.com|gemunulk21|Gemunu@89|
11:52:48.584 ## Gridlastic Registration Testing Scenario
11:52:48.584 * Navigate to Gridlastic Registration Page
11:52:50.579 * Validate the Gridlastic Registration Page title
11:52:50.900 * Validate the registraion to Gridlastic using First Name as <First_Name>, Last Name as <Last_Name>, Comapany as <Comapany>, Work Email as <Work_Email>, Username as <Username> and Password as <Password> in the following table
11:53:06.143 * Validate that the registration result is success

11:53:21.809 
Failed Step: Validate that the registration result is success
11:53:21.809 Specification: specs\Register into Gridlastic using a data driven table.spec:21
11:53:21.809 Error Message: java.lang.AssertionError: expected [true] but found [false]
11:53:21.809 Stacktrace: 
org.testng.Assert.fail(Assert.java:94)
org.testng.Assert.failNotEquals(Assert.java:494)
org.testng.Assert.assertTrue(Assert.java:42)
org.testng.Assert.assertTrue(Assert.java:52)
pages.GridlasticRegistrationPage.validateRegistrationResult(GridlasticRegistrationPage.java:63)
stepImpl.GridlasticRegistrationScenario.validationOfRegistration(GridlasticRegistrationScenario.java:42)
sun.reflect.NativeMethodAccessorImpl.invoke0(Native Method)
sun.reflect.NativeMethodAccessorImpl.invoke(NativeMethodAccessorImpl.java:62)
sun.reflect.DelegatingMethodAccessorImpl.invoke(DelegatingMethodAccessorImpl.java:43)
java.lang.reflect.Method.invoke(Method.java:498)
com.thoughtworks.gauge.execution.MethodExecutor.execute(MethodExecutor.java:38)
com.thoughtworks.gauge.execution.StepExecutionStage.executeStepMethod(StepExecutionStage.java:74)
com.thoughtworks.gauge.execution.StepExecutionStage.executeStep(StepExecutionStage.java:67)
com.thoughtworks.gauge.execution.StepExecutionStage.execute(StepExecutionStage.java:49)
com.thoughtworks.gauge.execution.AbstractExecutionStage.executeNext(AbstractExecutionStage.java:24)
com.thoughtworks.gauge.execution.HookExecutionStage.execute(HookExecutionStage.java:43)
com.thoughtworks.gauge.execution.ExecutionPipeline.start(ExecutionPipeline.java:29)
com.thoughtworks.gauge.processor.ExecuteStepProcessor.process(ExecuteStepProcessor.java:39)
com.thoughtworks.gauge.connection.MessageDispatcher.dispatchMessages(MessageDispatcher.java:89)
com.thoughtworks.gauge.GaugeRuntime.dispatchMessages(GaugeRuntime.java:104)
com.thoughtworks.gauge.GaugeRuntime.access$100(GaugeRuntime.java:36)
com.thoughtworks.gauge.GaugeRuntime$2.run(GaugeRuntime.java:85)
java.lang.Thread.run(Thread.java:745)
11:53:21.810 
     |First_Name|Last_Name|Comapany|Work_Email                 |Username      |Password |
     |----------|---------|--------|---------------------------|--------------|---------|
     |Eranga    |Heshan   |eyeSoft |eranga.heshan20@eyesoft.com|erangaheshan20|Eranga@93|
11:53:21.810 ## Gridlastic Registration Testing Scenario
11:53:21.813 * Navigate to Gridlastic Registration Page
11:53:23.761 * Validate the Gridlastic Registration Page title
11:53:23.911 * Validate the registraion to Gridlastic using First Name as <First_Name>, Last Name as <Last_Name>, Comapany as <Comapany>, Work Email as <Work_Email>, Username as <Username> and Password as <Password> in the following table
11:53:35.876 * Validate that the registration result is success

11:53:51.631 
Failed Step: Validate that the registration result is success
11:53:51.631 Specification: specs\Register into Gridlastic using a data driven table.spec:21
11:53:51.631 Error Message: java.lang.AssertionError: expected [true] but found [false]
11:53:51.631 Stacktrace: 
org.testng.Assert.fail(Assert.java:94)
org.testng.Assert.failNotEquals(Assert.java:494)
org.testng.Assert.assertTrue(Assert.java:42)
org.testng.Assert.assertTrue(Assert.java:52)
pages.GridlasticRegistrationPage.validateRegistrationResult(GridlasticRegistrationPage.java:63)
stepImpl.GridlasticRegistrationScenario.validationOfRegistration(GridlasticRegistrationScenario.java:42)
sun.reflect.NativeMethodAccessorImpl.invoke0(Native Method)
sun.reflect.NativeMethodAccessorImpl.invoke(NativeMethodAccessorImpl.java:62)
sun.reflect.DelegatingMethodAccessorImpl.invoke(DelegatingMethodAccessorImpl.java:43)
java.lang.reflect.Method.invoke(Method.java:498)
com.thoughtworks.gauge.execution.MethodExecutor.execute(MethodExecutor.java:38)
com.thoughtworks.gauge.execution.StepExecutionStage.executeStepMethod(StepExecutionStage.java:74)
com.thoughtworks.gauge.execution.StepExecutionStage.executeStep(StepExecutionStage.java:67)
com.thoughtworks.gauge.execution.StepExecutionStage.execute(StepExecutionStage.java:49)
com.thoughtworks.gauge.execution.AbstractExecutionStage.executeNext(AbstractExecutionStage.java:24)
com.thoughtworks.gauge.execution.HookExecutionStage.execute(HookExecutionStage.java:43)
com.thoughtworks.gauge.execution.ExecutionPipeline.start(ExecutionPipeline.java:29)
com.thoughtworks.gauge.processor.ExecuteStepProcessor.process(ExecuteStepProcessor.java:39)
com.thoughtworks.gauge.connection.MessageDispatcher.dispatchMessages(MessageDispatcher.java:89)
com.thoughtworks.gauge.GaugeRuntime.dispatchMessages(GaugeRuntime.java:104)
com.thoughtworks.gauge.GaugeRuntime.access$100(GaugeRuntime.java:36)
com.thoughtworks.gauge.GaugeRuntime$2.run(GaugeRuntime.java:85)
java.lang.Thread.run(Thread.java:745)
11:53:51.634 # Register into Gridlastic using a data driven CSV Test Specification
11:53:51.635 
     |First_Name|Last_Name|Comapany|Work_Email                 |Username      |Password |
     |----------|---------|--------|---------------------------|--------------|---------|
     |Osanda    |Deshan   |MaxSoft |osanda.deshan91@eyesoft.com|osandadeshan91|Osanda@92|
11:53:51.635 ## Gridlastic Registration Testing Scenario
11:53:51.643 * Navigate to Gridlastic Registration Page
11:53:53.457 * Validate the Gridlastic Registration Page title
11:53:53.773 * Validate the registraion to Gridlastic using First Name as <First_Name>, Last Name as <Last_Name>, Comapany as <Comapany>, Work Email as <Work_Email>, Username as <Username> and Password as <Password> in the following table
11:54:14.182 * Validate that the registration result is success

11:54:16.492 
     |First_Name|Last_Name    |Comapany |Work_Email                  |Username  |Password |
     |----------|-------------|---------|----------------------------|----------|---------|
     |Gemunu    |Priyadarshana|Gemunu.lk|gpriyadarshana88@eyesoft.com|gemunulk88|Gemunu@89|
11:54:16.492 ## Gridlastic Registration Testing Scenario
11:54:16.494 * Navigate to Gridlastic Registration Page
11:54:18.405 * Validate the Gridlastic Registration Page title
11:54:18.543 * Validate the registraion to Gridlastic using First Name as <First_Name>, Last Name as <Last_Name>, Comapany as <Comapany>, Work Email as <Work_Email>, Username as <Username> and Password as <Password> in the following table
11:54:33.632 * Validate that the registration result is success

11:54:33.985 
     |First_Name|Last_Name|Comapany|Work_Email                 |Username      |Password |
     |----------|---------|--------|---------------------------|--------------|---------|
     |Eranga    |Heshan   |eyeSoft |eranga.heshan22@eyesoft.com|erangaheshan22|Eranga@93|
11:54:33.985 ## Gridlastic Registration Testing Scenario
11:54:33.985 * Navigate to Gridlastic Registration Page
11:54:34.960 * Validate the Gridlastic Registration Page title
11:54:35.266 * Validate the registraion to Gridlastic using First Name as <First_Name>, Last Name as <Last_Name>, Comapany as <Comapany>, Work Email as <Work_Email>, Username as <Username> and Password as <Password> in the following table
11:54:47.951 * Validate that the registration result is success

11:55:04.050 
Failed Step: Validate that the registration result is success
11:55:04.050 Specification: specs\Register into Gridlastic using a data driven CSV.spec:17
11:55:04.050 Error Message: java.lang.AssertionError: expected [true] but found [false]
11:55:04.050 Stacktrace: 
org.testng.Assert.fail(Assert.java:94)
org.testng.Assert.failNotEquals(Assert.java:494)
org.testng.Assert.assertTrue(Assert.java:42)
org.testng.Assert.assertTrue(Assert.java:52)
pages.GridlasticRegistrationPage.validateRegistrationResult(GridlasticRegistrationPage.java:63)
stepImpl.GridlasticRegistrationScenario.validationOfRegistration(GridlasticRegistrationScenario.java:42)
sun.reflect.NativeMethodAccessorImpl.invoke0(Native Method)
sun.reflect.NativeMethodAccessorImpl.invoke(NativeMethodAccessorImpl.java:62)
sun.reflect.DelegatingMethodAccessorImpl.invoke(DelegatingMethodAccessorImpl.java:43)
java.lang.reflect.Method.invoke(Method.java:498)
com.thoughtworks.gauge.execution.MethodExecutor.execute(MethodExecutor.java:38)
com.thoughtworks.gauge.execution.StepExecutionStage.executeStepMethod(StepExecutionStage.java:74)
com.thoughtworks.gauge.execution.StepExecutionStage.executeStep(StepExecutionStage.java:67)
com.thoughtworks.gauge.execution.StepExecutionStage.execute(StepExecutionStage.java:49)
com.thoughtworks.gauge.execution.AbstractExecutionStage.executeNext(AbstractExecutionStage.java:24)
com.thoughtworks.gauge.execution.HookExecutionStage.execute(HookExecutionStage.java:43)
com.thoughtworks.gauge.execution.ExecutionPipeline.start(ExecutionPipeline.java:29)
com.thoughtworks.gauge.processor.ExecuteStepProcessor.process(ExecuteStepProcessor.java:39)
com.thoughtworks.gauge.connection.MessageDispatcher.dispatchMessages(MessageDispatcher.java:89)
com.thoughtworks.gauge.GaugeRuntime.dispatchMessages(GaugeRuntime.java:104)
com.thoughtworks.gauge.GaugeRuntime.access$100(GaugeRuntime.java:36)
com.thoughtworks.gauge.GaugeRuntime$2.run(GaugeRuntime.java:85)
java.lang.Thread.run(Thread.java:745)
11:55:05.943 Plugin [Html Report] with pid [13200] has exited
11:55:06.146 Specifications:	2 executed	0 passed	2 failed	0 skipped
11:55:06.146 Scenarios:	2 executed	0 passed	2 failed	0 skipped
11:55:06.146 
Total time taken: 3m36.565s
